[2021-05-30 14:45:42] local.ERROR: syntax error, unexpected end of file {"exception":"[object] (Symfony\\Component\\Debug\\Exception\\FatalThrowableError(code: 0): syntax error, unexpected end of file at /home/hoangnguyen/php/booking-ticket-api/routes/api.php:61)
[stacktrace]
#0 /home/hoangnguyen/php/booking-ticket-api/vendor/laravel/framework/src/Illuminate/Routing/Router.php(416): Illuminate\\Routing\\RouteFileRegistrar->register()
#1 /home/hoangnguyen/php/booking-ticket-api/vendor/laravel/framework/src/Illuminate/Routing/Router.php(374): Illuminate\\Routing\\Router->loadRoutes()
#2 /home/hoangnguyen/php/booking-ticket-api/vendor/laravel/framework/src/Illuminate/Routing/RouteRegistrar.php(122): Illuminate\\Routing\\Router->group()
#3 /home/hoangnguyen/php/booking-ticket-api/app/Providers/RouteServiceProvider.php(71): Illuminate\\Routing\\RouteRegistrar->group()
#4 /home/hoangnguyen/php/booking-ticket-api/app/Providers/RouteServiceProvider.php(38): App\\Providers\\RouteServiceProvider->mapApiRoutes()
#5 /home/hoangnguyen/php/booking-ticket-api/vendor/laravel/framework/src/Illuminate/Container/BoundMethod.php(36): App\\Providers\\RouteServiceProvider->map()
#6 /home/hoangnguyen/php/booking-ticket-api/vendor/laravel/framework/src/Illuminate/Container/Util.php(37): Illuminate\\Container\\BoundMethod::Illuminate\\Container\\{closure}()
#7 /home/hoangnguyen/php/booking-ticket-api/vendor/laravel/framework/src/Illuminate/Container/BoundMethod.php(93): Illuminate\\Container\\Util::unwrapIfClosure()
#8 /home/hoangnguyen/php/booking-ticket-api/vendor/laravel/framework/src/Illuminate/Container/BoundMethod.php(37): Illuminate\\Container\\BoundMethod::callBoundMethod()
#9 /home/hoangnguyen/php/booking-ticket-api/vendor/laravel/framework/src/Illuminate/Container/Container.php(590): Illuminate\\Container\\BoundMethod::call()
#10 /home/hoangnguyen/php/booking-ticket-api/vendor/laravel/framework/src/Illuminate/Foundation/Support/Providers/RouteServiceProvider.php(87): Illuminate\\Container\\Container->call()
#11 /home/hoangnguyen/php/booking-ticket-api/vendor/laravel/framework/src/Illuminate/Foundation/Support/Providers/RouteServiceProvider.php(36): Illuminate\\Foundation\\Support\\Providers\\RouteServiceProvider->loadRoutes()
#12 /home/hoangnguyen/php/booking-ticket-api/app/Providers/RouteServiceProvider.php(28): Illuminate\\Foundation\\Support\\Providers\\RouteServiceProvider->boot()
#13 /home/hoangnguyen/php/booking-ticket-api/vendor/laravel/framework/src/Illuminate/Container/BoundMethod.php(36): App\\Providers\\RouteServiceProvider->boot()
#14 /home/hoangnguyen/php/booking-ticket-api/vendor/laravel/framework/src/Illuminate/Container/Util.php(37): Illuminate\\Container\\BoundMethod::Illuminate\\Container\\{closure}()
#15 /home/hoangnguyen/php/booking-ticket-api/vendor/laravel/framework/src/Illuminate/Container/BoundMethod.php(93): Illuminate\\Container\\Util::unwrapIfClosure()
#16 /home/hoangnguyen/php/booking-ticket-api/vendor/laravel/framework/src/Illuminate/Container/BoundMethod.php(37): Illuminate\\Container\\BoundMethod::callBoundMethod()
#17 /home/hoangnguyen/php/booking-ticket-api/vendor/laravel/framework/src/Illuminate/Container/Container.php(590): Illuminate\\Container\\BoundMethod::call()
#18 /home/hoangnguyen/php/booking-ticket-api/vendor/laravel/framework/src/Illuminate/Foundation/Application.php(856): Illuminate\\Container\\Container->call()
#19 /home/hoangnguyen/php/booking-ticket-api/vendor/laravel/framework/src/Illuminate/Foundation/Application.php(839): Illuminate\\Foundation\\Application->bootProvider()
#20 [internal function]: Illuminate\\Foundation\\Application->Illuminate\\Foundation\\{closure}()
#21 /home/hoangnguyen/php/booking-ticket-api/vendor/laravel/framework/src/Illuminate/Foundation/Application.php(840): array_walk()
#22 /home/hoangnguyen/php/booking-ticket-api/vendor/laravel/framework/src/Illuminate/Foundation/Bootstrap/BootProviders.php(17): Illuminate\\Foundation\\Application->boot()
#23 /home/hoangnguyen/php/booking-ticket-api/vendor/laravel/framework/src/Illuminate/Foundation/Application.php(219): Illuminate\\Foundation\\Bootstrap\\BootProviders->bootstrap()
#24 /home/hoangnguyen/php/booking-ticket-api/vendor/laravel/framework/src/Illuminate/Foundation/Console/Kernel.php(320): Illuminate\\Foundation\\Application->bootstrapWith()
#25 /home/hoangnguyen/php/booking-ticket-api/vendor/laravel/framework/src/Illuminate/Foundation/Console/Kernel.php(129): Illuminate\\Foundation\\Console\\Kernel->bootstrap()
#26 /home/hoangnguyen/php/booking-ticket-api/artisan(37): Illuminate\\Foundation\\Console\\Kernel->handle()
#27 {main}
"} 
[2021-05-30 15:31:13] local.ERROR: Could not create token: Using integers for registered date claims is deprecated, please use DateTimeImmutable objects instead. {"exception":"[object] (Tymon\\JWTAuth\\Exceptions\\JWTException(code: 0): Could not create token: Using integers for registered date claims is deprecated, please use DateTimeImmutable objects instead. at /home/hoangnguyen/php/booking-ticket-api/vendor/tymon/jwt-auth/src/Providers/JWT/Lcobucci.php:113)
[stacktrace]
#0 /home/hoangnguyen/php/booking-ticket-api/vendor/tymon/jwt-auth/src/Manager.php(84): Tymon\\JWTAuth\\Providers\\JWT\\Lcobucci->encode()
#1 /home/hoangnguyen/php/booking-ticket-api/vendor/tymon/jwt-auth/src/JWT.php(78): Tymon\\JWTAuth\\Manager->encode()
#2 /home/hoangnguyen/php/booking-ticket-api/vendor/tymon/jwt-auth/src/JWT.php(90): Tymon\\JWTAuth\\JWT->fromSubject()
#3 /home/hoangnguyen/php/booking-ticket-api/vendor/laravel/framework/src/Illuminate/Support/Facades/Facade.php(261): Tymon\\JWTAuth\\JWT->fromUser()
#4 /home/hoangnguyen/php/booking-ticket-api/app/Http/Controllers/Auth/RegisterController.php(31): Illuminate\\Support\\Facades\\Facade::__callStatic()
#5 /home/hoangnguyen/php/booking-ticket-api/vendor/laravel/framework/src/Illuminate/Routing/Controller.php(54): App\\Http\\Controllers\\Auth\\RegisterController->register()
#6 /home/hoangnguyen/php/booking-ticket-api/vendor/laravel/framework/src/Illuminate/Routing/ControllerDispatcher.php(45): Illuminate\\Routing\\Controller->callAction()
#7 /home/hoangnguyen/php/booking-ticket-api/vendor/laravel/framework/src/Illuminate/Routing/Route.php(219): Illuminate\\Routing\\ControllerDispatcher->dispatch()
#8 /home/hoangnguyen/php/booking-ticket-api/vendor/laravel/framework/src/Illuminate/Routing/Route.php(176): Illuminate\\Routing\\Route->runController()
#9 /home/hoangnguyen/php/booking-ticket-api/vendor/laravel/framework/src/Illuminate/Routing/Router.php(681): Illuminate\\Routing\\Route->run()
#10 /home/hoangnguyen/php/booking-ticket-api/vendor/laravel/framework/src/Illuminate/Pipeline/Pipeline.php(130): Illuminate\\Routing\\Router->Illuminate\\Routing\\{closure}()
#11 /home/hoangnguyen/php/booking-ticket-api/vendor/laravel/framework/src/Illuminate/Routing/Middleware/SubstituteBindings.php(41): Illuminate\\Pipeline\\Pipeline->Illuminate\\Pipeline\\{closure}()
#12 /home/hoangnguyen/php/booking-ticket-api/vendor/laravel/framework/src/Illuminate/Pipeline/Pipeline.php(171): Illuminate\\Routing\\Middleware\\SubstituteBindings->handle()
#13 /home/hoangnguyen/php/booking-ticket-api/vendor/laravel/framework/src/Illuminate/Routing/Middleware/ThrottleRequests.php(59): Illuminate\\Pipeline\\Pipeline->Illuminate\\Pipeline\\{closure}()
#14 /home/hoangnguyen/php/booking-ticket-api/vendor/laravel/framework/src/Illuminate/Pipeline/Pipeline.php(171): Illuminate\\Routing\\Middleware\\ThrottleRequests->handle()
#15 /home/hoangnguyen/php/booking-ticket-api/vendor/laravel/framework/src/Illuminate/Pipeline/Pipeline.php(105): Illuminate\\Pipeline\\Pipeline->Illuminate\\Pipeline\\{closure}()
#16 /home/hoangnguyen/php/booking-ticket-api/vendor/laravel/framework/src/Illuminate/Routing/Router.php(683): Illuminate\\Pipeline\\Pipeline->then()
#17 /home/hoangnguyen/php/booking-ticket-api/vendor/laravel/framework/src/Illuminate/Routing/Router.php(658): Illuminate\\Routing\\Router->runRouteWithinStack()
#18 /home/hoangnguyen/php/booking-ticket-api/vendor/laravel/framework/src/Illuminate/Routing/Router.php(624): Illuminate\\Routing\\Router->runRoute()
#19 /home/hoangnguyen/php/booking-ticket-api/vendor/laravel/framework/src/Illuminate/Routing/Router.php(613): Illuminate\\Routing\\Router->dispatchToRoute()
#20 /home/hoangnguyen/php/booking-ticket-api/vendor/laravel/framework/src/Illuminate/Foundation/Http/Kernel.php(170): Illuminate\\Routing\\Router->dispatch()
#21 /home/hoangnguyen/php/booking-ticket-api/vendor/laravel/framework/src/Illuminate/Pipeline/Pipeline.php(130): Illuminate\\Foundation\\Http\\Kernel->Illuminate\\Foundation\\Http\\{closure}()
#22 /home/hoangnguyen/php/booking-ticket-api/vendor/barryvdh/laravel-cors/src/HandleCors.php(36): Illuminate\\Pipeline\\Pipeline->Illuminate\\Pipeline\\{closure}()
#23 /home/hoangnguyen/php/booking-ticket-api/vendor/laravel/framework/src/Illuminate/Pipeline/Pipeline.php(171): Barryvdh\\Cors\\HandleCors->handle()
#24 /home/hoangnguyen/php/booking-ticket-api/vendor/laravel/framework/src/Illuminate/Foundation/Http/Middleware/TransformsRequest.php(21): Illuminate\\Pipeline\\Pipeline->Illuminate\\Pipeline\\{closure}()
#25 /home/hoangnguyen/php/booking-ticket-api/vendor/laravel/framework/src/Illuminate/Pipeline/Pipeline.php(171): Illuminate\\Foundation\\Http\\Middleware\\TransformsRequest->handle()
#26 /home/hoangnguyen/php/booking-ticket-api/vendor/laravel/framework/src/Illuminate/Foundation/Http/Middleware/TransformsRequest.php(21): Illuminate\\Pipeline\\Pipeline->Illuminate\\Pipeline\\{closure}()
#27 /home/hoangnguyen/php/booking-ticket-api/vendor/laravel/framework/src/Illuminate/Pipeline/Pipeline.php(171): Illuminate\\Foundation\\Http\\Middleware\\TransformsRequest->handle()
#28 /home/hoangnguyen/php/booking-ticket-api/vendor/laravel/framework/src/Illuminate/Foundation/Http/Middleware/ValidatePostSize.php(27): Illuminate\\Pipeline\\Pipeline->Illuminate\\Pipeline\\{closure}()
#29 /home/hoangnguyen/php/booking-ticket-api/vendor/laravel/framework/src/Illuminate/Pipeline/Pipeline.php(171): Illuminate\\Foundation\\Http\\Middleware\\ValidatePostSize->handle()
#30 /home/hoangnguyen/php/booking-ticket-api/vendor/laravel/framework/src/Illuminate/Foundation/Http/Middleware/CheckForMaintenanceMode.php(63): Illuminate\\Pipeline\\Pipeline->Illuminate\\Pipeline\\{closure}()
#31 /home/hoangnguyen/php/booking-ticket-api/vendor/laravel/framework/src/Illuminate/Pipeline/Pipeline.php(171): Illuminate\\Foundation\\Http\\Middleware\\CheckForMaintenanceMode->handle()
#32 /home/hoangnguyen/php/booking-ticket-api/vendor/fideloper/proxy/src/TrustProxies.php(57): Illuminate\\Pipeline\\Pipeline->Illuminate\\Pipeline\\{closure}()
#33 /home/hoangnguyen/php/booking-ticket-api/vendor/laravel/framework/src/Illuminate/Pipeline/Pipeline.php(171): Fideloper\\Proxy\\TrustProxies->handle()
#34 /home/hoangnguyen/php/booking-ticket-api/vendor/laravel/framework/src/Illuminate/Pipeline/Pipeline.php(105): Illuminate\\Pipeline\\Pipeline->Illuminate\\Pipeline\\{closure}()
#35 /home/hoangnguyen/php/booking-ticket-api/vendor/laravel/framework/src/Illuminate/Foundation/Http/Kernel.php(145): Illuminate\\Pipeline\\Pipeline->then()
#36 /home/hoangnguyen/php/booking-ticket-api/vendor/laravel/framework/src/Illuminate/Foundation/Http/Kernel.php(110): Illuminate\\Foundation\\Http\\Kernel->sendRequestThroughRouter()
#37 /home/hoangnguyen/php/booking-ticket-api/public/index.php(55): Illuminate\\Foundation\\Http\\Kernel->handle()
#38 /home/hoangnguyen/php/booking-ticket-api/server.php(21): require_once('/home/hoangnguy...')
#39 {main}

[previous exception] [object] (ErrorException(code: 0): Using integers for registered date claims is deprecated, please use DateTimeImmutable objects instead. at /home/hoangnguyen/php/booking-ticket-api/vendor/lcobucci/jwt/src/Builder.php:169)
[stacktrace]
#0 [internal function]: Illuminate\\Foundation\\Bootstrap\\HandleExceptions->handleError()
#1 /home/hoangnguyen/php/booking-ticket-api/vendor/lcobucci/jwt/src/Builder.php(169): trigger_error()
#2 /home/hoangnguyen/php/booking-ticket-api/vendor/lcobucci/jwt/src/Builder.php(232): Lcobucci\\JWT\\Builder->convertToDate()
#3 /home/hoangnguyen/php/booking-ticket-api/vendor/lcobucci/jwt/src/Builder.php(449): Lcobucci\\JWT\\Builder->issuedAt()
#4 /home/hoangnguyen/php/booking-ticket-api/vendor/lcobucci/jwt/src/Builder.php(472): Lcobucci\\JWT\\Builder->forwardCallToCorrectClaimMethod()
#5 /home/hoangnguyen/php/booking-ticket-api/vendor/tymon/jwt-auth/src/Providers/JWT/Lcobucci.php(109): Lcobucci\\JWT\\Builder->set()
#6 /home/hoangnguyen/php/booking-ticket-api/vendor/tymon/jwt-auth/src/Manager.php(84): Tymon\\JWTAuth\\Providers\\JWT\\Lcobucci->encode()
#7 /home/hoangnguyen/php/booking-ticket-api/vendor/tymon/jwt-auth/src/JWT.php(78): Tymon\\JWTAuth\\Manager->encode()
#8 /home/hoangnguyen/php/booking-ticket-api/vendor/tymon/jwt-auth/src/JWT.php(90): Tymon\\JWTAuth\\JWT->fromSubject()
#9 /home/hoangnguyen/php/booking-ticket-api/vendor/laravel/framework/src/Illuminate/Support/Facades/Facade.php(261): Tymon\\JWTAuth\\JWT->fromUser()
#10 /home/hoangnguyen/php/booking-ticket-api/app/Http/Controllers/Auth/RegisterController.php(31): Illuminate\\Support\\Facades\\Facade::__callStatic()
#11 /home/hoangnguyen/php/booking-ticket-api/vendor/laravel/framework/src/Illuminate/Routing/Controller.php(54): App\\Http\\Controllers\\Auth\\RegisterController->register()
#12 /home/hoangnguyen/php/booking-ticket-api/vendor/laravel/framework/src/Illuminate/Routing/ControllerDispatcher.php(45): Illuminate\\Routing\\Controller->callAction()
#13 /home/hoangnguyen/php/booking-ticket-api/vendor/laravel/framework/src/Illuminate/Routing/Route.php(219): Illuminate\\Routing\\ControllerDispatcher->dispatch()
#14 /home/hoangnguyen/php/booking-ticket-api/vendor/laravel/framework/src/Illuminate/Routing/Route.php(176): Illuminate\\Routing\\Route->runController()
#15 /home/hoangnguyen/php/booking-ticket-api/vendor/laravel/framework/src/Illuminate/Routing/Router.php(681): Illuminate\\Routing\\Route->run()
#16 /home/hoangnguyen/php/booking-ticket-api/vendor/laravel/framework/src/Illuminate/Pipeline/Pipeline.php(130): Illuminate\\Routing\\Router->Illuminate\\Routing\\{closure}()
#17 /home/hoangnguyen/php/booking-ticket-api/vendor/laravel/framework/src/Illuminate/Routing/Middleware/SubstituteBindings.php(41): Illuminate\\Pipeline\\Pipeline->Illuminate\\Pipeline\\{closure}()
#18 /home/hoangnguyen/php/booking-ticket-api/vendor/laravel/framework/src/Illuminate/Pipeline/Pipeline.php(171): Illuminate\\Routing\\Middleware\\SubstituteBindings->handle()
#19 /home/hoangnguyen/php/booking-ticket-api/vendor/laravel/framework/src/Illuminate/Routing/Middleware/ThrottleRequests.php(59): Illuminate\\Pipeline\\Pipeline->Illuminate\\Pipeline\\{closure}()
#20 /home/hoangnguyen/php/booking-ticket-api/vendor/laravel/framework/src/Illuminate/Pipeline/Pipeline.php(171): Illuminate\\Routing\\Middleware\\ThrottleRequests->handle()
#21 /home/hoangnguyen/php/booking-ticket-api/vendor/laravel/framework/src/Illuminate/Pipeline/Pipeline.php(105): Illuminate\\Pipeline\\Pipeline->Illuminate\\Pipeline\\{closure}()
#22 /home/hoangnguyen/php/booking-ticket-api/vendor/laravel/framework/src/Illuminate/Routing/Router.php(683): Illuminate\\Pipeline\\Pipeline->then()
#23 /home/hoangnguyen/php/booking-ticket-api/vendor/laravel/framework/src/Illuminate/Routing/Router.php(658): Illuminate\\Routing\\Router->runRouteWithinStack()
#24 /home/hoangnguyen/php/booking-ticket-api/vendor/laravel/framework/src/Illuminate/Routing/Router.php(624): Illuminate\\Routing\\Router->runRoute()
#25 /home/hoangnguyen/php/booking-ticket-api/vendor/laravel/framework/src/Illuminate/Routing/Router.php(613): Illuminate\\Routing\\Router->dispatchToRoute()
#26 /home/hoangnguyen/php/booking-ticket-api/vendor/laravel/framework/src/Illuminate/Foundation/Http/Kernel.php(170): Illuminate\\Routing\\Router->dispatch()
#27 /home/hoangnguyen/php/booking-ticket-api/vendor/laravel/framework/src/Illuminate/Pipeline/Pipeline.php(130): Illuminate\\Foundation\\Http\\Kernel->Illuminate\\Foundation\\Http\\{closure}()
#28 /home/hoangnguyen/php/booking-ticket-api/vendor/barryvdh/laravel-cors/src/HandleCors.php(36): Illuminate\\Pipeline\\Pipeline->Illuminate\\Pipeline\\{closure}()
#29 /home/hoangnguyen/php/booking-ticket-api/vendor/laravel/framework/src/Illuminate/Pipeline/Pipeline.php(171): Barryvdh\\Cors\\HandleCors->handle()
#30 /home/hoangnguyen/php/booking-ticket-api/vendor/laravel/framework/src/Illuminate/Foundation/Http/Middleware/TransformsRequest.php(21): Illuminate\\Pipeline\\Pipeline->Illuminate\\Pipeline\\{closure}()
#31 /home/hoangnguyen/php/booking-ticket-api/vendor/laravel/framework/src/Illuminate/Pipeline/Pipeline.php(171): Illuminate\\Foundation\\Http\\Middleware\\TransformsRequest->handle()
#32 /home/hoangnguyen/php/booking-ticket-api/vendor/laravel/framework/src/Illuminate/Foundation/Http/Middleware/TransformsRequest.php(21): Illuminate\\Pipeline\\Pipeline->Illuminate\\Pipeline\\{closure}()
#33 /home/hoangnguyen/php/booking-ticket-api/vendor/laravel/framework/src/Illuminate/Pipeline/Pipeline.php(171): Illuminate\\Foundation\\Http\\Middleware\\TransformsRequest->handle()
#34 /home/hoangnguyen/php/booking-ticket-api/vendor/laravel/framework/src/Illuminate/Foundation/Http/Middleware/ValidatePostSize.php(27): Illuminate\\Pipeline\\Pipeline->Illuminate\\Pipeline\\{closure}()
#35 /home/hoangnguyen/php/booking-ticket-api/vendor/laravel/framework/src/Illuminate/Pipeline/Pipeline.php(171): Illuminate\\Foundation\\Http\\Middleware\\ValidatePostSize->handle()
#36 /home/hoangnguyen/php/booking-ticket-api/vendor/laravel/framework/src/Illuminate/Foundation/Http/Middleware/CheckForMaintenanceMode.php(63): Illuminate\\Pipeline\\Pipeline->Illuminate\\Pipeline\\{closure}()
#37 /home/hoangnguyen/php/booking-ticket-api/vendor/laravel/framework/src/Illuminate/Pipeline/Pipeline.php(171): Illuminate\\Foundation\\Http\\Middleware\\CheckForMaintenanceMode->handle()
#38 /home/hoangnguyen/php/booking-ticket-api/vendor/fideloper/proxy/src/TrustProxies.php(57): Illuminate\\Pipeline\\Pipeline->Illuminate\\Pipeline\\{closure}()
#39 /home/hoangnguyen/php/booking-ticket-api/vendor/laravel/framework/src/Illuminate/Pipeline/Pipeline.php(171): Fideloper\\Proxy\\TrustProxies->handle()
#40 /home/hoangnguyen/php/booking-ticket-api/vendor/laravel/framework/src/Illuminate/Pipeline/Pipeline.php(105): Illuminate\\Pipeline\\Pipeline->Illuminate\\Pipeline\\{closure}()
#41 /home/hoangnguyen/php/booking-ticket-api/vendor/laravel/framework/src/Illuminate/Foundation/Http/Kernel.php(145): Illuminate\\Pipeline\\Pipeline->then()
#42 /home/hoangnguyen/php/booking-ticket-api/vendor/laravel/framework/src/Illuminate/Foundation/Http/Kernel.php(110): Illuminate\\Foundation\\Http\\Kernel->sendRequestThroughRouter()
#43 /home/hoangnguyen/php/booking-ticket-api/public/index.php(55): Illuminate\\Foundation\\Http\\Kernel->handle()
#44 /home/hoangnguyen/php/booking-ticket-api/server.php(21): require_once('/home/hoangnguy...')
#45 {main}
"} 
[2021-05-30 15:35:22] local.ERROR: Could not create token: Using integers for registered date claims is deprecated, please use DateTimeImmutable objects instead. {"userId":3,"exception":"[object] (Tymon\\JWTAuth\\Exceptions\\JWTException(code: 0): Could not create token: Using integers for registered date claims is deprecated, please use DateTimeImmutable objects instead. at /home/hoangnguyen/php/booking-ticket-api/vendor/tymon/jwt-auth/src/Providers/JWT/Lcobucci.php:113)
[stacktrace]
#0 /home/hoangnguyen/php/booking-ticket-api/vendor/tymon/jwt-auth/src/Manager.php(84): Tymon\\JWTAuth\\Providers\\JWT\\Lcobucci->encode()
#1 /home/hoangnguyen/php/booking-ticket-api/vendor/tymon/jwt-auth/src/JWT.php(78): Tymon\\JWTAuth\\Manager->encode()
#2 /home/hoangnguyen/php/booking-ticket-api/vendor/tymon/jwt-auth/src/JWT.php(90): Tymon\\JWTAuth\\JWT->fromSubject()
#3 /home/hoangnguyen/php/booking-ticket-api/vendor/tymon/jwt-auth/src/JWTAuth.php(54): Tymon\\JWTAuth\\JWT->fromUser()
#4 /home/hoangnguyen/php/booking-ticket-api/vendor/laravel/framework/src/Illuminate/Support/Facades/Facade.php(261): Tymon\\JWTAuth\\JWTAuth->attempt()
#5 /home/hoangnguyen/php/booking-ticket-api/app/Http/Controllers/Auth/AuthController.php(42): Illuminate\\Support\\Facades\\Facade::__callStatic()
#6 /home/hoangnguyen/php/booking-ticket-api/vendor/laravel/framework/src/Illuminate/Routing/Controller.php(54): App\\Http\\Controllers\\Auth\\AuthController->login()
#7 /home/hoangnguyen/php/booking-ticket-api/vendor/laravel/framework/src/Illuminate/Routing/ControllerDispatcher.php(45): Illuminate\\Routing\\Controller->callAction()
#8 /home/hoangnguyen/php/booking-ticket-api/vendor/laravel/framework/src/Illuminate/Routing/Route.php(219): Illuminate\\Routing\\ControllerDispatcher->dispatch()
#9 /home/hoangnguyen/php/booking-ticket-api/vendor/laravel/framework/src/Illuminate/Routing/Route.php(176): Illuminate\\Routing\\Route->runController()
#10 /home/hoangnguyen/php/booking-ticket-api/vendor/laravel/framework/src/Illuminate/Routing/Router.php(681): Illuminate\\Routing\\Route->run()
#11 /home/hoangnguyen/php/booking-ticket-api/vendor/laravel/framework/src/Illuminate/Pipeline/Pipeline.php(130): Illuminate\\Routing\\Router->Illuminate\\Routing\\{closure}()
#12 /home/hoangnguyen/php/booking-ticket-api/vendor/laravel/framework/src/Illuminate/Routing/Middleware/SubstituteBindings.php(41): Illuminate\\Pipeline\\Pipeline->Illuminate\\Pipeline\\{closure}()
#13 /home/hoangnguyen/php/booking-ticket-api/vendor/laravel/framework/src/Illuminate/Pipeline/Pipeline.php(171): Illuminate\\Routing\\Middleware\\SubstituteBindings->handle()
#14 /home/hoangnguyen/php/booking-ticket-api/vendor/laravel/framework/src/Illuminate/Routing/Middleware/ThrottleRequests.php(59): Illuminate\\Pipeline\\Pipeline->Illuminate\\Pipeline\\{closure}()
#15 /home/hoangnguyen/php/booking-ticket-api/vendor/laravel/framework/src/Illuminate/Pipeline/Pipeline.php(171): Illuminate\\Routing\\Middleware\\ThrottleRequests->handle()
#16 /home/hoangnguyen/php/booking-ticket-api/vendor/laravel/framework/src/Illuminate/Pipeline/Pipeline.php(105): Illuminate\\Pipeline\\Pipeline->Illuminate\\Pipeline\\{closure}()
#17 /home/hoangnguyen/php/booking-ticket-api/vendor/laravel/framework/src/Illuminate/Routing/Router.php(683): Illuminate\\Pipeline\\Pipeline->then()
#18 /home/hoangnguyen/php/booking-ticket-api/vendor/laravel/framework/src/Illuminate/Routing/Router.php(658): Illuminate\\Routing\\Router->runRouteWithinStack()
#19 /home/hoangnguyen/php/booking-ticket-api/vendor/laravel/framework/src/Illuminate/Routing/Router.php(624): Illuminate\\Routing\\Router->runRoute()
#20 /home/hoangnguyen/php/booking-ticket-api/vendor/laravel/framework/src/Illuminate/Routing/Router.php(613): Illuminate\\Routing\\Router->dispatchToRoute()
#21 /home/hoangnguyen/php/booking-ticket-api/vendor/laravel/framework/src/Illuminate/Foundation/Http/Kernel.php(170): Illuminate\\Routing\\Router->dispatch()
#22 /home/hoangnguyen/php/booking-ticket-api/vendor/laravel/framework/src/Illuminate/Pipeline/Pipeline.php(130): Illuminate\\Foundation\\Http\\Kernel->Illuminate\\Foundation\\Http\\{closure}()
#23 /home/hoangnguyen/php/booking-ticket-api/vendor/barryvdh/laravel-cors/src/HandleCors.php(36): Illuminate\\Pipeline\\Pipeline->Illuminate\\Pipeline\\{closure}()
#24 /home/hoangnguyen/php/booking-ticket-api/vendor/laravel/framework/src/Illuminate/Pipeline/Pipeline.php(171): Barryvdh\\Cors\\HandleCors->handle()
#25 /home/hoangnguyen/php/booking-ticket-api/vendor/laravel/framework/src/Illuminate/Foundation/Http/Middleware/TransformsRequest.php(21): Illuminate\\Pipeline\\Pipeline->Illuminate\\Pipeline\\{closure}()
#26 /home/hoangnguyen/php/booking-ticket-api/vendor/laravel/framework/src/Illuminate/Pipeline/Pipeline.php(171): Illuminate\\Foundation\\Http\\Middleware\\TransformsRequest->handle()
#27 /home/hoangnguyen/php/booking-ticket-api/vendor/laravel/framework/src/Illuminate/Foundation/Http/Middleware/TransformsRequest.php(21): Illuminate\\Pipeline\\Pipeline->Illuminate\\Pipeline\\{closure}()
#28 /home/hoangnguyen/php/booking-ticket-api/vendor/laravel/framework/src/Illuminate/Pipeline/Pipeline.php(171): Illuminate\\Foundation\\Http\\Middleware\\TransformsRequest->handle()
#29 /home/hoangnguyen/php/booking-ticket-api/vendor/laravel/framework/src/Illuminate/Foundation/Http/Middleware/ValidatePostSize.php(27): Illuminate\\Pipeline\\Pipeline->Illuminate\\Pipeline\\{closure}()
#30 /home/hoangnguyen/php/booking-ticket-api/vendor/laravel/framework/src/Illuminate/Pipeline/Pipeline.php(171): Illuminate\\Foundation\\Http\\Middleware\\ValidatePostSize->handle()
#31 /home/hoangnguyen/php/booking-ticket-api/vendor/laravel/framework/src/Illuminate/Foundation/Http/Middleware/CheckForMaintenanceMode.php(63): Illuminate\\Pipeline\\Pipeline->Illuminate\\Pipeline\\{closure}()
#32 /home/hoangnguyen/php/booking-ticket-api/vendor/laravel/framework/src/Illuminate/Pipeline/Pipeline.php(171): Illuminate\\Foundation\\Http\\Middleware\\CheckForMaintenanceMode->handle()
#33 /home/hoangnguyen/php/booking-ticket-api/vendor/fideloper/proxy/src/TrustProxies.php(57): Illuminate\\Pipeline\\Pipeline->Illuminate\\Pipeline\\{closure}()
#34 /home/hoangnguyen/php/booking-ticket-api/vendor/laravel/framework/src/Illuminate/Pipeline/Pipeline.php(171): Fideloper\\Proxy\\TrustProxies->handle()
#35 /home/hoangnguyen/php/booking-ticket-api/vendor/laravel/framework/src/Illuminate/Pipeline/Pipeline.php(105): Illuminate\\Pipeline\\Pipeline->Illuminate\\Pipeline\\{closure}()
#36 /home/hoangnguyen/php/booking-ticket-api/vendor/laravel/framework/src/Illuminate/Foundation/Http/Kernel.php(145): Illuminate\\Pipeline\\Pipeline->then()
#37 /home/hoangnguyen/php/booking-ticket-api/vendor/laravel/framework/src/Illuminate/Foundation/Http/Kernel.php(110): Illuminate\\Foundation\\Http\\Kernel->sendRequestThroughRouter()
#38 /home/hoangnguyen/php/booking-ticket-api/public/index.php(55): Illuminate\\Foundation\\Http\\Kernel->handle()
#39 /home/hoangnguyen/php/booking-ticket-api/server.php(21): require_once('/home/hoangnguy...')
#40 {main}

[previous exception] [object] (ErrorException(code: 0): Using integers for registered date claims is deprecated, please use DateTimeImmutable objects instead. at /home/hoangnguyen/php/booking-ticket-api/vendor/lcobucci/jwt/src/Builder.php:169)
[stacktrace]
#0 [internal function]: Illuminate\\Foundation\\Bootstrap\\HandleExceptions->handleError()
#1 /home/hoangnguyen/php/booking-ticket-api/vendor/lcobucci/jwt/src/Builder.php(169): trigger_error()
#2 /home/hoangnguyen/php/booking-ticket-api/vendor/lcobucci/jwt/src/Builder.php(232): Lcobucci\\JWT\\Builder->convertToDate()
#3 /home/hoangnguyen/php/booking-ticket-api/vendor/lcobucci/jwt/src/Builder.php(449): Lcobucci\\JWT\\Builder->issuedAt()
#4 /home/hoangnguyen/php/booking-ticket-api/vendor/lcobucci/jwt/src/Builder.php(472): Lcobucci\\JWT\\Builder->forwardCallToCorrectClaimMethod()
#5 /home/hoangnguyen/php/booking-ticket-api/vendor/tymon/jwt-auth/src/Providers/JWT/Lcobucci.php(109): Lcobucci\\JWT\\Builder->set()
#6 /home/hoangnguyen/php/booking-ticket-api/vendor/tymon/jwt-auth/src/Manager.php(84): Tymon\\JWTAuth\\Providers\\JWT\\Lcobucci->encode()
#7 /home/hoangnguyen/php/booking-ticket-api/vendor/tymon/jwt-auth/src/JWT.php(78): Tymon\\JWTAuth\\Manager->encode()
#8 /home/hoangnguyen/php/booking-ticket-api/vendor/tymon/jwt-auth/src/JWT.php(90): Tymon\\JWTAuth\\JWT->fromSubject()
#9 /home/hoangnguyen/php/booking-ticket-api/vendor/tymon/jwt-auth/src/JWTAuth.php(54): Tymon\\JWTAuth\\JWT->fromUser()
#10 /home/hoangnguyen/php/booking-ticket-api/vendor/laravel/framework/src/Illuminate/Support/Facades/Facade.php(261): Tymon\\JWTAuth\\JWTAuth->attempt()
#11 /home/hoangnguyen/php/booking-ticket-api/app/Http/Controllers/Auth/AuthController.php(42): Illuminate\\Support\\Facades\\Facade::__callStatic()
#12 /home/hoangnguyen/php/booking-ticket-api/vendor/laravel/framework/src/Illuminate/Routing/Controller.php(54): App\\Http\\Controllers\\Auth\\AuthController->login()
#13 /home/hoangnguyen/php/booking-ticket-api/vendor/laravel/framework/src/Illuminate/Routing/ControllerDispatcher.php(45): Illuminate\\Routing\\Controller->callAction()
#14 /home/hoangnguyen/php/booking-ticket-api/vendor/laravel/framework/src/Illuminate/Routing/Route.php(219): Illuminate\\Routing\\ControllerDispatcher->dispatch()
#15 /home/hoangnguyen/php/booking-ticket-api/vendor/laravel/framework/src/Illuminate/Routing/Route.php(176): Illuminate\\Routing\\Route->runController()
#16 /home/hoangnguyen/php/booking-ticket-api/vendor/laravel/framework/src/Illuminate/Routing/Router.php(681): Illuminate\\Routing\\Route->run()
#17 /home/hoangnguyen/php/booking-ticket-api/vendor/laravel/framework/src/Illuminate/Pipeline/Pipeline.php(130): Illuminate\\Routing\\Router->Illuminate\\Routing\\{closure}()
#18 /home/hoangnguyen/php/booking-ticket-api/vendor/laravel/framework/src/Illuminate/Routing/Middleware/SubstituteBindings.php(41): Illuminate\\Pipeline\\Pipeline->Illuminate\\Pipeline\\{closure}()
#19 /home/hoangnguyen/php/booking-ticket-api/vendor/laravel/framework/src/Illuminate/Pipeline/Pipeline.php(171): Illuminate\\Routing\\Middleware\\SubstituteBindings->handle()
#20 /home/hoangnguyen/php/booking-ticket-api/vendor/laravel/framework/src/Illuminate/Routing/Middleware/ThrottleRequests.php(59): Illuminate\\Pipeline\\Pipeline->Illuminate\\Pipeline\\{closure}()
#21 /home/hoangnguyen/php/booking-ticket-api/vendor/laravel/framework/src/Illuminate/Pipeline/Pipeline.php(171): Illuminate\\Routing\\Middleware\\ThrottleRequests->handle()
#22 /home/hoangnguyen/php/booking-ticket-api/vendor/laravel/framework/src/Illuminate/Pipeline/Pipeline.php(105): Illuminate\\Pipeline\\Pipeline->Illuminate\\Pipeline\\{closure}()
#23 /home/hoangnguyen/php/booking-ticket-api/vendor/laravel/framework/src/Illuminate/Routing/Router.php(683): Illuminate\\Pipeline\\Pipeline->then()
#24 /home/hoangnguyen/php/booking-ticket-api/vendor/laravel/framework/src/Illuminate/Routing/Router.php(658): Illuminate\\Routing\\Router->runRouteWithinStack()
#25 /home/hoangnguyen/php/booking-ticket-api/vendor/laravel/framework/src/Illuminate/Routing/Router.php(624): Illuminate\\Routing\\Router->runRoute()
#26 /home/hoangnguyen/php/booking-ticket-api/vendor/laravel/framework/src/Illuminate/Routing/Router.php(613): Illuminate\\Routing\\Router->dispatchToRoute()
#27 /home/hoangnguyen/php/booking-ticket-api/vendor/laravel/framework/src/Illuminate/Foundation/Http/Kernel.php(170): Illuminate\\Routing\\Router->dispatch()
#28 /home/hoangnguyen/php/booking-ticket-api/vendor/laravel/framework/src/Illuminate/Pipeline/Pipeline.php(130): Illuminate\\Foundation\\Http\\Kernel->Illuminate\\Foundation\\Http\\{closure}()
#29 /home/hoangnguyen/php/booking-ticket-api/vendor/barryvdh/laravel-cors/src/HandleCors.php(36): Illuminate\\Pipeline\\Pipeline->Illuminate\\Pipeline\\{closure}()
#30 /home/hoangnguyen/php/booking-ticket-api/vendor/laravel/framework/src/Illuminate/Pipeline/Pipeline.php(171): Barryvdh\\Cors\\HandleCors->handle()
#31 /home/hoangnguyen/php/booking-ticket-api/vendor/laravel/framework/src/Illuminate/Foundation/Http/Middleware/TransformsRequest.php(21): Illuminate\\Pipeline\\Pipeline->Illuminate\\Pipeline\\{closure}()
#32 /home/hoangnguyen/php/booking-ticket-api/vendor/laravel/framework/src/Illuminate/Pipeline/Pipeline.php(171): Illuminate\\Foundation\\Http\\Middleware\\TransformsRequest->handle()
#33 /home/hoangnguyen/php/booking-ticket-api/vendor/laravel/framework/src/Illuminate/Foundation/Http/Middleware/TransformsRequest.php(21): Illuminate\\Pipeline\\Pipeline->Illuminate\\Pipeline\\{closure}()
#34 /home/hoangnguyen/php/booking-ticket-api/vendor/laravel/framework/src/Illuminate/Pipeline/Pipeline.php(171): Illuminate\\Foundation\\Http\\Middleware\\TransformsRequest->handle()
#35 /home/hoangnguyen/php/booking-ticket-api/vendor/laravel/framework/src/Illuminate/Foundation/Http/Middleware/ValidatePostSize.php(27): Illuminate\\Pipeline\\Pipeline->Illuminate\\Pipeline\\{closure}()
#36 /home/hoangnguyen/php/booking-ticket-api/vendor/laravel/framework/src/Illuminate/Pipeline/Pipeline.php(171): Illuminate\\Foundation\\Http\\Middleware\\ValidatePostSize->handle()
#37 /home/hoangnguyen/php/booking-ticket-api/vendor/laravel/framework/src/Illuminate/Foundation/Http/Middleware/CheckForMaintenanceMode.php(63): Illuminate\\Pipeline\\Pipeline->Illuminate\\Pipeline\\{closure}()
#38 /home/hoangnguyen/php/booking-ticket-api/vendor/laravel/framework/src/Illuminate/Pipeline/Pipeline.php(171): Illuminate\\Foundation\\Http\\Middleware\\CheckForMaintenanceMode->handle()
#39 /home/hoangnguyen/php/booking-ticket-api/vendor/fideloper/proxy/src/TrustProxies.php(57): Illuminate\\Pipeline\\Pipeline->Illuminate\\Pipeline\\{closure}()
#40 /home/hoangnguyen/php/booking-ticket-api/vendor/laravel/framework/src/Illuminate/Pipeline/Pipeline.php(171): Fideloper\\Proxy\\TrustProxies->handle()
#41 /home/hoangnguyen/php/booking-ticket-api/vendor/laravel/framework/src/Illuminate/Pipeline/Pipeline.php(105): Illuminate\\Pipeline\\Pipeline->Illuminate\\Pipeline\\{closure}()
#42 /home/hoangnguyen/php/booking-ticket-api/vendor/laravel/framework/src/Illuminate/Foundation/Http/Kernel.php(145): Illuminate\\Pipeline\\Pipeline->then()
#43 /home/hoangnguyen/php/booking-ticket-api/vendor/laravel/framework/src/Illuminate/Foundation/Http/Kernel.php(110): Illuminate\\Foundation\\Http\\Kernel->sendRequestThroughRouter()
#44 /home/hoangnguyen/php/booking-ticket-api/public/index.php(55): Illuminate\\Foundation\\Http\\Kernel->handle()
#45 /home/hoangnguyen/php/booking-ticket-api/server.php(21): require_once('/home/hoangnguy...')
#46 {main}
"} 
