[2021-07-07 16:23:26] local.ERROR: Add [name] to fillable property to allow mass assignment on [App\Models\Film]. {"exception":"[object] (Illuminate\\Database\\Eloquent\\MassAssignmentException(code: 0): Add [name] to fillable property to allow mass assignment on [App\\Models\\Film]. at /home/hoangnguyen/php/booking-ticket-api/vendor/laravel/framework/src/Illuminate/Database/Eloquent/Model.php:332)
[stacktrace]
#0 /home/hoangnguyen/php/booking-ticket-api/vendor/laravel/framework/src/Illuminate/Database/Eloquent/Model.php(172): Illuminate\\Database\\Eloquent\\Model->fill()
#1 /home/hoangnguyen/php/booking-ticket-api/app/Http/Controllers/FilmController.php(33): Illuminate\\Database\\Eloquent\\Model->__construct()
#2 /home/hoangnguyen/php/booking-ticket-api/vendor/laravel/framework/src/Illuminate/Routing/Controller.php(54): App\\Http\\Controllers\\FilmController->store()
#3 /home/hoangnguyen/php/booking-ticket-api/vendor/laravel/framework/src/Illuminate/Routing/ControllerDispatcher.php(45): Illuminate\\Routing\\Controller->callAction()
#4 /home/hoangnguyen/php/booking-ticket-api/vendor/laravel/framework/src/Illuminate/Routing/Route.php(219): Illuminate\\Routing\\ControllerDispatcher->dispatch()
#5 /home/hoangnguyen/php/booking-ticket-api/vendor/laravel/framework/src/Illuminate/Routing/Route.php(176): Illuminate\\Routing\\Route->runController()
#6 /home/hoangnguyen/php/booking-ticket-api/vendor/laravel/framework/src/Illuminate/Routing/Router.php(681): Illuminate\\Routing\\Route->run()
#7 /home/hoangnguyen/php/booking-ticket-api/vendor/laravel/framework/src/Illuminate/Pipeline/Pipeline.php(130): Illuminate\\Routing\\Router->Illuminate\\Routing\\{closure}()
#8 /home/hoangnguyen/php/booking-ticket-api/app/Http/Middleware/CheckAdmin.php(53): Illuminate\\Pipeline\\Pipeline->Illuminate\\Pipeline\\{closure}()
#9 /home/hoangnguyen/php/booking-ticket-api/vendor/laravel/framework/src/Illuminate/Pipeline/Pipeline.php(171): App\\Http\\Middleware\\CheckAdmin->handle()
#10 /home/hoangnguyen/php/booking-ticket-api/vendor/fruitcake/laravel-cors/src/HandleCors.php(38): Illuminate\\Pipeline\\Pipeline->Illuminate\\Pipeline\\{closure}()
#11 /home/hoangnguyen/php/booking-ticket-api/vendor/laravel/framework/src/Illuminate/Pipeline/Pipeline.php(171): Fruitcake\\Cors\\HandleCors->handle()
#12 /home/hoangnguyen/php/booking-ticket-api/vendor/laravel/framework/src/Illuminate/Routing/Middleware/SubstituteBindings.php(41): Illuminate\\Pipeline\\Pipeline->Illuminate\\Pipeline\\{closure}()
#13 /home/hoangnguyen/php/booking-ticket-api/vendor/laravel/framework/src/Illuminate/Pipeline/Pipeline.php(171): Illuminate\\Routing\\Middleware\\SubstituteBindings->handle()
#14 /home/hoangnguyen/php/booking-ticket-api/vendor/laravel/framework/src/Illuminate/Routing/Middleware/ThrottleRequests.php(59): Illuminate\\Pipeline\\Pipeline->Illuminate\\Pipeline\\{closure}()
#15 /home/hoangnguyen/php/booking-ticket-api/vendor/laravel/framework/src/Illuminate/Pipeline/Pipeline.php(171): Illuminate\\Routing\\Middleware\\ThrottleRequests->handle()
#16 /home/hoangnguyen/php/booking-ticket-api/vendor/laravel/framework/src/Illuminate/Pipeline/Pipeline.php(105): Illuminate\\Pipeline\\Pipeline->Illuminate\\Pipeline\\{closure}()
#17 /home/hoangnguyen/php/booking-ticket-api/vendor/laravel/framework/src/Illuminate/Routing/Router.php(683): Illuminate\\Pipeline\\Pipeline->then()
#18 /home/hoangnguyen/php/booking-ticket-api/vendor/laravel/framework/src/Illuminate/Routing/Router.php(658): Illuminate\\Routing\\Router->runRouteWithinStack()
#19 /home/hoangnguyen/php/booking-ticket-api/vendor/laravel/framework/src/Illuminate/Routing/Router.php(624): Illuminate\\Routing\\Router->runRoute()
#20 /home/hoangnguyen/php/booking-ticket-api/vendor/laravel/framework/src/Illuminate/Routing/Router.php(613): Illuminate\\Routing\\Router->dispatchToRoute()
#21 /home/hoangnguyen/php/booking-ticket-api/vendor/laravel/framework/src/Illuminate/Foundation/Http/Kernel.php(170): Illuminate\\Routing\\Router->dispatch()
#22 /home/hoangnguyen/php/booking-ticket-api/vendor/laravel/framework/src/Illuminate/Pipeline/Pipeline.php(130): Illuminate\\Foundation\\Http\\Kernel->Illuminate\\Foundation\\Http\\{closure}()
#23 /home/hoangnguyen/php/booking-ticket-api/vendor/fruitcake/laravel-cors/src/HandleCors.php(38): Illuminate\\Pipeline\\Pipeline->Illuminate\\Pipeline\\{closure}()
#24 /home/hoangnguyen/php/booking-ticket-api/vendor/laravel/framework/src/Illuminate/Pipeline/Pipeline.php(171): Fruitcake\\Cors\\HandleCors->handle()
#25 /home/hoangnguyen/php/booking-ticket-api/vendor/laravel/framework/src/Illuminate/Foundation/Http/Middleware/TransformsRequest.php(21): Illuminate\\Pipeline\\Pipeline->Illuminate\\Pipeline\\{closure}()
#26 /home/hoangnguyen/php/booking-ticket-api/vendor/laravel/framework/src/Illuminate/Pipeline/Pipeline.php(171): Illuminate\\Foundation\\Http\\Middleware\\TransformsRequest->handle()
#27 /home/hoangnguyen/php/booking-ticket-api/vendor/laravel/framework/src/Illuminate/Foundation/Http/Middleware/TransformsRequest.php(21): Illuminate\\Pipeline\\Pipeline->Illuminate\\Pipeline\\{closure}()
#28 /home/hoangnguyen/php/booking-ticket-api/vendor/laravel/framework/src/Illuminate/Pipeline/Pipeline.php(171): Illuminate\\Foundation\\Http\\Middleware\\TransformsRequest->handle()
#29 /home/hoangnguyen/php/booking-ticket-api/vendor/laravel/framework/src/Illuminate/Foundation/Http/Middleware/ValidatePostSize.php(27): Illuminate\\Pipeline\\Pipeline->Illuminate\\Pipeline\\{closure}()
#30 /home/hoangnguyen/php/booking-ticket-api/vendor/laravel/framework/src/Illuminate/Pipeline/Pipeline.php(171): Illuminate\\Foundation\\Http\\Middleware\\ValidatePostSize->handle()
#31 /home/hoangnguyen/php/booking-ticket-api/vendor/laravel/framework/src/Illuminate/Foundation/Http/Middleware/CheckForMaintenanceMode.php(63): Illuminate\\Pipeline\\Pipeline->Illuminate\\Pipeline\\{closure}()
#32 /home/hoangnguyen/php/booking-ticket-api/vendor/laravel/framework/src/Illuminate/Pipeline/Pipeline.php(171): Illuminate\\Foundation\\Http\\Middleware\\CheckForMaintenanceMode->handle()
#33 /home/hoangnguyen/php/booking-ticket-api/vendor/fideloper/proxy/src/TrustProxies.php(57): Illuminate\\Pipeline\\Pipeline->Illuminate\\Pipeline\\{closure}()
#34 /home/hoangnguyen/php/booking-ticket-api/vendor/laravel/framework/src/Illuminate/Pipeline/Pipeline.php(171): Fideloper\\Proxy\\TrustProxies->handle()
#35 /home/hoangnguyen/php/booking-ticket-api/vendor/laravel/framework/src/Illuminate/Pipeline/Pipeline.php(105): Illuminate\\Pipeline\\Pipeline->Illuminate\\Pipeline\\{closure}()
#36 /home/hoangnguyen/php/booking-ticket-api/vendor/laravel/framework/src/Illuminate/Foundation/Http/Kernel.php(145): Illuminate\\Pipeline\\Pipeline->then()
#37 /home/hoangnguyen/php/booking-ticket-api/vendor/laravel/framework/src/Illuminate/Foundation/Http/Kernel.php(110): Illuminate\\Foundation\\Http\\Kernel->sendRequestThroughRouter()
#38 /home/hoangnguyen/php/booking-ticket-api/public/index.php(55): Illuminate\\Foundation\\Http\\Kernel->handle()
#39 /home/hoangnguyen/php/booking-ticket-api/server.php(21): require_once('/home/hoangnguy...')
#40 {main}
"} 
[2021-07-07 16:37:08] local.ERROR: SQLSTATE[22007]: Invalid datetime format: 1292 Incorrect date value: '"2021-07-07"' for column 'ngaykhoichieu' at row 1 (SQL: insert into `films` (`name`, `bidanh`, `trailer`, `ngaykhoichieu`, `danhgia`, `updated_at`, `created_at`) values ("tenscd", "bidanhscd", "trailerscd", "2021-07-07", 8, 2021-07-07 16:37:08, 2021-07-07 16:37:08)) {"exception":"[object] (Illuminate\\Database\\QueryException(code: 22007): SQLSTATE[22007]: Invalid datetime format: 1292 Incorrect date value: '\"2021-07-07\"' for column 'ngaykhoichieu' at row 1 (SQL: insert into `films` (`name`, `bidanh`, `trailer`, `ngaykhoichieu`, `danhgia`, `updated_at`, `created_at`) values (\"tenscd\", \"bidanhscd\", \"trailerscd\", \"2021-07-07\", 8, 2021-07-07 16:37:08, 2021-07-07 16:37:08)) at /home/hoangnguyen/php/booking-ticket-api/vendor/laravel/framework/src/Illuminate/Database/Connection.php:669)
[stacktrace]
#0 /home/hoangnguyen/php/booking-ticket-api/vendor/laravel/framework/src/Illuminate/Database/Connection.php(629): Illuminate\\Database\\Connection->runQueryCallback()
#1 /home/hoangnguyen/php/booking-ticket-api/vendor/laravel/framework/src/Illuminate/Database/Connection.php(464): Illuminate\\Database\\Connection->run()
#2 /home/hoangnguyen/php/booking-ticket-api/vendor/laravel/framework/src/Illuminate/Database/Connection.php(416): Illuminate\\Database\\Connection->statement()
#3 /home/hoangnguyen/php/booking-ticket-api/vendor/laravel/framework/src/Illuminate/Database/Query/Processors/Processor.php(32): Illuminate\\Database\\Connection->insert()
#4 /home/hoangnguyen/php/booking-ticket-api/vendor/laravel/framework/src/Illuminate/Database/Query/Builder.php(2705): Illuminate\\Database\\Query\\Processors\\Processor->processInsertGetId()
#5 /home/hoangnguyen/php/booking-ticket-api/vendor/laravel/framework/src/Illuminate/Database/Eloquent/Builder.php(1385): Illuminate\\Database\\Query\\Builder->insertGetId()
#6 /home/hoangnguyen/php/booking-ticket-api/vendor/laravel/framework/src/Illuminate/Database/Eloquent/Model.php(840): Illuminate\\Database\\Eloquent\\Builder->__call()
#7 /home/hoangnguyen/php/booking-ticket-api/vendor/laravel/framework/src/Illuminate/Database/Eloquent/Model.php(805): Illuminate\\Database\\Eloquent\\Model->insertAndSetId()
#8 /home/hoangnguyen/php/booking-ticket-api/vendor/laravel/framework/src/Illuminate/Database/Eloquent/Model.php(668): Illuminate\\Database\\Eloquent\\Model->performInsert()
#9 /home/hoangnguyen/php/booking-ticket-api/app/Http/Controllers/FilmController.php(35): Illuminate\\Database\\Eloquent\\Model->save()
#10 /home/hoangnguyen/php/booking-ticket-api/vendor/laravel/framework/src/Illuminate/Routing/Controller.php(54): App\\Http\\Controllers\\FilmController->store()
#11 /home/hoangnguyen/php/booking-ticket-api/vendor/laravel/framework/src/Illuminate/Routing/ControllerDispatcher.php(45): Illuminate\\Routing\\Controller->callAction()
#12 /home/hoangnguyen/php/booking-ticket-api/vendor/laravel/framework/src/Illuminate/Routing/Route.php(219): Illuminate\\Routing\\ControllerDispatcher->dispatch()
#13 /home/hoangnguyen/php/booking-ticket-api/vendor/laravel/framework/src/Illuminate/Routing/Route.php(176): Illuminate\\Routing\\Route->runController()
#14 /home/hoangnguyen/php/booking-ticket-api/vendor/laravel/framework/src/Illuminate/Routing/Router.php(681): Illuminate\\Routing\\Route->run()
#15 /home/hoangnguyen/php/booking-ticket-api/vendor/laravel/framework/src/Illuminate/Pipeline/Pipeline.php(130): Illuminate\\Routing\\Router->Illuminate\\Routing\\{closure}()
#16 /home/hoangnguyen/php/booking-ticket-api/app/Http/Middleware/CheckAdmin.php(53): Illuminate\\Pipeline\\Pipeline->Illuminate\\Pipeline\\{closure}()
#17 /home/hoangnguyen/php/booking-ticket-api/vendor/laravel/framework/src/Illuminate/Pipeline/Pipeline.php(171): App\\Http\\Middleware\\CheckAdmin->handle()
#18 /home/hoangnguyen/php/booking-ticket-api/vendor/fruitcake/laravel-cors/src/HandleCors.php(38): Illuminate\\Pipeline\\Pipeline->Illuminate\\Pipeline\\{closure}()
#19 /home/hoangnguyen/php/booking-ticket-api/vendor/laravel/framework/src/Illuminate/Pipeline/Pipeline.php(171): Fruitcake\\Cors\\HandleCors->handle()
#20 /home/hoangnguyen/php/booking-ticket-api/vendor/laravel/framework/src/Illuminate/Routing/Middleware/SubstituteBindings.php(41): Illuminate\\Pipeline\\Pipeline->Illuminate\\Pipeline\\{closure}()
#21 /home/hoangnguyen/php/booking-ticket-api/vendor/laravel/framework/src/Illuminate/Pipeline/Pipeline.php(171): Illuminate\\Routing\\Middleware\\SubstituteBindings->handle()
#22 /home/hoangnguyen/php/booking-ticket-api/vendor/laravel/framework/src/Illuminate/Routing/Middleware/ThrottleRequests.php(59): Illuminate\\Pipeline\\Pipeline->Illuminate\\Pipeline\\{closure}()
#23 /home/hoangnguyen/php/booking-ticket-api/vendor/laravel/framework/src/Illuminate/Pipeline/Pipeline.php(171): Illuminate\\Routing\\Middleware\\ThrottleRequests->handle()
#24 /home/hoangnguyen/php/booking-ticket-api/vendor/laravel/framework/src/Illuminate/Pipeline/Pipeline.php(105): Illuminate\\Pipeline\\Pipeline->Illuminate\\Pipeline\\{closure}()
#25 /home/hoangnguyen/php/booking-ticket-api/vendor/laravel/framework/src/Illuminate/Routing/Router.php(683): Illuminate\\Pipeline\\Pipeline->then()
#26 /home/hoangnguyen/php/booking-ticket-api/vendor/laravel/framework/src/Illuminate/Routing/Router.php(658): Illuminate\\Routing\\Router->runRouteWithinStack()
#27 /home/hoangnguyen/php/booking-ticket-api/vendor/laravel/framework/src/Illuminate/Routing/Router.php(624): Illuminate\\Routing\\Router->runRoute()
#28 /home/hoangnguyen/php/booking-ticket-api/vendor/laravel/framework/src/Illuminate/Routing/Router.php(613): Illuminate\\Routing\\Router->dispatchToRoute()
#29 /home/hoangnguyen/php/booking-ticket-api/vendor/laravel/framework/src/Illuminate/Foundation/Http/Kernel.php(170): Illuminate\\Routing\\Router->dispatch()
#30 /home/hoangnguyen/php/booking-ticket-api/vendor/laravel/framework/src/Illuminate/Pipeline/Pipeline.php(130): Illuminate\\Foundation\\Http\\Kernel->Illuminate\\Foundation\\Http\\{closure}()
#31 /home/hoangnguyen/php/booking-ticket-api/vendor/fruitcake/laravel-cors/src/HandleCors.php(38): Illuminate\\Pipeline\\Pipeline->Illuminate\\Pipeline\\{closure}()
#32 /home/hoangnguyen/php/booking-ticket-api/vendor/laravel/framework/src/Illuminate/Pipeline/Pipeline.php(171): Fruitcake\\Cors\\HandleCors->handle()
#33 /home/hoangnguyen/php/booking-ticket-api/vendor/laravel/framework/src/Illuminate/Foundation/Http/Middleware/TransformsRequest.php(21): Illuminate\\Pipeline\\Pipeline->Illuminate\\Pipeline\\{closure}()
#34 /home/hoangnguyen/php/booking-ticket-api/vendor/laravel/framework/src/Illuminate/Pipeline/Pipeline.php(171): Illuminate\\Foundation\\Http\\Middleware\\TransformsRequest->handle()
#35 /home/hoangnguyen/php/booking-ticket-api/vendor/laravel/framework/src/Illuminate/Foundation/Http/Middleware/TransformsRequest.php(21): Illuminate\\Pipeline\\Pipeline->Illuminate\\Pipeline\\{closure}()
#36 /home/hoangnguyen/php/booking-ticket-api/vendor/laravel/framework/src/Illuminate/Pipeline/Pipeline.php(171): Illuminate\\Foundation\\Http\\Middleware\\TransformsRequest->handle()
#37 /home/hoangnguyen/php/booking-ticket-api/vendor/laravel/framework/src/Illuminate/Foundation/Http/Middleware/ValidatePostSize.php(27): Illuminate\\Pipeline\\Pipeline->Illuminate\\Pipeline\\{closure}()
#38 /home/hoangnguyen/php/booking-ticket-api/vendor/laravel/framework/src/Illuminate/Pipeline/Pipeline.php(171): Illuminate\\Foundation\\Http\\Middleware\\ValidatePostSize->handle()
#39 /home/hoangnguyen/php/booking-ticket-api/vendor/laravel/framework/src/Illuminate/Foundation/Http/Middleware/CheckForMaintenanceMode.php(63): Illuminate\\Pipeline\\Pipeline->Illuminate\\Pipeline\\{closure}()
#40 /home/hoangnguyen/php/booking-ticket-api/vendor/laravel/framework/src/Illuminate/Pipeline/Pipeline.php(171): Illuminate\\Foundation\\Http\\Middleware\\CheckForMaintenanceMode->handle()
#41 /home/hoangnguyen/php/booking-ticket-api/vendor/fideloper/proxy/src/TrustProxies.php(57): Illuminate\\Pipeline\\Pipeline->Illuminate\\Pipeline\\{closure}()
#42 /home/hoangnguyen/php/booking-ticket-api/vendor/laravel/framework/src/Illuminate/Pipeline/Pipeline.php(171): Fideloper\\Proxy\\TrustProxies->handle()
#43 /home/hoangnguyen/php/booking-ticket-api/vendor/laravel/framework/src/Illuminate/Pipeline/Pipeline.php(105): Illuminate\\Pipeline\\Pipeline->Illuminate\\Pipeline\\{closure}()
#44 /home/hoangnguyen/php/booking-ticket-api/vendor/laravel/framework/src/Illuminate/Foundation/Http/Kernel.php(145): Illuminate\\Pipeline\\Pipeline->then()
#45 /home/hoangnguyen/php/booking-ticket-api/vendor/laravel/framework/src/Illuminate/Foundation/Http/Kernel.php(110): Illuminate\\Foundation\\Http\\Kernel->sendRequestThroughRouter()
#46 /home/hoangnguyen/php/booking-ticket-api/public/index.php(55): Illuminate\\Foundation\\Http\\Kernel->handle()
#47 /home/hoangnguyen/php/booking-ticket-api/server.php(21): require_once('/home/hoangnguy...')
#48 {main}

[previous exception] [object] (PDOException(code: 22007): SQLSTATE[22007]: Invalid datetime format: 1292 Incorrect date value: '\"2021-07-07\"' for column 'ngaykhoichieu' at row 1 at /home/hoangnguyen/php/booking-ticket-api/vendor/laravel/framework/src/Illuminate/Database/Connection.php:463)
[stacktrace]
#0 /home/hoangnguyen/php/booking-ticket-api/vendor/laravel/framework/src/Illuminate/Database/Connection.php(463): PDOStatement->execute()
#1 /home/hoangnguyen/php/booking-ticket-api/vendor/laravel/framework/src/Illuminate/Database/Connection.php(662): Illuminate\\Database\\Connection->Illuminate\\Database\\{closure}()
#2 /home/hoangnguyen/php/booking-ticket-api/vendor/laravel/framework/src/Illuminate/Database/Connection.php(629): Illuminate\\Database\\Connection->runQueryCallback()
#3 /home/hoangnguyen/php/booking-ticket-api/vendor/laravel/framework/src/Illuminate/Database/Connection.php(464): Illuminate\\Database\\Connection->run()
#4 /home/hoangnguyen/php/booking-ticket-api/vendor/laravel/framework/src/Illuminate/Database/Connection.php(416): Illuminate\\Database\\Connection->statement()
#5 /home/hoangnguyen/php/booking-ticket-api/vendor/laravel/framework/src/Illuminate/Database/Query/Processors/Processor.php(32): Illuminate\\Database\\Connection->insert()
#6 /home/hoangnguyen/php/booking-ticket-api/vendor/laravel/framework/src/Illuminate/Database/Query/Builder.php(2705): Illuminate\\Database\\Query\\Processors\\Processor->processInsertGetId()
#7 /home/hoangnguyen/php/booking-ticket-api/vendor/laravel/framework/src/Illuminate/Database/Eloquent/Builder.php(1385): Illuminate\\Database\\Query\\Builder->insertGetId()
#8 /home/hoangnguyen/php/booking-ticket-api/vendor/laravel/framework/src/Illuminate/Database/Eloquent/Model.php(840): Illuminate\\Database\\Eloquent\\Builder->__call()
#9 /home/hoangnguyen/php/booking-ticket-api/vendor/laravel/framework/src/Illuminate/Database/Eloquent/Model.php(805): Illuminate\\Database\\Eloquent\\Model->insertAndSetId()
#10 /home/hoangnguyen/php/booking-ticket-api/vendor/laravel/framework/src/Illuminate/Database/Eloquent/Model.php(668): Illuminate\\Database\\Eloquent\\Model->performInsert()
#11 /home/hoangnguyen/php/booking-ticket-api/app/Http/Controllers/FilmController.php(35): Illuminate\\Database\\Eloquent\\Model->save()
#12 /home/hoangnguyen/php/booking-ticket-api/vendor/laravel/framework/src/Illuminate/Routing/Controller.php(54): App\\Http\\Controllers\\FilmController->store()
#13 /home/hoangnguyen/php/booking-ticket-api/vendor/laravel/framework/src/Illuminate/Routing/ControllerDispatcher.php(45): Illuminate\\Routing\\Controller->callAction()
#14 /home/hoangnguyen/php/booking-ticket-api/vendor/laravel/framework/src/Illuminate/Routing/Route.php(219): Illuminate\\Routing\\ControllerDispatcher->dispatch()
#15 /home/hoangnguyen/php/booking-ticket-api/vendor/laravel/framework/src/Illuminate/Routing/Route.php(176): Illuminate\\Routing\\Route->runController()
#16 /home/hoangnguyen/php/booking-ticket-api/vendor/laravel/framework/src/Illuminate/Routing/Router.php(681): Illuminate\\Routing\\Route->run()
#17 /home/hoangnguyen/php/booking-ticket-api/vendor/laravel/framework/src/Illuminate/Pipeline/Pipeline.php(130): Illuminate\\Routing\\Router->Illuminate\\Routing\\{closure}()
#18 /home/hoangnguyen/php/booking-ticket-api/app/Http/Middleware/CheckAdmin.php(53): Illuminate\\Pipeline\\Pipeline->Illuminate\\Pipeline\\{closure}()
#19 /home/hoangnguyen/php/booking-ticket-api/vendor/laravel/framework/src/Illuminate/Pipeline/Pipeline.php(171): App\\Http\\Middleware\\CheckAdmin->handle()
#20 /home/hoangnguyen/php/booking-ticket-api/vendor/fruitcake/laravel-cors/src/HandleCors.php(38): Illuminate\\Pipeline\\Pipeline->Illuminate\\Pipeline\\{closure}()
#21 /home/hoangnguyen/php/booking-ticket-api/vendor/laravel/framework/src/Illuminate/Pipeline/Pipeline.php(171): Fruitcake\\Cors\\HandleCors->handle()
#22 /home/hoangnguyen/php/booking-ticket-api/vendor/laravel/framework/src/Illuminate/Routing/Middleware/SubstituteBindings.php(41): Illuminate\\Pipeline\\Pipeline->Illuminate\\Pipeline\\{closure}()
#23 /home/hoangnguyen/php/booking-ticket-api/vendor/laravel/framework/src/Illuminate/Pipeline/Pipeline.php(171): Illuminate\\Routing\\Middleware\\SubstituteBindings->handle()
#24 /home/hoangnguyen/php/booking-ticket-api/vendor/laravel/framework/src/Illuminate/Routing/Middleware/ThrottleRequests.php(59): Illuminate\\Pipeline\\Pipeline->Illuminate\\Pipeline\\{closure}()
#25 /home/hoangnguyen/php/booking-ticket-api/vendor/laravel/framework/src/Illuminate/Pipeline/Pipeline.php(171): Illuminate\\Routing\\Middleware\\ThrottleRequests->handle()
#26 /home/hoangnguyen/php/booking-ticket-api/vendor/laravel/framework/src/Illuminate/Pipeline/Pipeline.php(105): Illuminate\\Pipeline\\Pipeline->Illuminate\\Pipeline\\{closure}()
#27 /home/hoangnguyen/php/booking-ticket-api/vendor/laravel/framework/src/Illuminate/Routing/Router.php(683): Illuminate\\Pipeline\\Pipeline->then()
#28 /home/hoangnguyen/php/booking-ticket-api/vendor/laravel/framework/src/Illuminate/Routing/Router.php(658): Illuminate\\Routing\\Router->runRouteWithinStack()
#29 /home/hoangnguyen/php/booking-ticket-api/vendor/laravel/framework/src/Illuminate/Routing/Router.php(624): Illuminate\\Routing\\Router->runRoute()
#30 /home/hoangnguyen/php/booking-ticket-api/vendor/laravel/framework/src/Illuminate/Routing/Router.php(613): Illuminate\\Routing\\Router->dispatchToRoute()
#31 /home/hoangnguyen/php/booking-ticket-api/vendor/laravel/framework/src/Illuminate/Foundation/Http/Kernel.php(170): Illuminate\\Routing\\Router->dispatch()
#32 /home/hoangnguyen/php/booking-ticket-api/vendor/laravel/framework/src/Illuminate/Pipeline/Pipeline.php(130): Illuminate\\Foundation\\Http\\Kernel->Illuminate\\Foundation\\Http\\{closure}()
#33 /home/hoangnguyen/php/booking-ticket-api/vendor/fruitcake/laravel-cors/src/HandleCors.php(38): Illuminate\\Pipeline\\Pipeline->Illuminate\\Pipeline\\{closure}()
#34 /home/hoangnguyen/php/booking-ticket-api/vendor/laravel/framework/src/Illuminate/Pipeline/Pipeline.php(171): Fruitcake\\Cors\\HandleCors->handle()
#35 /home/hoangnguyen/php/booking-ticket-api/vendor/laravel/framework/src/Illuminate/Foundation/Http/Middleware/TransformsRequest.php(21): Illuminate\\Pipeline\\Pipeline->Illuminate\\Pipeline\\{closure}()
#36 /home/hoangnguyen/php/booking-ticket-api/vendor/laravel/framework/src/Illuminate/Pipeline/Pipeline.php(171): Illuminate\\Foundation\\Http\\Middleware\\TransformsRequest->handle()
#37 /home/hoangnguyen/php/booking-ticket-api/vendor/laravel/framework/src/Illuminate/Foundation/Http/Middleware/TransformsRequest.php(21): Illuminate\\Pipeline\\Pipeline->Illuminate\\Pipeline\\{closure}()
#38 /home/hoangnguyen/php/booking-ticket-api/vendor/laravel/framework/src/Illuminate/Pipeline/Pipeline.php(171): Illuminate\\Foundation\\Http\\Middleware\\TransformsRequest->handle()
#39 /home/hoangnguyen/php/booking-ticket-api/vendor/laravel/framework/src/Illuminate/Foundation/Http/Middleware/ValidatePostSize.php(27): Illuminate\\Pipeline\\Pipeline->Illuminate\\Pipeline\\{closure}()
#40 /home/hoangnguyen/php/booking-ticket-api/vendor/laravel/framework/src/Illuminate/Pipeline/Pipeline.php(171): Illuminate\\Foundation\\Http\\Middleware\\ValidatePostSize->handle()
#41 /home/hoangnguyen/php/booking-ticket-api/vendor/laravel/framework/src/Illuminate/Foundation/Http/Middleware/CheckForMaintenanceMode.php(63): Illuminate\\Pipeline\\Pipeline->Illuminate\\Pipeline\\{closure}()
#42 /home/hoangnguyen/php/booking-ticket-api/vendor/laravel/framework/src/Illuminate/Pipeline/Pipeline.php(171): Illuminate\\Foundation\\Http\\Middleware\\CheckForMaintenanceMode->handle()
#43 /home/hoangnguyen/php/booking-ticket-api/vendor/fideloper/proxy/src/TrustProxies.php(57): Illuminate\\Pipeline\\Pipeline->Illuminate\\Pipeline\\{closure}()
#44 /home/hoangnguyen/php/booking-ticket-api/vendor/laravel/framework/src/Illuminate/Pipeline/Pipeline.php(171): Fideloper\\Proxy\\TrustProxies->handle()
#45 /home/hoangnguyen/php/booking-ticket-api/vendor/laravel/framework/src/Illuminate/Pipeline/Pipeline.php(105): Illuminate\\Pipeline\\Pipeline->Illuminate\\Pipeline\\{closure}()
#46 /home/hoangnguyen/php/booking-ticket-api/vendor/laravel/framework/src/Illuminate/Foundation/Http/Kernel.php(145): Illuminate\\Pipeline\\Pipeline->then()
#47 /home/hoangnguyen/php/booking-ticket-api/vendor/laravel/framework/src/Illuminate/Foundation/Http/Kernel.php(110): Illuminate\\Foundation\\Http\\Kernel->sendRequestThroughRouter()
#48 /home/hoangnguyen/php/booking-ticket-api/public/index.php(55): Illuminate\\Foundation\\Http\\Kernel->handle()
#49 /home/hoangnguyen/php/booking-ticket-api/server.php(21): require_once('/home/hoangnguy...')
#50 {main}
"} 
[2021-07-07 16:39:31] local.ERROR: SQLSTATE[22007]: Invalid datetime format: 1292 Incorrect date value: ''2021-07-07'' for column 'ngaykhoichieu' at row 1 (SQL: insert into `films` (`name`, `bidanh`, `trailer`, `ngaykhoichieu`, `danhgia`, `updated_at`, `created_at`) values ("tenscd", "bidanhscd", "trailerscd", '2021-07-07', 8, 2021-07-07 16:39:31, 2021-07-07 16:39:31)) {"exception":"[object] (Illuminate\\Database\\QueryException(code: 22007): SQLSTATE[22007]: Invalid datetime format: 1292 Incorrect date value: ''2021-07-07'' for column 'ngaykhoichieu' at row 1 (SQL: insert into `films` (`name`, `bidanh`, `trailer`, `ngaykhoichieu`, `danhgia`, `updated_at`, `created_at`) values (\"tenscd\", \"bidanhscd\", \"trailerscd\", '2021-07-07', 8, 2021-07-07 16:39:31, 2021-07-07 16:39:31)) at /home/hoangnguyen/php/booking-ticket-api/vendor/laravel/framework/src/Illuminate/Database/Connection.php:669)
[stacktrace]
#0 /home/hoangnguyen/php/booking-ticket-api/vendor/laravel/framework/src/Illuminate/Database/Connection.php(629): Illuminate\\Database\\Connection->runQueryCallback()
#1 /home/hoangnguyen/php/booking-ticket-api/vendor/laravel/framework/src/Illuminate/Database/Connection.php(464): Illuminate\\Database\\Connection->run()
#2 /home/hoangnguyen/php/booking-ticket-api/vendor/laravel/framework/src/Illuminate/Database/Connection.php(416): Illuminate\\Database\\Connection->statement()
#3 /home/hoangnguyen/php/booking-ticket-api/vendor/laravel/framework/src/Illuminate/Database/Query/Processors/Processor.php(32): Illuminate\\Database\\Connection->insert()
#4 /home/hoangnguyen/php/booking-ticket-api/vendor/laravel/framework/src/Illuminate/Database/Query/Builder.php(2705): Illuminate\\Database\\Query\\Processors\\Processor->processInsertGetId()
#5 /home/hoangnguyen/php/booking-ticket-api/vendor/laravel/framework/src/Illuminate/Database/Eloquent/Builder.php(1385): Illuminate\\Database\\Query\\Builder->insertGetId()
#6 /home/hoangnguyen/php/booking-ticket-api/vendor/laravel/framework/src/Illuminate/Database/Eloquent/Model.php(840): Illuminate\\Database\\Eloquent\\Builder->__call()
#7 /home/hoangnguyen/php/booking-ticket-api/vendor/laravel/framework/src/Illuminate/Database/Eloquent/Model.php(805): Illuminate\\Database\\Eloquent\\Model->insertAndSetId()
#8 /home/hoangnguyen/php/booking-ticket-api/vendor/laravel/framework/src/Illuminate/Database/Eloquent/Model.php(668): Illuminate\\Database\\Eloquent\\Model->performInsert()
#9 /home/hoangnguyen/php/booking-ticket-api/app/Http/Controllers/FilmController.php(35): Illuminate\\Database\\Eloquent\\Model->save()
#10 /home/hoangnguyen/php/booking-ticket-api/vendor/laravel/framework/src/Illuminate/Routing/Controller.php(54): App\\Http\\Controllers\\FilmController->store()
#11 /home/hoangnguyen/php/booking-ticket-api/vendor/laravel/framework/src/Illuminate/Routing/ControllerDispatcher.php(45): Illuminate\\Routing\\Controller->callAction()
#12 /home/hoangnguyen/php/booking-ticket-api/vendor/laravel/framework/src/Illuminate/Routing/Route.php(219): Illuminate\\Routing\\ControllerDispatcher->dispatch()
#13 /home/hoangnguyen/php/booking-ticket-api/vendor/laravel/framework/src/Illuminate/Routing/Route.php(176): Illuminate\\Routing\\Route->runController()
#14 /home/hoangnguyen/php/booking-ticket-api/vendor/laravel/framework/src/Illuminate/Routing/Router.php(681): Illuminate\\Routing\\Route->run()
#15 /home/hoangnguyen/php/booking-ticket-api/vendor/laravel/framework/src/Illuminate/Pipeline/Pipeline.php(130): Illuminate\\Routing\\Router->Illuminate\\Routing\\{closure}()
#16 /home/hoangnguyen/php/booking-ticket-api/app/Http/Middleware/CheckAdmin.php(53): Illuminate\\Pipeline\\Pipeline->Illuminate\\Pipeline\\{closure}()
#17 /home/hoangnguyen/php/booking-ticket-api/vendor/laravel/framework/src/Illuminate/Pipeline/Pipeline.php(171): App\\Http\\Middleware\\CheckAdmin->handle()
#18 /home/hoangnguyen/php/booking-ticket-api/vendor/fruitcake/laravel-cors/src/HandleCors.php(38): Illuminate\\Pipeline\\Pipeline->Illuminate\\Pipeline\\{closure}()
#19 /home/hoangnguyen/php/booking-ticket-api/vendor/laravel/framework/src/Illuminate/Pipeline/Pipeline.php(171): Fruitcake\\Cors\\HandleCors->handle()
#20 /home/hoangnguyen/php/booking-ticket-api/vendor/laravel/framework/src/Illuminate/Routing/Middleware/SubstituteBindings.php(41): Illuminate\\Pipeline\\Pipeline->Illuminate\\Pipeline\\{closure}()
#21 /home/hoangnguyen/php/booking-ticket-api/vendor/laravel/framework/src/Illuminate/Pipeline/Pipeline.php(171): Illuminate\\Routing\\Middleware\\SubstituteBindings->handle()
#22 /home/hoangnguyen/php/booking-ticket-api/vendor/laravel/framework/src/Illuminate/Routing/Middleware/ThrottleRequests.php(59): Illuminate\\Pipeline\\Pipeline->Illuminate\\Pipeline\\{closure}()
#23 /home/hoangnguyen/php/booking-ticket-api/vendor/laravel/framework/src/Illuminate/Pipeline/Pipeline.php(171): Illuminate\\Routing\\Middleware\\ThrottleRequests->handle()
#24 /home/hoangnguyen/php/booking-ticket-api/vendor/laravel/framework/src/Illuminate/Pipeline/Pipeline.php(105): Illuminate\\Pipeline\\Pipeline->Illuminate\\Pipeline\\{closure}()
#25 /home/hoangnguyen/php/booking-ticket-api/vendor/laravel/framework/src/Illuminate/Routing/Router.php(683): Illuminate\\Pipeline\\Pipeline->then()
#26 /home/hoangnguyen/php/booking-ticket-api/vendor/laravel/framework/src/Illuminate/Routing/Router.php(658): Illuminate\\Routing\\Router->runRouteWithinStack()
#27 /home/hoangnguyen/php/booking-ticket-api/vendor/laravel/framework/src/Illuminate/Routing/Router.php(624): Illuminate\\Routing\\Router->runRoute()
#28 /home/hoangnguyen/php/booking-ticket-api/vendor/laravel/framework/src/Illuminate/Routing/Router.php(613): Illuminate\\Routing\\Router->dispatchToRoute()
#29 /home/hoangnguyen/php/booking-ticket-api/vendor/laravel/framework/src/Illuminate/Foundation/Http/Kernel.php(170): Illuminate\\Routing\\Router->dispatch()
#30 /home/hoangnguyen/php/booking-ticket-api/vendor/laravel/framework/src/Illuminate/Pipeline/Pipeline.php(130): Illuminate\\Foundation\\Http\\Kernel->Illuminate\\Foundation\\Http\\{closure}()
#31 /home/hoangnguyen/php/booking-ticket-api/vendor/fruitcake/laravel-cors/src/HandleCors.php(38): Illuminate\\Pipeline\\Pipeline->Illuminate\\Pipeline\\{closure}()
#32 /home/hoangnguyen/php/booking-ticket-api/vendor/laravel/framework/src/Illuminate/Pipeline/Pipeline.php(171): Fruitcake\\Cors\\HandleCors->handle()
#33 /home/hoangnguyen/php/booking-ticket-api/vendor/laravel/framework/src/Illuminate/Foundation/Http/Middleware/TransformsRequest.php(21): Illuminate\\Pipeline\\Pipeline->Illuminate\\Pipeline\\{closure}()
#34 /home/hoangnguyen/php/booking-ticket-api/vendor/laravel/framework/src/Illuminate/Pipeline/Pipeline.php(171): Illuminate\\Foundation\\Http\\Middleware\\TransformsRequest->handle()
#35 /home/hoangnguyen/php/booking-ticket-api/vendor/laravel/framework/src/Illuminate/Foundation/Http/Middleware/TransformsRequest.php(21): Illuminate\\Pipeline\\Pipeline->Illuminate\\Pipeline\\{closure}()
#36 /home/hoangnguyen/php/booking-ticket-api/vendor/laravel/framework/src/Illuminate/Pipeline/Pipeline.php(171): Illuminate\\Foundation\\Http\\Middleware\\TransformsRequest->handle()
#37 /home/hoangnguyen/php/booking-ticket-api/vendor/laravel/framework/src/Illuminate/Foundation/Http/Middleware/ValidatePostSize.php(27): Illuminate\\Pipeline\\Pipeline->Illuminate\\Pipeline\\{closure}()
#38 /home/hoangnguyen/php/booking-ticket-api/vendor/laravel/framework/src/Illuminate/Pipeline/Pipeline.php(171): Illuminate\\Foundation\\Http\\Middleware\\ValidatePostSize->handle()
#39 /home/hoangnguyen/php/booking-ticket-api/vendor/laravel/framework/src/Illuminate/Foundation/Http/Middleware/CheckForMaintenanceMode.php(63): Illuminate\\Pipeline\\Pipeline->Illuminate\\Pipeline\\{closure}()
#40 /home/hoangnguyen/php/booking-ticket-api/vendor/laravel/framework/src/Illuminate/Pipeline/Pipeline.php(171): Illuminate\\Foundation\\Http\\Middleware\\CheckForMaintenanceMode->handle()
#41 /home/hoangnguyen/php/booking-ticket-api/vendor/fideloper/proxy/src/TrustProxies.php(57): Illuminate\\Pipeline\\Pipeline->Illuminate\\Pipeline\\{closure}()
#42 /home/hoangnguyen/php/booking-ticket-api/vendor/laravel/framework/src/Illuminate/Pipeline/Pipeline.php(171): Fideloper\\Proxy\\TrustProxies->handle()
#43 /home/hoangnguyen/php/booking-ticket-api/vendor/laravel/framework/src/Illuminate/Pipeline/Pipeline.php(105): Illuminate\\Pipeline\\Pipeline->Illuminate\\Pipeline\\{closure}()
#44 /home/hoangnguyen/php/booking-ticket-api/vendor/laravel/framework/src/Illuminate/Foundation/Http/Kernel.php(145): Illuminate\\Pipeline\\Pipeline->then()
#45 /home/hoangnguyen/php/booking-ticket-api/vendor/laravel/framework/src/Illuminate/Foundation/Http/Kernel.php(110): Illuminate\\Foundation\\Http\\Kernel->sendRequestThroughRouter()
#46 /home/hoangnguyen/php/booking-ticket-api/public/index.php(55): Illuminate\\Foundation\\Http\\Kernel->handle()
#47 /home/hoangnguyen/php/booking-ticket-api/server.php(21): require_once('/home/hoangnguy...')
#48 {main}

[previous exception] [object] (PDOException(code: 22007): SQLSTATE[22007]: Invalid datetime format: 1292 Incorrect date value: ''2021-07-07'' for column 'ngaykhoichieu' at row 1 at /home/hoangnguyen/php/booking-ticket-api/vendor/laravel/framework/src/Illuminate/Database/Connection.php:463)
[stacktrace]
#0 /home/hoangnguyen/php/booking-ticket-api/vendor/laravel/framework/src/Illuminate/Database/Connection.php(463): PDOStatement->execute()
#1 /home/hoangnguyen/php/booking-ticket-api/vendor/laravel/framework/src/Illuminate/Database/Connection.php(662): Illuminate\\Database\\Connection->Illuminate\\Database\\{closure}()
#2 /home/hoangnguyen/php/booking-ticket-api/vendor/laravel/framework/src/Illuminate/Database/Connection.php(629): Illuminate\\Database\\Connection->runQueryCallback()
#3 /home/hoangnguyen/php/booking-ticket-api/vendor/laravel/framework/src/Illuminate/Database/Connection.php(464): Illuminate\\Database\\Connection->run()
#4 /home/hoangnguyen/php/booking-ticket-api/vendor/laravel/framework/src/Illuminate/Database/Connection.php(416): Illuminate\\Database\\Connection->statement()
#5 /home/hoangnguyen/php/booking-ticket-api/vendor/laravel/framework/src/Illuminate/Database/Query/Processors/Processor.php(32): Illuminate\\Database\\Connection->insert()
#6 /home/hoangnguyen/php/booking-ticket-api/vendor/laravel/framework/src/Illuminate/Database/Query/Builder.php(2705): Illuminate\\Database\\Query\\Processors\\Processor->processInsertGetId()
#7 /home/hoangnguyen/php/booking-ticket-api/vendor/laravel/framework/src/Illuminate/Database/Eloquent/Builder.php(1385): Illuminate\\Database\\Query\\Builder->insertGetId()
#8 /home/hoangnguyen/php/booking-ticket-api/vendor/laravel/framework/src/Illuminate/Database/Eloquent/Model.php(840): Illuminate\\Database\\Eloquent\\Builder->__call()
#9 /home/hoangnguyen/php/booking-ticket-api/vendor/laravel/framework/src/Illuminate/Database/Eloquent/Model.php(805): Illuminate\\Database\\Eloquent\\Model->insertAndSetId()
#10 /home/hoangnguyen/php/booking-ticket-api/vendor/laravel/framework/src/Illuminate/Database/Eloquent/Model.php(668): Illuminate\\Database\\Eloquent\\Model->performInsert()
#11 /home/hoangnguyen/php/booking-ticket-api/app/Http/Controllers/FilmController.php(35): Illuminate\\Database\\Eloquent\\Model->save()
#12 /home/hoangnguyen/php/booking-ticket-api/vendor/laravel/framework/src/Illuminate/Routing/Controller.php(54): App\\Http\\Controllers\\FilmController->store()
#13 /home/hoangnguyen/php/booking-ticket-api/vendor/laravel/framework/src/Illuminate/Routing/ControllerDispatcher.php(45): Illuminate\\Routing\\Controller->callAction()
#14 /home/hoangnguyen/php/booking-ticket-api/vendor/laravel/framework/src/Illuminate/Routing/Route.php(219): Illuminate\\Routing\\ControllerDispatcher->dispatch()
#15 /home/hoangnguyen/php/booking-ticket-api/vendor/laravel/framework/src/Illuminate/Routing/Route.php(176): Illuminate\\Routing\\Route->runController()
#16 /home/hoangnguyen/php/booking-ticket-api/vendor/laravel/framework/src/Illuminate/Routing/Router.php(681): Illuminate\\Routing\\Route->run()
#17 /home/hoangnguyen/php/booking-ticket-api/vendor/laravel/framework/src/Illuminate/Pipeline/Pipeline.php(130): Illuminate\\Routing\\Router->Illuminate\\Routing\\{closure}()
#18 /home/hoangnguyen/php/booking-ticket-api/app/Http/Middleware/CheckAdmin.php(53): Illuminate\\Pipeline\\Pipeline->Illuminate\\Pipeline\\{closure}()
#19 /home/hoangnguyen/php/booking-ticket-api/vendor/laravel/framework/src/Illuminate/Pipeline/Pipeline.php(171): App\\Http\\Middleware\\CheckAdmin->handle()
#20 /home/hoangnguyen/php/booking-ticket-api/vendor/fruitcake/laravel-cors/src/HandleCors.php(38): Illuminate\\Pipeline\\Pipeline->Illuminate\\Pipeline\\{closure}()
#21 /home/hoangnguyen/php/booking-ticket-api/vendor/laravel/framework/src/Illuminate/Pipeline/Pipeline.php(171): Fruitcake\\Cors\\HandleCors->handle()
#22 /home/hoangnguyen/php/booking-ticket-api/vendor/laravel/framework/src/Illuminate/Routing/Middleware/SubstituteBindings.php(41): Illuminate\\Pipeline\\Pipeline->Illuminate\\Pipeline\\{closure}()
#23 /home/hoangnguyen/php/booking-ticket-api/vendor/laravel/framework/src/Illuminate/Pipeline/Pipeline.php(171): Illuminate\\Routing\\Middleware\\SubstituteBindings->handle()
#24 /home/hoangnguyen/php/booking-ticket-api/vendor/laravel/framework/src/Illuminate/Routing/Middleware/ThrottleRequests.php(59): Illuminate\\Pipeline\\Pipeline->Illuminate\\Pipeline\\{closure}()
#25 /home/hoangnguyen/php/booking-ticket-api/vendor/laravel/framework/src/Illuminate/Pipeline/Pipeline.php(171): Illuminate\\Routing\\Middleware\\ThrottleRequests->handle()
#26 /home/hoangnguyen/php/booking-ticket-api/vendor/laravel/framework/src/Illuminate/Pipeline/Pipeline.php(105): Illuminate\\Pipeline\\Pipeline->Illuminate\\Pipeline\\{closure}()
#27 /home/hoangnguyen/php/booking-ticket-api/vendor/laravel/framework/src/Illuminate/Routing/Router.php(683): Illuminate\\Pipeline\\Pipeline->then()
#28 /home/hoangnguyen/php/booking-ticket-api/vendor/laravel/framework/src/Illuminate/Routing/Router.php(658): Illuminate\\Routing\\Router->runRouteWithinStack()
#29 /home/hoangnguyen/php/booking-ticket-api/vendor/laravel/framework/src/Illuminate/Routing/Router.php(624): Illuminate\\Routing\\Router->runRoute()
#30 /home/hoangnguyen/php/booking-ticket-api/vendor/laravel/framework/src/Illuminate/Routing/Router.php(613): Illuminate\\Routing\\Router->dispatchToRoute()
#31 /home/hoangnguyen/php/booking-ticket-api/vendor/laravel/framework/src/Illuminate/Foundation/Http/Kernel.php(170): Illuminate\\Routing\\Router->dispatch()
#32 /home/hoangnguyen/php/booking-ticket-api/vendor/laravel/framework/src/Illuminate/Pipeline/Pipeline.php(130): Illuminate\\Foundation\\Http\\Kernel->Illuminate\\Foundation\\Http\\{closure}()
#33 /home/hoangnguyen/php/booking-ticket-api/vendor/fruitcake/laravel-cors/src/HandleCors.php(38): Illuminate\\Pipeline\\Pipeline->Illuminate\\Pipeline\\{closure}()
#34 /home/hoangnguyen/php/booking-ticket-api/vendor/laravel/framework/src/Illuminate/Pipeline/Pipeline.php(171): Fruitcake\\Cors\\HandleCors->handle()
#35 /home/hoangnguyen/php/booking-ticket-api/vendor/laravel/framework/src/Illuminate/Foundation/Http/Middleware/TransformsRequest.php(21): Illuminate\\Pipeline\\Pipeline->Illuminate\\Pipeline\\{closure}()
#36 /home/hoangnguyen/php/booking-ticket-api/vendor/laravel/framework/src/Illuminate/Pipeline/Pipeline.php(171): Illuminate\\Foundation\\Http\\Middleware\\TransformsRequest->handle()
#37 /home/hoangnguyen/php/booking-ticket-api/vendor/laravel/framework/src/Illuminate/Foundation/Http/Middleware/TransformsRequest.php(21): Illuminate\\Pipeline\\Pipeline->Illuminate\\Pipeline\\{closure}()
#38 /home/hoangnguyen/php/booking-ticket-api/vendor/laravel/framework/src/Illuminate/Pipeline/Pipeline.php(171): Illuminate\\Foundation\\Http\\Middleware\\TransformsRequest->handle()
#39 /home/hoangnguyen/php/booking-ticket-api/vendor/laravel/framework/src/Illuminate/Foundation/Http/Middleware/ValidatePostSize.php(27): Illuminate\\Pipeline\\Pipeline->Illuminate\\Pipeline\\{closure}()
#40 /home/hoangnguyen/php/booking-ticket-api/vendor/laravel/framework/src/Illuminate/Pipeline/Pipeline.php(171): Illuminate\\Foundation\\Http\\Middleware\\ValidatePostSize->handle()
#41 /home/hoangnguyen/php/booking-ticket-api/vendor/laravel/framework/src/Illuminate/Foundation/Http/Middleware/CheckForMaintenanceMode.php(63): Illuminate\\Pipeline\\Pipeline->Illuminate\\Pipeline\\{closure}()
#42 /home/hoangnguyen/php/booking-ticket-api/vendor/laravel/framework/src/Illuminate/Pipeline/Pipeline.php(171): Illuminate\\Foundation\\Http\\Middleware\\CheckForMaintenanceMode->handle()
#43 /home/hoangnguyen/php/booking-ticket-api/vendor/fideloper/proxy/src/TrustProxies.php(57): Illuminate\\Pipeline\\Pipeline->Illuminate\\Pipeline\\{closure}()
#44 /home/hoangnguyen/php/booking-ticket-api/vendor/laravel/framework/src/Illuminate/Pipeline/Pipeline.php(171): Fideloper\\Proxy\\TrustProxies->handle()
#45 /home/hoangnguyen/php/booking-ticket-api/vendor/laravel/framework/src/Illuminate/Pipeline/Pipeline.php(105): Illuminate\\Pipeline\\Pipeline->Illuminate\\Pipeline\\{closure}()
#46 /home/hoangnguyen/php/booking-ticket-api/vendor/laravel/framework/src/Illuminate/Foundation/Http/Kernel.php(145): Illuminate\\Pipeline\\Pipeline->then()
#47 /home/hoangnguyen/php/booking-ticket-api/vendor/laravel/framework/src/Illuminate/Foundation/Http/Kernel.php(110): Illuminate\\Foundation\\Http\\Kernel->sendRequestThroughRouter()
#48 /home/hoangnguyen/php/booking-ticket-api/public/index.php(55): Illuminate\\Foundation\\Http\\Kernel->handle()
#49 /home/hoangnguyen/php/booking-ticket-api/server.php(21): require_once('/home/hoangnguy...')
#50 {main}
"} 
[2021-07-07 16:52:22] local.ERROR: Call to undefined method App\Models\Film::mapInto() {"exception":"[object] (BadMethodCallException(code: 0): Call to undefined method App\\Models\\Film::mapInto() at /home/hoangnguyen/php/booking-ticket-api/vendor/laravel/framework/src/Illuminate/Support/Traits/ForwardsCalls.php:50)
[stacktrace]
#0 /home/hoangnguyen/php/booking-ticket-api/vendor/laravel/framework/src/Illuminate/Support/Traits/ForwardsCalls.php(36): Illuminate\\Database\\Eloquent\\Model::throwBadMethodCallException()
#1 /home/hoangnguyen/php/booking-ticket-api/vendor/laravel/framework/src/Illuminate/Database/Eloquent/Model.php(1622): Illuminate\\Database\\Eloquent\\Model->forwardCallTo()
#2 /home/hoangnguyen/php/booking-ticket-api/vendor/laravel/framework/src/Illuminate/Http/Resources/CollectsResources.php(30): Illuminate\\Database\\Eloquent\\Model->__call()
#3 /home/hoangnguyen/php/booking-ticket-api/vendor/laravel/framework/src/Illuminate/Http/Resources/Json/ResourceCollection.php(52): Illuminate\\Http\\Resources\\Json\\ResourceCollection->collectResource()
#4 /home/hoangnguyen/php/booking-ticket-api/app/Http/Controllers/FilmController.php(55): Illuminate\\Http\\Resources\\Json\\ResourceCollection->__construct()
#5 /home/hoangnguyen/php/booking-ticket-api/vendor/laravel/framework/src/Illuminate/Routing/Controller.php(54): App\\Http\\Controllers\\FilmController->show()
#6 /home/hoangnguyen/php/booking-ticket-api/vendor/laravel/framework/src/Illuminate/Routing/ControllerDispatcher.php(45): Illuminate\\Routing\\Controller->callAction()
#7 /home/hoangnguyen/php/booking-ticket-api/vendor/laravel/framework/src/Illuminate/Routing/Route.php(219): Illuminate\\Routing\\ControllerDispatcher->dispatch()
#8 /home/hoangnguyen/php/booking-ticket-api/vendor/laravel/framework/src/Illuminate/Routing/Route.php(176): Illuminate\\Routing\\Route->runController()
#9 /home/hoangnguyen/php/booking-ticket-api/vendor/laravel/framework/src/Illuminate/Routing/Router.php(681): Illuminate\\Routing\\Route->run()
#10 /home/hoangnguyen/php/booking-ticket-api/vendor/laravel/framework/src/Illuminate/Pipeline/Pipeline.php(130): Illuminate\\Routing\\Router->Illuminate\\Routing\\{closure}()
#11 /home/hoangnguyen/php/booking-ticket-api/vendor/fruitcake/laravel-cors/src/HandleCors.php(38): Illuminate\\Pipeline\\Pipeline->Illuminate\\Pipeline\\{closure}()
#12 /home/hoangnguyen/php/booking-ticket-api/vendor/laravel/framework/src/Illuminate/Pipeline/Pipeline.php(171): Fruitcake\\Cors\\HandleCors->handle()
#13 /home/hoangnguyen/php/booking-ticket-api/vendor/laravel/framework/src/Illuminate/Routing/Middleware/SubstituteBindings.php(41): Illuminate\\Pipeline\\Pipeline->Illuminate\\Pipeline\\{closure}()
#14 /home/hoangnguyen/php/booking-ticket-api/vendor/laravel/framework/src/Illuminate/Pipeline/Pipeline.php(171): Illuminate\\Routing\\Middleware\\SubstituteBindings->handle()
#15 /home/hoangnguyen/php/booking-ticket-api/vendor/laravel/framework/src/Illuminate/Routing/Middleware/ThrottleRequests.php(59): Illuminate\\Pipeline\\Pipeline->Illuminate\\Pipeline\\{closure}()
#16 /home/hoangnguyen/php/booking-ticket-api/vendor/laravel/framework/src/Illuminate/Pipeline/Pipeline.php(171): Illuminate\\Routing\\Middleware\\ThrottleRequests->handle()
#17 /home/hoangnguyen/php/booking-ticket-api/vendor/laravel/framework/src/Illuminate/Pipeline/Pipeline.php(105): Illuminate\\Pipeline\\Pipeline->Illuminate\\Pipeline\\{closure}()
#18 /home/hoangnguyen/php/booking-ticket-api/vendor/laravel/framework/src/Illuminate/Routing/Router.php(683): Illuminate\\Pipeline\\Pipeline->then()
#19 /home/hoangnguyen/php/booking-ticket-api/vendor/laravel/framework/src/Illuminate/Routing/Router.php(658): Illuminate\\Routing\\Router->runRouteWithinStack()
#20 /home/hoangnguyen/php/booking-ticket-api/vendor/laravel/framework/src/Illuminate/Routing/Router.php(624): Illuminate\\Routing\\Router->runRoute()
#21 /home/hoangnguyen/php/booking-ticket-api/vendor/laravel/framework/src/Illuminate/Routing/Router.php(613): Illuminate\\Routing\\Router->dispatchToRoute()
#22 /home/hoangnguyen/php/booking-ticket-api/vendor/laravel/framework/src/Illuminate/Foundation/Http/Kernel.php(170): Illuminate\\Routing\\Router->dispatch()
#23 /home/hoangnguyen/php/booking-ticket-api/vendor/laravel/framework/src/Illuminate/Pipeline/Pipeline.php(130): Illuminate\\Foundation\\Http\\Kernel->Illuminate\\Foundation\\Http\\{closure}()
#24 /home/hoangnguyen/php/booking-ticket-api/vendor/fruitcake/laravel-cors/src/HandleCors.php(38): Illuminate\\Pipeline\\Pipeline->Illuminate\\Pipeline\\{closure}()
#25 /home/hoangnguyen/php/booking-ticket-api/vendor/laravel/framework/src/Illuminate/Pipeline/Pipeline.php(171): Fruitcake\\Cors\\HandleCors->handle()
#26 /home/hoangnguyen/php/booking-ticket-api/vendor/laravel/framework/src/Illuminate/Foundation/Http/Middleware/TransformsRequest.php(21): Illuminate\\Pipeline\\Pipeline->Illuminate\\Pipeline\\{closure}()
#27 /home/hoangnguyen/php/booking-ticket-api/vendor/laravel/framework/src/Illuminate/Pipeline/Pipeline.php(171): Illuminate\\Foundation\\Http\\Middleware\\TransformsRequest->handle()
#28 /home/hoangnguyen/php/booking-ticket-api/vendor/laravel/framework/src/Illuminate/Foundation/Http/Middleware/TransformsRequest.php(21): Illuminate\\Pipeline\\Pipeline->Illuminate\\Pipeline\\{closure}()
#29 /home/hoangnguyen/php/booking-ticket-api/vendor/laravel/framework/src/Illuminate/Pipeline/Pipeline.php(171): Illuminate\\Foundation\\Http\\Middleware\\TransformsRequest->handle()
#30 /home/hoangnguyen/php/booking-ticket-api/vendor/laravel/framework/src/Illuminate/Foundation/Http/Middleware/ValidatePostSize.php(27): Illuminate\\Pipeline\\Pipeline->Illuminate\\Pipeline\\{closure}()
#31 /home/hoangnguyen/php/booking-ticket-api/vendor/laravel/framework/src/Illuminate/Pipeline/Pipeline.php(171): Illuminate\\Foundation\\Http\\Middleware\\ValidatePostSize->handle()
#32 /home/hoangnguyen/php/booking-ticket-api/vendor/laravel/framework/src/Illuminate/Foundation/Http/Middleware/CheckForMaintenanceMode.php(63): Illuminate\\Pipeline\\Pipeline->Illuminate\\Pipeline\\{closure}()
#33 /home/hoangnguyen/php/booking-ticket-api/vendor/laravel/framework/src/Illuminate/Pipeline/Pipeline.php(171): Illuminate\\Foundation\\Http\\Middleware\\CheckForMaintenanceMode->handle()
#34 /home/hoangnguyen/php/booking-ticket-api/vendor/fideloper/proxy/src/TrustProxies.php(57): Illuminate\\Pipeline\\Pipeline->Illuminate\\Pipeline\\{closure}()
#35 /home/hoangnguyen/php/booking-ticket-api/vendor/laravel/framework/src/Illuminate/Pipeline/Pipeline.php(171): Fideloper\\Proxy\\TrustProxies->handle()
#36 /home/hoangnguyen/php/booking-ticket-api/vendor/laravel/framework/src/Illuminate/Pipeline/Pipeline.php(105): Illuminate\\Pipeline\\Pipeline->Illuminate\\Pipeline\\{closure}()
#37 /home/hoangnguyen/php/booking-ticket-api/vendor/laravel/framework/src/Illuminate/Foundation/Http/Kernel.php(145): Illuminate\\Pipeline\\Pipeline->then()
#38 /home/hoangnguyen/php/booking-ticket-api/vendor/laravel/framework/src/Illuminate/Foundation/Http/Kernel.php(110): Illuminate\\Foundation\\Http\\Kernel->sendRequestThroughRouter()
#39 /home/hoangnguyen/php/booking-ticket-api/public/index.php(55): Illuminate\\Foundation\\Http\\Kernel->handle()
#40 /home/hoangnguyen/php/booking-ticket-api/server.php(21): require_once('/home/hoangnguy...')
#41 {main}
"} 
[2021-07-07 16:55:54] local.ERROR: Call to undefined method App\Models\Film::mapInto() {"exception":"[object] (BadMethodCallException(code: 0): Call to undefined method App\\Models\\Film::mapInto() at /home/hoangnguyen/php/booking-ticket-api/vendor/laravel/framework/src/Illuminate/Support/Traits/ForwardsCalls.php:50)
[stacktrace]
#0 /home/hoangnguyen/php/booking-ticket-api/vendor/laravel/framework/src/Illuminate/Support/Traits/ForwardsCalls.php(36): Illuminate\\Database\\Eloquent\\Model::throwBadMethodCallException()
#1 /home/hoangnguyen/php/booking-ticket-api/vendor/laravel/framework/src/Illuminate/Database/Eloquent/Model.php(1622): Illuminate\\Database\\Eloquent\\Model->forwardCallTo()
#2 /home/hoangnguyen/php/booking-ticket-api/vendor/laravel/framework/src/Illuminate/Http/Resources/CollectsResources.php(30): Illuminate\\Database\\Eloquent\\Model->__call()
#3 /home/hoangnguyen/php/booking-ticket-api/vendor/laravel/framework/src/Illuminate/Http/Resources/Json/ResourceCollection.php(52): Illuminate\\Http\\Resources\\Json\\ResourceCollection->collectResource()
#4 /home/hoangnguyen/php/booking-ticket-api/app/Http/Controllers/FilmController.php(56): Illuminate\\Http\\Resources\\Json\\ResourceCollection->__construct()
#5 /home/hoangnguyen/php/booking-ticket-api/vendor/laravel/framework/src/Illuminate/Routing/Controller.php(54): App\\Http\\Controllers\\FilmController->show()
#6 /home/hoangnguyen/php/booking-ticket-api/vendor/laravel/framework/src/Illuminate/Routing/ControllerDispatcher.php(45): Illuminate\\Routing\\Controller->callAction()
#7 /home/hoangnguyen/php/booking-ticket-api/vendor/laravel/framework/src/Illuminate/Routing/Route.php(219): Illuminate\\Routing\\ControllerDispatcher->dispatch()
#8 /home/hoangnguyen/php/booking-ticket-api/vendor/laravel/framework/src/Illuminate/Routing/Route.php(176): Illuminate\\Routing\\Route->runController()
#9 /home/hoangnguyen/php/booking-ticket-api/vendor/laravel/framework/src/Illuminate/Routing/Router.php(681): Illuminate\\Routing\\Route->run()
#10 /home/hoangnguyen/php/booking-ticket-api/vendor/laravel/framework/src/Illuminate/Pipeline/Pipeline.php(130): Illuminate\\Routing\\Router->Illuminate\\Routing\\{closure}()
#11 /home/hoangnguyen/php/booking-ticket-api/vendor/fruitcake/laravel-cors/src/HandleCors.php(38): Illuminate\\Pipeline\\Pipeline->Illuminate\\Pipeline\\{closure}()
#12 /home/hoangnguyen/php/booking-ticket-api/vendor/laravel/framework/src/Illuminate/Pipeline/Pipeline.php(171): Fruitcake\\Cors\\HandleCors->handle()
#13 /home/hoangnguyen/php/booking-ticket-api/vendor/laravel/framework/src/Illuminate/Routing/Middleware/SubstituteBindings.php(41): Illuminate\\Pipeline\\Pipeline->Illuminate\\Pipeline\\{closure}()
#14 /home/hoangnguyen/php/booking-ticket-api/vendor/laravel/framework/src/Illuminate/Pipeline/Pipeline.php(171): Illuminate\\Routing\\Middleware\\SubstituteBindings->handle()
#15 /home/hoangnguyen/php/booking-ticket-api/vendor/laravel/framework/src/Illuminate/Routing/Middleware/ThrottleRequests.php(59): Illuminate\\Pipeline\\Pipeline->Illuminate\\Pipeline\\{closure}()
#16 /home/hoangnguyen/php/booking-ticket-api/vendor/laravel/framework/src/Illuminate/Pipeline/Pipeline.php(171): Illuminate\\Routing\\Middleware\\ThrottleRequests->handle()
#17 /home/hoangnguyen/php/booking-ticket-api/vendor/laravel/framework/src/Illuminate/Pipeline/Pipeline.php(105): Illuminate\\Pipeline\\Pipeline->Illuminate\\Pipeline\\{closure}()
#18 /home/hoangnguyen/php/booking-ticket-api/vendor/laravel/framework/src/Illuminate/Routing/Router.php(683): Illuminate\\Pipeline\\Pipeline->then()
#19 /home/hoangnguyen/php/booking-ticket-api/vendor/laravel/framework/src/Illuminate/Routing/Router.php(658): Illuminate\\Routing\\Router->runRouteWithinStack()
#20 /home/hoangnguyen/php/booking-ticket-api/vendor/laravel/framework/src/Illuminate/Routing/Router.php(624): Illuminate\\Routing\\Router->runRoute()
#21 /home/hoangnguyen/php/booking-ticket-api/vendor/laravel/framework/src/Illuminate/Routing/Router.php(613): Illuminate\\Routing\\Router->dispatchToRoute()
#22 /home/hoangnguyen/php/booking-ticket-api/vendor/laravel/framework/src/Illuminate/Foundation/Http/Kernel.php(170): Illuminate\\Routing\\Router->dispatch()
#23 /home/hoangnguyen/php/booking-ticket-api/vendor/laravel/framework/src/Illuminate/Pipeline/Pipeline.php(130): Illuminate\\Foundation\\Http\\Kernel->Illuminate\\Foundation\\Http\\{closure}()
#24 /home/hoangnguyen/php/booking-ticket-api/vendor/fruitcake/laravel-cors/src/HandleCors.php(38): Illuminate\\Pipeline\\Pipeline->Illuminate\\Pipeline\\{closure}()
#25 /home/hoangnguyen/php/booking-ticket-api/vendor/laravel/framework/src/Illuminate/Pipeline/Pipeline.php(171): Fruitcake\\Cors\\HandleCors->handle()
#26 /home/hoangnguyen/php/booking-ticket-api/vendor/laravel/framework/src/Illuminate/Foundation/Http/Middleware/TransformsRequest.php(21): Illuminate\\Pipeline\\Pipeline->Illuminate\\Pipeline\\{closure}()
#27 /home/hoangnguyen/php/booking-ticket-api/vendor/laravel/framework/src/Illuminate/Pipeline/Pipeline.php(171): Illuminate\\Foundation\\Http\\Middleware\\TransformsRequest->handle()
#28 /home/hoangnguyen/php/booking-ticket-api/vendor/laravel/framework/src/Illuminate/Foundation/Http/Middleware/TransformsRequest.php(21): Illuminate\\Pipeline\\Pipeline->Illuminate\\Pipeline\\{closure}()
#29 /home/hoangnguyen/php/booking-ticket-api/vendor/laravel/framework/src/Illuminate/Pipeline/Pipeline.php(171): Illuminate\\Foundation\\Http\\Middleware\\TransformsRequest->handle()
#30 /home/hoangnguyen/php/booking-ticket-api/vendor/laravel/framework/src/Illuminate/Foundation/Http/Middleware/ValidatePostSize.php(27): Illuminate\\Pipeline\\Pipeline->Illuminate\\Pipeline\\{closure}()
#31 /home/hoangnguyen/php/booking-ticket-api/vendor/laravel/framework/src/Illuminate/Pipeline/Pipeline.php(171): Illuminate\\Foundation\\Http\\Middleware\\ValidatePostSize->handle()
#32 /home/hoangnguyen/php/booking-ticket-api/vendor/laravel/framework/src/Illuminate/Foundation/Http/Middleware/CheckForMaintenanceMode.php(63): Illuminate\\Pipeline\\Pipeline->Illuminate\\Pipeline\\{closure}()
#33 /home/hoangnguyen/php/booking-ticket-api/vendor/laravel/framework/src/Illuminate/Pipeline/Pipeline.php(171): Illuminate\\Foundation\\Http\\Middleware\\CheckForMaintenanceMode->handle()
#34 /home/hoangnguyen/php/booking-ticket-api/vendor/fideloper/proxy/src/TrustProxies.php(57): Illuminate\\Pipeline\\Pipeline->Illuminate\\Pipeline\\{closure}()
#35 /home/hoangnguyen/php/booking-ticket-api/vendor/laravel/framework/src/Illuminate/Pipeline/Pipeline.php(171): Fideloper\\Proxy\\TrustProxies->handle()
#36 /home/hoangnguyen/php/booking-ticket-api/vendor/laravel/framework/src/Illuminate/Pipeline/Pipeline.php(105): Illuminate\\Pipeline\\Pipeline->Illuminate\\Pipeline\\{closure}()
#37 /home/hoangnguyen/php/booking-ticket-api/vendor/laravel/framework/src/Illuminate/Foundation/Http/Kernel.php(145): Illuminate\\Pipeline\\Pipeline->then()
#38 /home/hoangnguyen/php/booking-ticket-api/vendor/laravel/framework/src/Illuminate/Foundation/Http/Kernel.php(110): Illuminate\\Foundation\\Http\\Kernel->sendRequestThroughRouter()
#39 /home/hoangnguyen/php/booking-ticket-api/public/index.php(55): Illuminate\\Foundation\\Http\\Kernel->handle()
#40 /home/hoangnguyen/php/booking-ticket-api/server.php(21): require_once('/home/hoangnguy...')
#41 {main}
"} 
[2021-07-07 17:11:18] local.ERROR: Invalid route action: [App\Http\Controllers\FilmController]. {"exception":"[object] (UnexpectedValueException(code: 0): Invalid route action: [App\\Http\\Controllers\\FilmController]. at /home/hoangnguyen/php/booking-ticket-api/vendor/laravel/framework/src/Illuminate/Routing/RouteAction.php:92)
[stacktrace]
#0 /home/hoangnguyen/php/booking-ticket-api/vendor/laravel/framework/src/Illuminate/Routing/RouteAction.php(47): Illuminate\\Routing\\RouteAction::makeInvokable()
#1 /home/hoangnguyen/php/booking-ticket-api/vendor/laravel/framework/src/Illuminate/Routing/Route.php(162): Illuminate\\Routing\\RouteAction::parse()
#2 /home/hoangnguyen/php/booking-ticket-api/vendor/laravel/framework/src/Illuminate/Routing/Route.php(141): Illuminate\\Routing\\Route->parseAction()
#3 /home/hoangnguyen/php/booking-ticket-api/vendor/laravel/framework/src/Illuminate/Routing/Router.php(548): Illuminate\\Routing\\Route->__construct()
#4 /home/hoangnguyen/php/booking-ticket-api/vendor/laravel/framework/src/Illuminate/Routing/Router.php(467): Illuminate\\Routing\\Router->newRoute()
#5 /home/hoangnguyen/php/booking-ticket-api/vendor/laravel/framework/src/Illuminate/Routing/Router.php(446): Illuminate\\Routing\\Router->createRoute()
#6 /home/hoangnguyen/php/booking-ticket-api/vendor/laravel/framework/src/Illuminate/Routing/Router.php(145): Illuminate\\Routing\\Router->addRoute()
#7 /home/hoangnguyen/php/booking-ticket-api/vendor/laravel/framework/src/Illuminate/Support/Facades/Facade.php(261): Illuminate\\Routing\\Router->get()
#8 /home/hoangnguyen/php/booking-ticket-api/routes/api.php(60): Illuminate\\Support\\Facades\\Facade::__callStatic()
#9 /home/hoangnguyen/php/booking-ticket-api/vendor/laravel/framework/src/Illuminate/Routing/Router.php(414): Illuminate\\Routing\\RouteFileRegistrar->{closure}()
#10 /home/hoangnguyen/php/booking-ticket-api/vendor/laravel/framework/src/Illuminate/Routing/Router.php(374): Illuminate\\Routing\\Router->loadRoutes()
#11 /home/hoangnguyen/php/booking-ticket-api/vendor/laravel/framework/src/Illuminate/Support/Facades/Facade.php(261): Illuminate\\Routing\\Router->group()
#12 /home/hoangnguyen/php/booking-ticket-api/routes/api.php(62): Illuminate\\Support\\Facades\\Facade::__callStatic()
#13 /home/hoangnguyen/php/booking-ticket-api/vendor/laravel/framework/src/Illuminate/Routing/Router.php(414): Illuminate\\Routing\\RouteFileRegistrar->{closure}()
#14 /home/hoangnguyen/php/booking-ticket-api/vendor/laravel/framework/src/Illuminate/Routing/Router.php(374): Illuminate\\Routing\\Router->loadRoutes()
#15 /home/hoangnguyen/php/booking-ticket-api/vendor/laravel/framework/src/Illuminate/Routing/RouteRegistrar.php(122): Illuminate\\Routing\\Router->group()
#16 /home/hoangnguyen/php/booking-ticket-api/routes/api.php(63): Illuminate\\Routing\\RouteRegistrar->group()
#17 /home/hoangnguyen/php/booking-ticket-api/vendor/laravel/framework/src/Illuminate/Routing/RouteFileRegistrar.php(35): require('/home/hoangnguy...')
#18 /home/hoangnguyen/php/booking-ticket-api/vendor/laravel/framework/src/Illuminate/Routing/Router.php(416): Illuminate\\Routing\\RouteFileRegistrar->register()
#19 /home/hoangnguyen/php/booking-ticket-api/vendor/laravel/framework/src/Illuminate/Routing/Router.php(374): Illuminate\\Routing\\Router->loadRoutes()
#20 /home/hoangnguyen/php/booking-ticket-api/vendor/laravel/framework/src/Illuminate/Routing/RouteRegistrar.php(122): Illuminate\\Routing\\Router->group()
#21 /home/hoangnguyen/php/booking-ticket-api/app/Providers/RouteServiceProvider.php(71): Illuminate\\Routing\\RouteRegistrar->group()
#22 /home/hoangnguyen/php/booking-ticket-api/app/Providers/RouteServiceProvider.php(38): App\\Providers\\RouteServiceProvider->mapApiRoutes()
#23 /home/hoangnguyen/php/booking-ticket-api/vendor/laravel/framework/src/Illuminate/Container/BoundMethod.php(36): App\\Providers\\RouteServiceProvider->map()
#24 /home/hoangnguyen/php/booking-ticket-api/vendor/laravel/framework/src/Illuminate/Container/Util.php(37): Illuminate\\Container\\BoundMethod::Illuminate\\Container\\{closure}()
#25 /home/hoangnguyen/php/booking-ticket-api/vendor/laravel/framework/src/Illuminate/Container/BoundMethod.php(93): Illuminate\\Container\\Util::unwrapIfClosure()
#26 /home/hoangnguyen/php/booking-ticket-api/vendor/laravel/framework/src/Illuminate/Container/BoundMethod.php(37): Illuminate\\Container\\BoundMethod::callBoundMethod()
#27 /home/hoangnguyen/php/booking-ticket-api/vendor/laravel/framework/src/Illuminate/Container/Container.php(590): Illuminate\\Container\\BoundMethod::call()
#28 /home/hoangnguyen/php/booking-ticket-api/vendor/laravel/framework/src/Illuminate/Foundation/Support/Providers/RouteServiceProvider.php(87): Illuminate\\Container\\Container->call()
#29 /home/hoangnguyen/php/booking-ticket-api/vendor/laravel/framework/src/Illuminate/Foundation/Support/Providers/RouteServiceProvider.php(36): Illuminate\\Foundation\\Support\\Providers\\RouteServiceProvider->loadRoutes()
#30 /home/hoangnguyen/php/booking-ticket-api/app/Providers/RouteServiceProvider.php(28): Illuminate\\Foundation\\Support\\Providers\\RouteServiceProvider->boot()
#31 /home/hoangnguyen/php/booking-ticket-api/vendor/laravel/framework/src/Illuminate/Container/BoundMethod.php(36): App\\Providers\\RouteServiceProvider->boot()
#32 /home/hoangnguyen/php/booking-ticket-api/vendor/laravel/framework/src/Illuminate/Container/Util.php(37): Illuminate\\Container\\BoundMethod::Illuminate\\Container\\{closure}()
#33 /home/hoangnguyen/php/booking-ticket-api/vendor/laravel/framework/src/Illuminate/Container/BoundMethod.php(93): Illuminate\\Container\\Util::unwrapIfClosure()
#34 /home/hoangnguyen/php/booking-ticket-api/vendor/laravel/framework/src/Illuminate/Container/BoundMethod.php(37): Illuminate\\Container\\BoundMethod::callBoundMethod()
#35 /home/hoangnguyen/php/booking-ticket-api/vendor/laravel/framework/src/Illuminate/Container/Container.php(590): Illuminate\\Container\\BoundMethod::call()
#36 /home/hoangnguyen/php/booking-ticket-api/vendor/laravel/framework/src/Illuminate/Foundation/Application.php(856): Illuminate\\Container\\Container->call()
#37 /home/hoangnguyen/php/booking-ticket-api/vendor/laravel/framework/src/Illuminate/Foundation/Application.php(839): Illuminate\\Foundation\\Application->bootProvider()
#38 [internal function]: Illuminate\\Foundation\\Application->Illuminate\\Foundation\\{closure}()
#39 /home/hoangnguyen/php/booking-ticket-api/vendor/laravel/framework/src/Illuminate/Foundation/Application.php(840): array_walk()
#40 /home/hoangnguyen/php/booking-ticket-api/vendor/laravel/framework/src/Illuminate/Foundation/Bootstrap/BootProviders.php(17): Illuminate\\Foundation\\Application->boot()
#41 /home/hoangnguyen/php/booking-ticket-api/vendor/laravel/framework/src/Illuminate/Foundation/Application.php(219): Illuminate\\Foundation\\Bootstrap\\BootProviders->bootstrap()
#42 /home/hoangnguyen/php/booking-ticket-api/vendor/laravel/framework/src/Illuminate/Foundation/Http/Kernel.php(156): Illuminate\\Foundation\\Application->bootstrapWith()
#43 /home/hoangnguyen/php/booking-ticket-api/vendor/laravel/framework/src/Illuminate/Foundation/Http/Kernel.php(140): Illuminate\\Foundation\\Http\\Kernel->bootstrap()
#44 /home/hoangnguyen/php/booking-ticket-api/vendor/laravel/framework/src/Illuminate/Foundation/Http/Kernel.php(110): Illuminate\\Foundation\\Http\\Kernel->sendRequestThroughRouter()
#45 /home/hoangnguyen/php/booking-ticket-api/public/index.php(55): Illuminate\\Foundation\\Http\\Kernel->handle()
#46 /home/hoangnguyen/php/booking-ticket-api/server.php(21): require_once('/home/hoangnguy...')
#47 {main}
"} 
[2021-07-07 17:31:27] local.ERROR: During class fetch: Uncaught ErrorException: include(/home/hoangnguyen/php/booking-ticket-api/vendor/composer/../../app/Http/Controllers/Traits/FileUploadTrait.php): failed to open stream: No such file or directory in /home/hoangnguyen/php/booking-ticket-api/vendor/composer/ClassLoader.php:478
Stack trace:
#0 /home/hoangnguyen/php/booking-ticket-api/vendor/composer/ClassLoader.php(478): Illuminate\Foundation\Bootstrap\HandleExceptions->handleError()
#1 /home/hoangnguyen/php/booking-ticket-api/vendor/composer/ClassLoader.php(478): include()
#2 /home/hoangnguyen/php/booking-ticket-api/vendor/composer/ClassLoader.php(346): Composer\Autoload\includeFile()
#3 [internal function]: Composer\Autoload\ClassLoader->loadClass()
#4 /home/hoangnguyen/php/booking-ticket-api/app/Http/Controllers/FilmController.php(13): spl_autoload_call()
#5 /home/hoangnguyen/php/booking-ticket-api/vendor/composer/ClassLoader.php(478): include('/home/hoangnguy...')
#6 /home/hoangnguyen/php/booking-ticket-api/vendor/composer/ClassLoader.php( {"exception":"[object] (Symfony\\Component\\Debug\\Exception\\FatalErrorException(code: 1): During class fetch: Uncaught ErrorException: include(/home/hoangnguyen/php/booking-ticket-api/vendor/composer/../../app/Http/Controllers/Traits/FileUploadTrait.php): failed to open stream: No such file or directory in /home/hoangnguyen/php/booking-ticket-api/vendor/composer/ClassLoader.php:478
Stack trace:
#0 /home/hoangnguyen/php/booking-ticket-api/vendor/composer/ClassLoader.php(478): Illuminate\\Foundation\\Bootstrap\\HandleExceptions->handleError()
#1 /home/hoangnguyen/php/booking-ticket-api/vendor/composer/ClassLoader.php(478): include()
#2 /home/hoangnguyen/php/booking-ticket-api/vendor/composer/ClassLoader.php(346): Composer\\Autoload\\includeFile()
#3 [internal function]: Composer\\Autoload\\ClassLoader->loadClass()
#4 /home/hoangnguyen/php/booking-ticket-api/app/Http/Controllers/FilmController.php(13): spl_autoload_call()
#5 /home/hoangnguyen/php/booking-ticket-api/vendor/composer/ClassLoader.php(478): include('/home/hoangnguy...')
#6 /home/hoangnguyen/php/booking-ticket-api/vendor/composer/ClassLoader.php( at /home/hoangnguyen/php/booking-ticket-api/app/Http/Controllers/FilmController.php:13)
[stacktrace]
#0 {main}
"} 
[2021-07-07 17:31:56] local.ERROR: During class fetch: Uncaught ErrorException: include(/home/hoangnguyen/php/booking-ticket-api/vendor/composer/../../app/Http/Controllers/Traits/FileUploadTrait.php): failed to open stream: No such file or directory in /home/hoangnguyen/php/booking-ticket-api/vendor/composer/ClassLoader.php:478
Stack trace:
#0 /home/hoangnguyen/php/booking-ticket-api/vendor/composer/ClassLoader.php(478): Illuminate\Foundation\Bootstrap\HandleExceptions->handleError()
#1 /home/hoangnguyen/php/booking-ticket-api/vendor/composer/ClassLoader.php(478): include()
#2 /home/hoangnguyen/php/booking-ticket-api/vendor/composer/ClassLoader.php(346): Composer\Autoload\includeFile()
#3 [internal function]: Composer\Autoload\ClassLoader->loadClass()
#4 /home/hoangnguyen/php/booking-ticket-api/app/Http/Controllers/FilmController.php(13): spl_autoload_call()
#5 /home/hoangnguyen/php/booking-ticket-api/vendor/composer/ClassLoader.php(478): include('/home/hoangnguy...')
#6 /home/hoangnguyen/php/booking-ticket-api/vendor/composer/ClassLoader.php( {"exception":"[object] (Symfony\\Component\\Debug\\Exception\\FatalErrorException(code: 1): During class fetch: Uncaught ErrorException: include(/home/hoangnguyen/php/booking-ticket-api/vendor/composer/../../app/Http/Controllers/Traits/FileUploadTrait.php): failed to open stream: No such file or directory in /home/hoangnguyen/php/booking-ticket-api/vendor/composer/ClassLoader.php:478
Stack trace:
#0 /home/hoangnguyen/php/booking-ticket-api/vendor/composer/ClassLoader.php(478): Illuminate\\Foundation\\Bootstrap\\HandleExceptions->handleError()
#1 /home/hoangnguyen/php/booking-ticket-api/vendor/composer/ClassLoader.php(478): include()
#2 /home/hoangnguyen/php/booking-ticket-api/vendor/composer/ClassLoader.php(346): Composer\\Autoload\\includeFile()
#3 [internal function]: Composer\\Autoload\\ClassLoader->loadClass()
#4 /home/hoangnguyen/php/booking-ticket-api/app/Http/Controllers/FilmController.php(13): spl_autoload_call()
#5 /home/hoangnguyen/php/booking-ticket-api/vendor/composer/ClassLoader.php(478): include('/home/hoangnguy...')
#6 /home/hoangnguyen/php/booking-ticket-api/vendor/composer/ClassLoader.php( at /home/hoangnguyen/php/booking-ticket-api/app/Http/Controllers/FilmController.php:13)
[stacktrace]
#0 {main}
"} 
[2021-07-07 17:37:15] local.ERROR: Method Illuminate\Database\Eloquent\Collection::paginate does not exist. {"exception":"[object] (BadMethodCallException(code: 0): Method Illuminate\\Database\\Eloquent\\Collection::paginate does not exist. at /home/hoangnguyen/php/booking-ticket-api/vendor/laravel/framework/src/Illuminate/Support/Traits/Macroable.php:103)
[stacktrace]
#0 /home/hoangnguyen/php/booking-ticket-api/app/Http/Controllers/FilmController.php(23): Illuminate\\Support\\Collection->__call()
#1 /home/hoangnguyen/php/booking-ticket-api/vendor/laravel/framework/src/Illuminate/Routing/Controller.php(54): App\\Http\\Controllers\\FilmController->index()
#2 /home/hoangnguyen/php/booking-ticket-api/vendor/laravel/framework/src/Illuminate/Routing/ControllerDispatcher.php(45): Illuminate\\Routing\\Controller->callAction()
#3 /home/hoangnguyen/php/booking-ticket-api/vendor/laravel/framework/src/Illuminate/Routing/Route.php(219): Illuminate\\Routing\\ControllerDispatcher->dispatch()
#4 /home/hoangnguyen/php/booking-ticket-api/vendor/laravel/framework/src/Illuminate/Routing/Route.php(176): Illuminate\\Routing\\Route->runController()
#5 /home/hoangnguyen/php/booking-ticket-api/vendor/laravel/framework/src/Illuminate/Routing/Router.php(681): Illuminate\\Routing\\Route->run()
#6 /home/hoangnguyen/php/booking-ticket-api/vendor/laravel/framework/src/Illuminate/Pipeline/Pipeline.php(130): Illuminate\\Routing\\Router->Illuminate\\Routing\\{closure}()
#7 /home/hoangnguyen/php/booking-ticket-api/vendor/fruitcake/laravel-cors/src/HandleCors.php(38): Illuminate\\Pipeline\\Pipeline->Illuminate\\Pipeline\\{closure}()
#8 /home/hoangnguyen/php/booking-ticket-api/vendor/laravel/framework/src/Illuminate/Pipeline/Pipeline.php(171): Fruitcake\\Cors\\HandleCors->handle()
#9 /home/hoangnguyen/php/booking-ticket-api/vendor/laravel/framework/src/Illuminate/Routing/Middleware/SubstituteBindings.php(41): Illuminate\\Pipeline\\Pipeline->Illuminate\\Pipeline\\{closure}()
#10 /home/hoangnguyen/php/booking-ticket-api/vendor/laravel/framework/src/Illuminate/Pipeline/Pipeline.php(171): Illuminate\\Routing\\Middleware\\SubstituteBindings->handle()
#11 /home/hoangnguyen/php/booking-ticket-api/vendor/laravel/framework/src/Illuminate/Routing/Middleware/ThrottleRequests.php(59): Illuminate\\Pipeline\\Pipeline->Illuminate\\Pipeline\\{closure}()
#12 /home/hoangnguyen/php/booking-ticket-api/vendor/laravel/framework/src/Illuminate/Pipeline/Pipeline.php(171): Illuminate\\Routing\\Middleware\\ThrottleRequests->handle()
#13 /home/hoangnguyen/php/booking-ticket-api/vendor/laravel/framework/src/Illuminate/Pipeline/Pipeline.php(105): Illuminate\\Pipeline\\Pipeline->Illuminate\\Pipeline\\{closure}()
#14 /home/hoangnguyen/php/booking-ticket-api/vendor/laravel/framework/src/Illuminate/Routing/Router.php(683): Illuminate\\Pipeline\\Pipeline->then()
#15 /home/hoangnguyen/php/booking-ticket-api/vendor/laravel/framework/src/Illuminate/Routing/Router.php(658): Illuminate\\Routing\\Router->runRouteWithinStack()
#16 /home/hoangnguyen/php/booking-ticket-api/vendor/laravel/framework/src/Illuminate/Routing/Router.php(624): Illuminate\\Routing\\Router->runRoute()
#17 /home/hoangnguyen/php/booking-ticket-api/vendor/laravel/framework/src/Illuminate/Routing/Router.php(613): Illuminate\\Routing\\Router->dispatchToRoute()
#18 /home/hoangnguyen/php/booking-ticket-api/vendor/laravel/framework/src/Illuminate/Foundation/Http/Kernel.php(170): Illuminate\\Routing\\Router->dispatch()
#19 /home/hoangnguyen/php/booking-ticket-api/vendor/laravel/framework/src/Illuminate/Pipeline/Pipeline.php(130): Illuminate\\Foundation\\Http\\Kernel->Illuminate\\Foundation\\Http\\{closure}()
#20 /home/hoangnguyen/php/booking-ticket-api/vendor/fruitcake/laravel-cors/src/HandleCors.php(38): Illuminate\\Pipeline\\Pipeline->Illuminate\\Pipeline\\{closure}()
#21 /home/hoangnguyen/php/booking-ticket-api/vendor/laravel/framework/src/Illuminate/Pipeline/Pipeline.php(171): Fruitcake\\Cors\\HandleCors->handle()
#22 /home/hoangnguyen/php/booking-ticket-api/vendor/laravel/framework/src/Illuminate/Foundation/Http/Middleware/TransformsRequest.php(21): Illuminate\\Pipeline\\Pipeline->Illuminate\\Pipeline\\{closure}()
#23 /home/hoangnguyen/php/booking-ticket-api/vendor/laravel/framework/src/Illuminate/Pipeline/Pipeline.php(171): Illuminate\\Foundation\\Http\\Middleware\\TransformsRequest->handle()
#24 /home/hoangnguyen/php/booking-ticket-api/vendor/laravel/framework/src/Illuminate/Foundation/Http/Middleware/TransformsRequest.php(21): Illuminate\\Pipeline\\Pipeline->Illuminate\\Pipeline\\{closure}()
#25 /home/hoangnguyen/php/booking-ticket-api/vendor/laravel/framework/src/Illuminate/Pipeline/Pipeline.php(171): Illuminate\\Foundation\\Http\\Middleware\\TransformsRequest->handle()
#26 /home/hoangnguyen/php/booking-ticket-api/vendor/laravel/framework/src/Illuminate/Foundation/Http/Middleware/ValidatePostSize.php(27): Illuminate\\Pipeline\\Pipeline->Illuminate\\Pipeline\\{closure}()
#27 /home/hoangnguyen/php/booking-ticket-api/vendor/laravel/framework/src/Illuminate/Pipeline/Pipeline.php(171): Illuminate\\Foundation\\Http\\Middleware\\ValidatePostSize->handle()
#28 /home/hoangnguyen/php/booking-ticket-api/vendor/laravel/framework/src/Illuminate/Foundation/Http/Middleware/CheckForMaintenanceMode.php(63): Illuminate\\Pipeline\\Pipeline->Illuminate\\Pipeline\\{closure}()
#29 /home/hoangnguyen/php/booking-ticket-api/vendor/laravel/framework/src/Illuminate/Pipeline/Pipeline.php(171): Illuminate\\Foundation\\Http\\Middleware\\CheckForMaintenanceMode->handle()
#30 /home/hoangnguyen/php/booking-ticket-api/vendor/fideloper/proxy/src/TrustProxies.php(57): Illuminate\\Pipeline\\Pipeline->Illuminate\\Pipeline\\{closure}()
#31 /home/hoangnguyen/php/booking-ticket-api/vendor/laravel/framework/src/Illuminate/Pipeline/Pipeline.php(171): Fideloper\\Proxy\\TrustProxies->handle()
#32 /home/hoangnguyen/php/booking-ticket-api/vendor/laravel/framework/src/Illuminate/Pipeline/Pipeline.php(105): Illuminate\\Pipeline\\Pipeline->Illuminate\\Pipeline\\{closure}()
#33 /home/hoangnguyen/php/booking-ticket-api/vendor/laravel/framework/src/Illuminate/Foundation/Http/Kernel.php(145): Illuminate\\Pipeline\\Pipeline->then()
#34 /home/hoangnguyen/php/booking-ticket-api/vendor/laravel/framework/src/Illuminate/Foundation/Http/Kernel.php(110): Illuminate\\Foundation\\Http\\Kernel->sendRequestThroughRouter()
#35 /home/hoangnguyen/php/booking-ticket-api/public/index.php(55): Illuminate\\Foundation\\Http\\Kernel->handle()
#36 /home/hoangnguyen/php/booking-ticket-api/server.php(21): require_once('/home/hoangnguy...')
#37 {main}
"} 
[2021-07-07 17:37:47] local.ERROR: syntax error, unexpected '->' (T_OBJECT_OPERATOR), expecting ')' {"exception":"[object] (Symfony\\Component\\Debug\\Exception\\FatalThrowableError(code: 0): syntax error, unexpected '->' (T_OBJECT_OPERATOR), expecting ')' at /home/hoangnguyen/php/booking-ticket-api/app/Http/Controllers/FilmController.php:23)
[stacktrace]
#0 /home/hoangnguyen/php/booking-ticket-api/vendor/composer/ClassLoader.php(346): Composer\\Autoload\\includeFile()
#1 [internal function]: Composer\\Autoload\\ClassLoader->loadClass()
#2 [internal function]: spl_autoload_call()
#3 /home/hoangnguyen/php/booking-ticket-api/vendor/laravel/framework/src/Illuminate/Container/Container.php(803): ReflectionClass->__construct()
#4 /home/hoangnguyen/php/booking-ticket-api/vendor/laravel/framework/src/Illuminate/Container/Container.php(681): Illuminate\\Container\\Container->build()
#5 /home/hoangnguyen/php/booking-ticket-api/vendor/laravel/framework/src/Illuminate/Foundation/Application.php(785): Illuminate\\Container\\Container->resolve()
#6 /home/hoangnguyen/php/booking-ticket-api/vendor/laravel/framework/src/Illuminate/Container/Container.php(629): Illuminate\\Foundation\\Application->resolve()
#7 /home/hoangnguyen/php/booking-ticket-api/vendor/laravel/framework/src/Illuminate/Foundation/Application.php(770): Illuminate\\Container\\Container->make()
#8 /home/hoangnguyen/php/booking-ticket-api/vendor/laravel/framework/src/Illuminate/Routing/Route.php(233): Illuminate\\Foundation\\Application->make()
#9 /home/hoangnguyen/php/booking-ticket-api/vendor/laravel/framework/src/Illuminate/Routing/Route.php(833): Illuminate\\Routing\\Route->getController()
#10 /home/hoangnguyen/php/booking-ticket-api/vendor/laravel/framework/src/Illuminate/Routing/Route.php(794): Illuminate\\Routing\\Route->controllerMiddleware()
#11 /home/hoangnguyen/php/booking-ticket-api/vendor/laravel/framework/src/Illuminate/Routing/Router.php(694): Illuminate\\Routing\\Route->gatherMiddleware()
#12 /home/hoangnguyen/php/booking-ticket-api/vendor/laravel/framework/src/Illuminate/Routing/Router.php(674): Illuminate\\Routing\\Router->gatherRouteMiddleware()
#13 /home/hoangnguyen/php/booking-ticket-api/vendor/laravel/framework/src/Illuminate/Routing/Router.php(658): Illuminate\\Routing\\Router->runRouteWithinStack()
#14 /home/hoangnguyen/php/booking-ticket-api/vendor/laravel/framework/src/Illuminate/Routing/Router.php(624): Illuminate\\Routing\\Router->runRoute()
#15 /home/hoangnguyen/php/booking-ticket-api/vendor/laravel/framework/src/Illuminate/Routing/Router.php(613): Illuminate\\Routing\\Router->dispatchToRoute()
#16 /home/hoangnguyen/php/booking-ticket-api/vendor/laravel/framework/src/Illuminate/Foundation/Http/Kernel.php(170): Illuminate\\Routing\\Router->dispatch()
#17 /home/hoangnguyen/php/booking-ticket-api/vendor/laravel/framework/src/Illuminate/Pipeline/Pipeline.php(130): Illuminate\\Foundation\\Http\\Kernel->Illuminate\\Foundation\\Http\\{closure}()
#18 /home/hoangnguyen/php/booking-ticket-api/vendor/fruitcake/laravel-cors/src/HandleCors.php(38): Illuminate\\Pipeline\\Pipeline->Illuminate\\Pipeline\\{closure}()
#19 /home/hoangnguyen/php/booking-ticket-api/vendor/laravel/framework/src/Illuminate/Pipeline/Pipeline.php(171): Fruitcake\\Cors\\HandleCors->handle()
#20 /home/hoangnguyen/php/booking-ticket-api/vendor/laravel/framework/src/Illuminate/Foundation/Http/Middleware/TransformsRequest.php(21): Illuminate\\Pipeline\\Pipeline->Illuminate\\Pipeline\\{closure}()
#21 /home/hoangnguyen/php/booking-ticket-api/vendor/laravel/framework/src/Illuminate/Pipeline/Pipeline.php(171): Illuminate\\Foundation\\Http\\Middleware\\TransformsRequest->handle()
#22 /home/hoangnguyen/php/booking-ticket-api/vendor/laravel/framework/src/Illuminate/Foundation/Http/Middleware/TransformsRequest.php(21): Illuminate\\Pipeline\\Pipeline->Illuminate\\Pipeline\\{closure}()
#23 /home/hoangnguyen/php/booking-ticket-api/vendor/laravel/framework/src/Illuminate/Pipeline/Pipeline.php(171): Illuminate\\Foundation\\Http\\Middleware\\TransformsRequest->handle()
#24 /home/hoangnguyen/php/booking-ticket-api/vendor/laravel/framework/src/Illuminate/Foundation/Http/Middleware/ValidatePostSize.php(27): Illuminate\\Pipeline\\Pipeline->Illuminate\\Pipeline\\{closure}()
#25 /home/hoangnguyen/php/booking-ticket-api/vendor/laravel/framework/src/Illuminate/Pipeline/Pipeline.php(171): Illuminate\\Foundation\\Http\\Middleware\\ValidatePostSize->handle()
#26 /home/hoangnguyen/php/booking-ticket-api/vendor/laravel/framework/src/Illuminate/Foundation/Http/Middleware/CheckForMaintenanceMode.php(63): Illuminate\\Pipeline\\Pipeline->Illuminate\\Pipeline\\{closure}()
#27 /home/hoangnguyen/php/booking-ticket-api/vendor/laravel/framework/src/Illuminate/Pipeline/Pipeline.php(171): Illuminate\\Foundation\\Http\\Middleware\\CheckForMaintenanceMode->handle()
#28 /home/hoangnguyen/php/booking-ticket-api/vendor/fideloper/proxy/src/TrustProxies.php(57): Illuminate\\Pipeline\\Pipeline->Illuminate\\Pipeline\\{closure}()
#29 /home/hoangnguyen/php/booking-ticket-api/vendor/laravel/framework/src/Illuminate/Pipeline/Pipeline.php(171): Fideloper\\Proxy\\TrustProxies->handle()
#30 /home/hoangnguyen/php/booking-ticket-api/vendor/laravel/framework/src/Illuminate/Pipeline/Pipeline.php(105): Illuminate\\Pipeline\\Pipeline->Illuminate\\Pipeline\\{closure}()
#31 /home/hoangnguyen/php/booking-ticket-api/vendor/laravel/framework/src/Illuminate/Foundation/Http/Kernel.php(145): Illuminate\\Pipeline\\Pipeline->then()
#32 /home/hoangnguyen/php/booking-ticket-api/vendor/laravel/framework/src/Illuminate/Foundation/Http/Kernel.php(110): Illuminate\\Foundation\\Http\\Kernel->sendRequestThroughRouter()
#33 /home/hoangnguyen/php/booking-ticket-api/public/index.php(55): Illuminate\\Foundation\\Http\\Kernel->handle()
#34 /home/hoangnguyen/php/booking-ticket-api/server.php(21): require_once('/home/hoangnguy...')
#35 {main}
"} 
