[2021-06-07 07:33:13] local.ERROR: Too few arguments to function Illuminate\Routing\Router::apiResource(), 0 passed in /home/hoangnguyen/php/booking-ticket-api/vendor/laravel/framework/src/Illuminate/Support/Facades/Facade.php on line 261 and at least 2 expected {"exception":"[object] (Symfony\\Component\\Debug\\Exception\\FatalThrowableError(code: 0): Too few arguments to function Illuminate\\Routing\\Router::apiResource(), 0 passed in /home/hoangnguyen/php/booking-ticket-api/vendor/laravel/framework/src/Illuminate/Support/Facades/Facade.php on line 261 and at least 2 expected at /home/hoangnguyen/php/booking-ticket-api/vendor/laravel/framework/src/Illuminate/Routing/Router.php:347)
[stacktrace]
#0 /home/hoangnguyen/php/booking-ticket-api/vendor/laravel/framework/src/Illuminate/Support/Facades/Facade.php(261): Illuminate\\Routing\\Router->apiResource()
#1 /home/hoangnguyen/php/booking-ticket-api/routes/api.php(60): Illuminate\\Support\\Facades\\Facade::__callStatic()
#2 /home/hoangnguyen/php/booking-ticket-api/vendor/laravel/framework/src/Illuminate/Routing/Router.php(414): Illuminate\\Routing\\RouteFileRegistrar->{closure}()
#3 /home/hoangnguyen/php/booking-ticket-api/vendor/laravel/framework/src/Illuminate/Routing/Router.php(374): Illuminate\\Routing\\Router->loadRoutes()
#4 /home/hoangnguyen/php/booking-ticket-api/vendor/laravel/framework/src/Illuminate/Support/Facades/Facade.php(261): Illuminate\\Routing\\Router->group()
#5 /home/hoangnguyen/php/booking-ticket-api/routes/api.php(61): Illuminate\\Support\\Facades\\Facade::__callStatic()
#6 /home/hoangnguyen/php/booking-ticket-api/vendor/laravel/framework/src/Illuminate/Routing/Router.php(414): Illuminate\\Routing\\RouteFileRegistrar->{closure}()
#7 /home/hoangnguyen/php/booking-ticket-api/vendor/laravel/framework/src/Illuminate/Routing/Router.php(374): Illuminate\\Routing\\Router->loadRoutes()
#8 /home/hoangnguyen/php/booking-ticket-api/vendor/laravel/framework/src/Illuminate/Routing/RouteRegistrar.php(122): Illuminate\\Routing\\Router->group()
#9 /home/hoangnguyen/php/booking-ticket-api/routes/api.php(63): Illuminate\\Routing\\RouteRegistrar->group()
#10 /home/hoangnguyen/php/booking-ticket-api/vendor/laravel/framework/src/Illuminate/Routing/RouteFileRegistrar.php(35): require('/home/hoangnguy...')
#11 /home/hoangnguyen/php/booking-ticket-api/vendor/laravel/framework/src/Illuminate/Routing/Router.php(416): Illuminate\\Routing\\RouteFileRegistrar->register()
#12 /home/hoangnguyen/php/booking-ticket-api/vendor/laravel/framework/src/Illuminate/Routing/Router.php(374): Illuminate\\Routing\\Router->loadRoutes()
#13 /home/hoangnguyen/php/booking-ticket-api/vendor/laravel/framework/src/Illuminate/Routing/RouteRegistrar.php(122): Illuminate\\Routing\\Router->group()
#14 /home/hoangnguyen/php/booking-ticket-api/app/Providers/RouteServiceProvider.php(71): Illuminate\\Routing\\RouteRegistrar->group()
#15 /home/hoangnguyen/php/booking-ticket-api/app/Providers/RouteServiceProvider.php(38): App\\Providers\\RouteServiceProvider->mapApiRoutes()
#16 /home/hoangnguyen/php/booking-ticket-api/vendor/laravel/framework/src/Illuminate/Container/BoundMethod.php(36): App\\Providers\\RouteServiceProvider->map()
#17 /home/hoangnguyen/php/booking-ticket-api/vendor/laravel/framework/src/Illuminate/Container/Util.php(37): Illuminate\\Container\\BoundMethod::Illuminate\\Container\\{closure}()
#18 /home/hoangnguyen/php/booking-ticket-api/vendor/laravel/framework/src/Illuminate/Container/BoundMethod.php(93): Illuminate\\Container\\Util::unwrapIfClosure()
#19 /home/hoangnguyen/php/booking-ticket-api/vendor/laravel/framework/src/Illuminate/Container/BoundMethod.php(37): Illuminate\\Container\\BoundMethod::callBoundMethod()
#20 /home/hoangnguyen/php/booking-ticket-api/vendor/laravel/framework/src/Illuminate/Container/Container.php(590): Illuminate\\Container\\BoundMethod::call()
#21 /home/hoangnguyen/php/booking-ticket-api/vendor/laravel/framework/src/Illuminate/Foundation/Support/Providers/RouteServiceProvider.php(87): Illuminate\\Container\\Container->call()
#22 /home/hoangnguyen/php/booking-ticket-api/vendor/laravel/framework/src/Illuminate/Foundation/Support/Providers/RouteServiceProvider.php(36): Illuminate\\Foundation\\Support\\Providers\\RouteServiceProvider->loadRoutes()
#23 /home/hoangnguyen/php/booking-ticket-api/app/Providers/RouteServiceProvider.php(28): Illuminate\\Foundation\\Support\\Providers\\RouteServiceProvider->boot()
#24 /home/hoangnguyen/php/booking-ticket-api/vendor/laravel/framework/src/Illuminate/Container/BoundMethod.php(36): App\\Providers\\RouteServiceProvider->boot()
#25 /home/hoangnguyen/php/booking-ticket-api/vendor/laravel/framework/src/Illuminate/Container/Util.php(37): Illuminate\\Container\\BoundMethod::Illuminate\\Container\\{closure}()
#26 /home/hoangnguyen/php/booking-ticket-api/vendor/laravel/framework/src/Illuminate/Container/BoundMethod.php(93): Illuminate\\Container\\Util::unwrapIfClosure()
#27 /home/hoangnguyen/php/booking-ticket-api/vendor/laravel/framework/src/Illuminate/Container/BoundMethod.php(37): Illuminate\\Container\\BoundMethod::callBoundMethod()
#28 /home/hoangnguyen/php/booking-ticket-api/vendor/laravel/framework/src/Illuminate/Container/Container.php(590): Illuminate\\Container\\BoundMethod::call()
#29 /home/hoangnguyen/php/booking-ticket-api/vendor/laravel/framework/src/Illuminate/Foundation/Application.php(856): Illuminate\\Container\\Container->call()
#30 /home/hoangnguyen/php/booking-ticket-api/vendor/laravel/framework/src/Illuminate/Foundation/Application.php(839): Illuminate\\Foundation\\Application->bootProvider()
#31 [internal function]: Illuminate\\Foundation\\Application->Illuminate\\Foundation\\{closure}()
#32 /home/hoangnguyen/php/booking-ticket-api/vendor/laravel/framework/src/Illuminate/Foundation/Application.php(840): array_walk()
#33 /home/hoangnguyen/php/booking-ticket-api/vendor/laravel/framework/src/Illuminate/Foundation/Bootstrap/BootProviders.php(17): Illuminate\\Foundation\\Application->boot()
#34 /home/hoangnguyen/php/booking-ticket-api/vendor/laravel/framework/src/Illuminate/Foundation/Application.php(219): Illuminate\\Foundation\\Bootstrap\\BootProviders->bootstrap()
#35 /home/hoangnguyen/php/booking-ticket-api/vendor/laravel/framework/src/Illuminate/Foundation/Console/Kernel.php(320): Illuminate\\Foundation\\Application->bootstrapWith()
#36 /home/hoangnguyen/php/booking-ticket-api/vendor/laravel/framework/src/Illuminate/Foundation/Console/Kernel.php(129): Illuminate\\Foundation\\Console\\Kernel->bootstrap()
#37 /home/hoangnguyen/php/booking-ticket-api/artisan(37): Illuminate\\Foundation\\Console\\Kernel->handle()
#38 {main}
"} 
