[2021-05-20 18:10:13] local.ERROR: Undefined index: name {"exception":"[object] (ErrorException(code: 0): Undefined index: name at /home/hoangnguyen/php/booking-ticket-api/vendor/laravel/framework/src/Illuminate/Foundation/PackageManifest.php:122)
[stacktrace]
#0 /home/hoangnguyen/php/booking-ticket-api/vendor/laravel/framework/src/Illuminate/Foundation/PackageManifest.php(122): Illuminate\\Foundation\\Bootstrap\\HandleExceptions->handleError()
#1 /home/hoangnguyen/php/booking-ticket-api/vendor/laravel/framework/src/Illuminate/Support/Collection.php(685): Illuminate\\Foundation\\PackageManifest->Illuminate\\Foundation\\{closure}()
#2 /home/hoangnguyen/php/booking-ticket-api/vendor/laravel/framework/src/Illuminate/Foundation/PackageManifest.php(123): Illuminate\\Support\\Collection->mapWithKeys()
#3 /home/hoangnguyen/php/booking-ticket-api/vendor/laravel/framework/src/Illuminate/Foundation/PackageManifest.php(97): Illuminate\\Foundation\\PackageManifest->build()
#4 /home/hoangnguyen/php/booking-ticket-api/vendor/laravel/framework/src/Illuminate/Foundation/PackageManifest.php(80): Illuminate\\Foundation\\PackageManifest->getManifest()
#5 /home/hoangnguyen/php/booking-ticket-api/vendor/laravel/framework/src/Illuminate/Foundation/Bootstrap/RegisterFacades.php(26): Illuminate\\Foundation\\PackageManifest->aliases()
#6 /home/hoangnguyen/php/booking-ticket-api/vendor/laravel/framework/src/Illuminate/Foundation/Application.php(211): Illuminate\\Foundation\\Bootstrap\\RegisterFacades->bootstrap()
#7 /home/hoangnguyen/php/booking-ticket-api/vendor/laravel/framework/src/Illuminate/Foundation/Console/Kernel.php(320): Illuminate\\Foundation\\Application->bootstrapWith()
#8 /home/hoangnguyen/php/booking-ticket-api/vendor/laravel/framework/src/Illuminate/Foundation/Console/Kernel.php(129): Illuminate\\Foundation\\Console\\Kernel->bootstrap()
#9 /home/hoangnguyen/php/booking-ticket-api/artisan(37): Illuminate\\Foundation\\Console\\Kernel->handle()
#10 {main}
"} 
[2021-05-20 18:10:47] local.ERROR: Undefined index: name {"exception":"[object] (ErrorException(code: 0): Undefined index: name at /home/hoangnguyen/php/booking-ticket-api/vendor/laravel/framework/src/Illuminate/Foundation/PackageManifest.php:122)
[stacktrace]
#0 /home/hoangnguyen/php/booking-ticket-api/vendor/laravel/framework/src/Illuminate/Foundation/PackageManifest.php(122): Illuminate\\Foundation\\Bootstrap\\HandleExceptions->handleError()
#1 /home/hoangnguyen/php/booking-ticket-api/vendor/laravel/framework/src/Illuminate/Support/Collection.php(685): Illuminate\\Foundation\\PackageManifest->Illuminate\\Foundation\\{closure}()
#2 /home/hoangnguyen/php/booking-ticket-api/vendor/laravel/framework/src/Illuminate/Foundation/PackageManifest.php(123): Illuminate\\Support\\Collection->mapWithKeys()
#3 /home/hoangnguyen/php/booking-ticket-api/vendor/laravel/framework/src/Illuminate/Foundation/PackageManifest.php(97): Illuminate\\Foundation\\PackageManifest->build()
#4 /home/hoangnguyen/php/booking-ticket-api/vendor/laravel/framework/src/Illuminate/Foundation/PackageManifest.php(80): Illuminate\\Foundation\\PackageManifest->getManifest()
#5 /home/hoangnguyen/php/booking-ticket-api/vendor/laravel/framework/src/Illuminate/Foundation/Bootstrap/RegisterFacades.php(26): Illuminate\\Foundation\\PackageManifest->aliases()
#6 /home/hoangnguyen/php/booking-ticket-api/vendor/laravel/framework/src/Illuminate/Foundation/Application.php(211): Illuminate\\Foundation\\Bootstrap\\RegisterFacades->bootstrap()
#7 /home/hoangnguyen/php/booking-ticket-api/vendor/laravel/framework/src/Illuminate/Foundation/Console/Kernel.php(320): Illuminate\\Foundation\\Application->bootstrapWith()
#8 /home/hoangnguyen/php/booking-ticket-api/vendor/laravel/framework/src/Illuminate/Foundation/Console/Kernel.php(129): Illuminate\\Foundation\\Console\\Kernel->bootstrap()
#9 /home/hoangnguyen/php/booking-ticket-api/artisan(37): Illuminate\\Foundation\\Console\\Kernel->handle()
#10 {main}
"} 
