[2021-06-05 09:20:47] local.ERROR: SQLSTATE[42S22]: Column not found: 1054 Unknown column 'is_admin' in 'field list' (SQL: insert into `users` (`name`, `email`, `password`, `is_admin`, `updated_at`, `created_at`) values (Admin User, admin@admin.com, $2y$10$36.TzT/kvAoHS8fwMY9leOyoh0c.KJSR3hD0V21RFfP3Cq4PJ1Xj6, 1, 2021-06-05 09:20:47, 2021-06-05 09:20:47)) {"exception":"[object] (Illuminate\\Database\\QueryException(code: 42S22): SQLSTATE[42S22]: Column not found: 1054 Unknown column 'is_admin' in 'field list' (SQL: insert into `users` (`name`, `email`, `password`, `is_admin`, `updated_at`, `created_at`) values (Admin User, admin@admin.com, $2y$10$36.TzT/kvAoHS8fwMY9leOyoh0c.KJSR3hD0V21RFfP3Cq4PJ1Xj6, 1, 2021-06-05 09:20:47, 2021-06-05 09:20:47)) at /home/hoangnguyen/php/booking-ticket-api/vendor/laravel/framework/src/Illuminate/Database/Connection.php:669)
[stacktrace]
#0 /home/hoangnguyen/php/booking-ticket-api/vendor/laravel/framework/src/Illuminate/Database/Connection.php(629): Illuminate\\Database\\Connection->runQueryCallback()
#1 /home/hoangnguyen/php/booking-ticket-api/vendor/laravel/framework/src/Illuminate/Database/Connection.php(464): Illuminate\\Database\\Connection->run()
#2 /home/hoangnguyen/php/booking-ticket-api/vendor/laravel/framework/src/Illuminate/Database/Connection.php(416): Illuminate\\Database\\Connection->statement()
#3 /home/hoangnguyen/php/booking-ticket-api/vendor/laravel/framework/src/Illuminate/Database/Query/Processors/Processor.php(32): Illuminate\\Database\\Connection->insert()
#4 /home/hoangnguyen/php/booking-ticket-api/vendor/laravel/framework/src/Illuminate/Database/Query/Builder.php(2705): Illuminate\\Database\\Query\\Processors\\Processor->processInsertGetId()
#5 /home/hoangnguyen/php/booking-ticket-api/vendor/laravel/framework/src/Illuminate/Database/Eloquent/Builder.php(1385): Illuminate\\Database\\Query\\Builder->insertGetId()
#6 /home/hoangnguyen/php/booking-ticket-api/vendor/laravel/framework/src/Illuminate/Database/Eloquent/Model.php(840): Illuminate\\Database\\Eloquent\\Builder->__call()
#7 /home/hoangnguyen/php/booking-ticket-api/vendor/laravel/framework/src/Illuminate/Database/Eloquent/Model.php(805): Illuminate\\Database\\Eloquent\\Model->insertAndSetId()
#8 /home/hoangnguyen/php/booking-ticket-api/vendor/laravel/framework/src/Illuminate/Database/Eloquent/Model.php(668): Illuminate\\Database\\Eloquent\\Model->performInsert()
#9 /home/hoangnguyen/php/booking-ticket-api/vendor/laravel/framework/src/Illuminate/Database/Eloquent/Builder.php(774): Illuminate\\Database\\Eloquent\\Model->save()
#10 /home/hoangnguyen/php/booking-ticket-api/vendor/laravel/framework/src/Illuminate/Support/helpers.php(422): Illuminate\\Database\\Eloquent\\Builder->Illuminate\\Database\\Eloquent\\{closure}()
#11 /home/hoangnguyen/php/booking-ticket-api/vendor/laravel/framework/src/Illuminate/Database/Eloquent/Builder.php(775): tap()
#12 /home/hoangnguyen/php/booking-ticket-api/vendor/laravel/framework/src/Illuminate/Support/Traits/ForwardsCalls.php(23): Illuminate\\Database\\Eloquent\\Builder->create()
#13 /home/hoangnguyen/php/booking-ticket-api/vendor/laravel/framework/src/Illuminate/Database/Eloquent/Model.php(1622): Illuminate\\Database\\Eloquent\\Model->forwardCallTo()
#14 /home/hoangnguyen/php/booking-ticket-api/vendor/laravel/framework/src/Illuminate/Database/Eloquent/Model.php(1634): Illuminate\\Database\\Eloquent\\Model->__call()
#15 /home/hoangnguyen/php/booking-ticket-api/database/seeds/UsersTableSeeder.php(16): Illuminate\\Database\\Eloquent\\Model::__callStatic()
#16 /home/hoangnguyen/php/booking-ticket-api/vendor/laravel/framework/src/Illuminate/Container/BoundMethod.php(36): UsersTableSeeder->run()
#17 /home/hoangnguyen/php/booking-ticket-api/vendor/laravel/framework/src/Illuminate/Container/Util.php(37): Illuminate\\Container\\BoundMethod::Illuminate\\Container\\{closure}()
#18 /home/hoangnguyen/php/booking-ticket-api/vendor/laravel/framework/src/Illuminate/Container/BoundMethod.php(93): Illuminate\\Container\\Util::unwrapIfClosure()
#19 /home/hoangnguyen/php/booking-ticket-api/vendor/laravel/framework/src/Illuminate/Container/BoundMethod.php(37): Illuminate\\Container\\BoundMethod::callBoundMethod()
#20 /home/hoangnguyen/php/booking-ticket-api/vendor/laravel/framework/src/Illuminate/Container/Container.php(590): Illuminate\\Container\\BoundMethod::call()
#21 /home/hoangnguyen/php/booking-ticket-api/vendor/laravel/framework/src/Illuminate/Database/Seeder.php(134): Illuminate\\Container\\Container->call()
#22 /home/hoangnguyen/php/booking-ticket-api/vendor/laravel/framework/src/Illuminate/Database/Seeder.php(48): Illuminate\\Database\\Seeder->__invoke()
#23 /home/hoangnguyen/php/booking-ticket-api/database/seeds/DatabaseSeeder.php(14): Illuminate\\Database\\Seeder->call()
#24 /home/hoangnguyen/php/booking-ticket-api/vendor/laravel/framework/src/Illuminate/Container/BoundMethod.php(36): DatabaseSeeder->run()
#25 /home/hoangnguyen/php/booking-ticket-api/vendor/laravel/framework/src/Illuminate/Container/Util.php(37): Illuminate\\Container\\BoundMethod::Illuminate\\Container\\{closure}()
#26 /home/hoangnguyen/php/booking-ticket-api/vendor/laravel/framework/src/Illuminate/Container/BoundMethod.php(93): Illuminate\\Container\\Util::unwrapIfClosure()
#27 /home/hoangnguyen/php/booking-ticket-api/vendor/laravel/framework/src/Illuminate/Container/BoundMethod.php(37): Illuminate\\Container\\BoundMethod::callBoundMethod()
#28 /home/hoangnguyen/php/booking-ticket-api/vendor/laravel/framework/src/Illuminate/Container/Container.php(590): Illuminate\\Container\\BoundMethod::call()
#29 /home/hoangnguyen/php/booking-ticket-api/vendor/laravel/framework/src/Illuminate/Database/Seeder.php(134): Illuminate\\Container\\Container->call()
#30 /home/hoangnguyen/php/booking-ticket-api/vendor/laravel/framework/src/Illuminate/Database/Console/Seeds/SeedCommand.php(63): Illuminate\\Database\\Seeder->__invoke()
#31 /home/hoangnguyen/php/booking-ticket-api/vendor/laravel/framework/src/Illuminate/Database/Eloquent/Concerns/GuardsAttributes.php(129): Illuminate\\Database\\Console\\Seeds\\SeedCommand->Illuminate\\Database\\Console\\Seeds\\{closure}()
#32 /home/hoangnguyen/php/booking-ticket-api/vendor/laravel/framework/src/Illuminate/Database/Console/Seeds/SeedCommand.php(64): Illuminate\\Database\\Eloquent\\Model::unguarded()
#33 /home/hoangnguyen/php/booking-ticket-api/vendor/laravel/framework/src/Illuminate/Container/BoundMethod.php(36): Illuminate\\Database\\Console\\Seeds\\SeedCommand->handle()
#34 /home/hoangnguyen/php/booking-ticket-api/vendor/laravel/framework/src/Illuminate/Container/Util.php(37): Illuminate\\Container\\BoundMethod::Illuminate\\Container\\{closure}()
#35 /home/hoangnguyen/php/booking-ticket-api/vendor/laravel/framework/src/Illuminate/Container/BoundMethod.php(93): Illuminate\\Container\\Util::unwrapIfClosure()
#36 /home/hoangnguyen/php/booking-ticket-api/vendor/laravel/framework/src/Illuminate/Container/BoundMethod.php(37): Illuminate\\Container\\BoundMethod::callBoundMethod()
#37 /home/hoangnguyen/php/booking-ticket-api/vendor/laravel/framework/src/Illuminate/Container/Container.php(590): Illuminate\\Container\\BoundMethod::call()
#38 /home/hoangnguyen/php/booking-ticket-api/vendor/laravel/framework/src/Illuminate/Console/Command.php(134): Illuminate\\Container\\Container->call()
#39 /home/hoangnguyen/php/booking-ticket-api/vendor/symfony/console/Command/Command.php(255): Illuminate\\Console\\Command->execute()
#40 /home/hoangnguyen/php/booking-ticket-api/vendor/laravel/framework/src/Illuminate/Console/Command.php(121): Symfony\\Component\\Console\\Command\\Command->run()
#41 /home/hoangnguyen/php/booking-ticket-api/vendor/laravel/framework/src/Illuminate/Console/Concerns/CallsCommands.php(56): Illuminate\\Console\\Command->run()
#42 /home/hoangnguyen/php/booking-ticket-api/vendor/laravel/framework/src/Illuminate/Console/Concerns/CallsCommands.php(28): Illuminate\\Console\\Command->runCommand()
#43 /home/hoangnguyen/php/booking-ticket-api/vendor/laravel/framework/src/Illuminate/Database/Console/Migrations/RefreshCommand.php(126): Illuminate\\Console\\Command->call()
#44 /home/hoangnguyen/php/booking-ticket-api/vendor/laravel/framework/src/Illuminate/Database/Console/Migrations/RefreshCommand.php(67): Illuminate\\Database\\Console\\Migrations\\RefreshCommand->runSeeder()
#45 /home/hoangnguyen/php/booking-ticket-api/vendor/laravel/framework/src/Illuminate/Container/BoundMethod.php(36): Illuminate\\Database\\Console\\Migrations\\RefreshCommand->handle()
#46 /home/hoangnguyen/php/booking-ticket-api/vendor/laravel/framework/src/Illuminate/Container/Util.php(37): Illuminate\\Container\\BoundMethod::Illuminate\\Container\\{closure}()
#47 /home/hoangnguyen/php/booking-ticket-api/vendor/laravel/framework/src/Illuminate/Container/BoundMethod.php(93): Illuminate\\Container\\Util::unwrapIfClosure()
#48 /home/hoangnguyen/php/booking-ticket-api/vendor/laravel/framework/src/Illuminate/Container/BoundMethod.php(37): Illuminate\\Container\\BoundMethod::callBoundMethod()
#49 /home/hoangnguyen/php/booking-ticket-api/vendor/laravel/framework/src/Illuminate/Container/Container.php(590): Illuminate\\Container\\BoundMethod::call()
#50 /home/hoangnguyen/php/booking-ticket-api/vendor/laravel/framework/src/Illuminate/Console/Command.php(134): Illuminate\\Container\\Container->call()
#51 /home/hoangnguyen/php/booking-ticket-api/vendor/symfony/console/Command/Command.php(255): Illuminate\\Console\\Command->execute()
#52 /home/hoangnguyen/php/booking-ticket-api/vendor/laravel/framework/src/Illuminate/Console/Command.php(121): Symfony\\Component\\Console\\Command\\Command->run()
#53 /home/hoangnguyen/php/booking-ticket-api/vendor/symfony/console/Application.php(1009): Illuminate\\Console\\Command->run()
#54 /home/hoangnguyen/php/booking-ticket-api/vendor/symfony/console/Application.php(273): Symfony\\Component\\Console\\Application->doRunCommand()
#55 /home/hoangnguyen/php/booking-ticket-api/vendor/symfony/console/Application.php(149): Symfony\\Component\\Console\\Application->doRun()
#56 /home/hoangnguyen/php/booking-ticket-api/vendor/laravel/framework/src/Illuminate/Console/Application.php(93): Symfony\\Component\\Console\\Application->run()
#57 /home/hoangnguyen/php/booking-ticket-api/vendor/laravel/framework/src/Illuminate/Foundation/Console/Kernel.php(131): Illuminate\\Console\\Application->run()
#58 /home/hoangnguyen/php/booking-ticket-api/artisan(37): Illuminate\\Foundation\\Console\\Kernel->handle()
#59 {main}

[previous exception] [object] (PDOException(code: 42S22): SQLSTATE[42S22]: Column not found: 1054 Unknown column 'is_admin' in 'field list' at /home/hoangnguyen/php/booking-ticket-api/vendor/laravel/framework/src/Illuminate/Database/Connection.php:457)
[stacktrace]
#0 /home/hoangnguyen/php/booking-ticket-api/vendor/laravel/framework/src/Illuminate/Database/Connection.php(457): PDO->prepare()
#1 /home/hoangnguyen/php/booking-ticket-api/vendor/laravel/framework/src/Illuminate/Database/Connection.php(662): Illuminate\\Database\\Connection->Illuminate\\Database\\{closure}()
#2 /home/hoangnguyen/php/booking-ticket-api/vendor/laravel/framework/src/Illuminate/Database/Connection.php(629): Illuminate\\Database\\Connection->runQueryCallback()
#3 /home/hoangnguyen/php/booking-ticket-api/vendor/laravel/framework/src/Illuminate/Database/Connection.php(464): Illuminate\\Database\\Connection->run()
#4 /home/hoangnguyen/php/booking-ticket-api/vendor/laravel/framework/src/Illuminate/Database/Connection.php(416): Illuminate\\Database\\Connection->statement()
#5 /home/hoangnguyen/php/booking-ticket-api/vendor/laravel/framework/src/Illuminate/Database/Query/Processors/Processor.php(32): Illuminate\\Database\\Connection->insert()
#6 /home/hoangnguyen/php/booking-ticket-api/vendor/laravel/framework/src/Illuminate/Database/Query/Builder.php(2705): Illuminate\\Database\\Query\\Processors\\Processor->processInsertGetId()
#7 /home/hoangnguyen/php/booking-ticket-api/vendor/laravel/framework/src/Illuminate/Database/Eloquent/Builder.php(1385): Illuminate\\Database\\Query\\Builder->insertGetId()
#8 /home/hoangnguyen/php/booking-ticket-api/vendor/laravel/framework/src/Illuminate/Database/Eloquent/Model.php(840): Illuminate\\Database\\Eloquent\\Builder->__call()
#9 /home/hoangnguyen/php/booking-ticket-api/vendor/laravel/framework/src/Illuminate/Database/Eloquent/Model.php(805): Illuminate\\Database\\Eloquent\\Model->insertAndSetId()
#10 /home/hoangnguyen/php/booking-ticket-api/vendor/laravel/framework/src/Illuminate/Database/Eloquent/Model.php(668): Illuminate\\Database\\Eloquent\\Model->performInsert()
#11 /home/hoangnguyen/php/booking-ticket-api/vendor/laravel/framework/src/Illuminate/Database/Eloquent/Builder.php(774): Illuminate\\Database\\Eloquent\\Model->save()
#12 /home/hoangnguyen/php/booking-ticket-api/vendor/laravel/framework/src/Illuminate/Support/helpers.php(422): Illuminate\\Database\\Eloquent\\Builder->Illuminate\\Database\\Eloquent\\{closure}()
#13 /home/hoangnguyen/php/booking-ticket-api/vendor/laravel/framework/src/Illuminate/Database/Eloquent/Builder.php(775): tap()
#14 /home/hoangnguyen/php/booking-ticket-api/vendor/laravel/framework/src/Illuminate/Support/Traits/ForwardsCalls.php(23): Illuminate\\Database\\Eloquent\\Builder->create()
#15 /home/hoangnguyen/php/booking-ticket-api/vendor/laravel/framework/src/Illuminate/Database/Eloquent/Model.php(1622): Illuminate\\Database\\Eloquent\\Model->forwardCallTo()
#16 /home/hoangnguyen/php/booking-ticket-api/vendor/laravel/framework/src/Illuminate/Database/Eloquent/Model.php(1634): Illuminate\\Database\\Eloquent\\Model->__call()
#17 /home/hoangnguyen/php/booking-ticket-api/database/seeds/UsersTableSeeder.php(16): Illuminate\\Database\\Eloquent\\Model::__callStatic()
#18 /home/hoangnguyen/php/booking-ticket-api/vendor/laravel/framework/src/Illuminate/Container/BoundMethod.php(36): UsersTableSeeder->run()
#19 /home/hoangnguyen/php/booking-ticket-api/vendor/laravel/framework/src/Illuminate/Container/Util.php(37): Illuminate\\Container\\BoundMethod::Illuminate\\Container\\{closure}()
#20 /home/hoangnguyen/php/booking-ticket-api/vendor/laravel/framework/src/Illuminate/Container/BoundMethod.php(93): Illuminate\\Container\\Util::unwrapIfClosure()
#21 /home/hoangnguyen/php/booking-ticket-api/vendor/laravel/framework/src/Illuminate/Container/BoundMethod.php(37): Illuminate\\Container\\BoundMethod::callBoundMethod()
#22 /home/hoangnguyen/php/booking-ticket-api/vendor/laravel/framework/src/Illuminate/Container/Container.php(590): Illuminate\\Container\\BoundMethod::call()
#23 /home/hoangnguyen/php/booking-ticket-api/vendor/laravel/framework/src/Illuminate/Database/Seeder.php(134): Illuminate\\Container\\Container->call()
#24 /home/hoangnguyen/php/booking-ticket-api/vendor/laravel/framework/src/Illuminate/Database/Seeder.php(48): Illuminate\\Database\\Seeder->__invoke()
#25 /home/hoangnguyen/php/booking-ticket-api/database/seeds/DatabaseSeeder.php(14): Illuminate\\Database\\Seeder->call()
#26 /home/hoangnguyen/php/booking-ticket-api/vendor/laravel/framework/src/Illuminate/Container/BoundMethod.php(36): DatabaseSeeder->run()
#27 /home/hoangnguyen/php/booking-ticket-api/vendor/laravel/framework/src/Illuminate/Container/Util.php(37): Illuminate\\Container\\BoundMethod::Illuminate\\Container\\{closure}()
#28 /home/hoangnguyen/php/booking-ticket-api/vendor/laravel/framework/src/Illuminate/Container/BoundMethod.php(93): Illuminate\\Container\\Util::unwrapIfClosure()
#29 /home/hoangnguyen/php/booking-ticket-api/vendor/laravel/framework/src/Illuminate/Container/BoundMethod.php(37): Illuminate\\Container\\BoundMethod::callBoundMethod()
#30 /home/hoangnguyen/php/booking-ticket-api/vendor/laravel/framework/src/Illuminate/Container/Container.php(590): Illuminate\\Container\\BoundMethod::call()
#31 /home/hoangnguyen/php/booking-ticket-api/vendor/laravel/framework/src/Illuminate/Database/Seeder.php(134): Illuminate\\Container\\Container->call()
#32 /home/hoangnguyen/php/booking-ticket-api/vendor/laravel/framework/src/Illuminate/Database/Console/Seeds/SeedCommand.php(63): Illuminate\\Database\\Seeder->__invoke()
#33 /home/hoangnguyen/php/booking-ticket-api/vendor/laravel/framework/src/Illuminate/Database/Eloquent/Concerns/GuardsAttributes.php(129): Illuminate\\Database\\Console\\Seeds\\SeedCommand->Illuminate\\Database\\Console\\Seeds\\{closure}()
#34 /home/hoangnguyen/php/booking-ticket-api/vendor/laravel/framework/src/Illuminate/Database/Console/Seeds/SeedCommand.php(64): Illuminate\\Database\\Eloquent\\Model::unguarded()
#35 /home/hoangnguyen/php/booking-ticket-api/vendor/laravel/framework/src/Illuminate/Container/BoundMethod.php(36): Illuminate\\Database\\Console\\Seeds\\SeedCommand->handle()
#36 /home/hoangnguyen/php/booking-ticket-api/vendor/laravel/framework/src/Illuminate/Container/Util.php(37): Illuminate\\Container\\BoundMethod::Illuminate\\Container\\{closure}()
#37 /home/hoangnguyen/php/booking-ticket-api/vendor/laravel/framework/src/Illuminate/Container/BoundMethod.php(93): Illuminate\\Container\\Util::unwrapIfClosure()
#38 /home/hoangnguyen/php/booking-ticket-api/vendor/laravel/framework/src/Illuminate/Container/BoundMethod.php(37): Illuminate\\Container\\BoundMethod::callBoundMethod()
#39 /home/hoangnguyen/php/booking-ticket-api/vendor/laravel/framework/src/Illuminate/Container/Container.php(590): Illuminate\\Container\\BoundMethod::call()
#40 /home/hoangnguyen/php/booking-ticket-api/vendor/laravel/framework/src/Illuminate/Console/Command.php(134): Illuminate\\Container\\Container->call()
#41 /home/hoangnguyen/php/booking-ticket-api/vendor/symfony/console/Command/Command.php(255): Illuminate\\Console\\Command->execute()
#42 /home/hoangnguyen/php/booking-ticket-api/vendor/laravel/framework/src/Illuminate/Console/Command.php(121): Symfony\\Component\\Console\\Command\\Command->run()
#43 /home/hoangnguyen/php/booking-ticket-api/vendor/laravel/framework/src/Illuminate/Console/Concerns/CallsCommands.php(56): Illuminate\\Console\\Command->run()
#44 /home/hoangnguyen/php/booking-ticket-api/vendor/laravel/framework/src/Illuminate/Console/Concerns/CallsCommands.php(28): Illuminate\\Console\\Command->runCommand()
#45 /home/hoangnguyen/php/booking-ticket-api/vendor/laravel/framework/src/Illuminate/Database/Console/Migrations/RefreshCommand.php(126): Illuminate\\Console\\Command->call()
#46 /home/hoangnguyen/php/booking-ticket-api/vendor/laravel/framework/src/Illuminate/Database/Console/Migrations/RefreshCommand.php(67): Illuminate\\Database\\Console\\Migrations\\RefreshCommand->runSeeder()
#47 /home/hoangnguyen/php/booking-ticket-api/vendor/laravel/framework/src/Illuminate/Container/BoundMethod.php(36): Illuminate\\Database\\Console\\Migrations\\RefreshCommand->handle()
#48 /home/hoangnguyen/php/booking-ticket-api/vendor/laravel/framework/src/Illuminate/Container/Util.php(37): Illuminate\\Container\\BoundMethod::Illuminate\\Container\\{closure}()
#49 /home/hoangnguyen/php/booking-ticket-api/vendor/laravel/framework/src/Illuminate/Container/BoundMethod.php(93): Illuminate\\Container\\Util::unwrapIfClosure()
#50 /home/hoangnguyen/php/booking-ticket-api/vendor/laravel/framework/src/Illuminate/Container/BoundMethod.php(37): Illuminate\\Container\\BoundMethod::callBoundMethod()
#51 /home/hoangnguyen/php/booking-ticket-api/vendor/laravel/framework/src/Illuminate/Container/Container.php(590): Illuminate\\Container\\BoundMethod::call()
#52 /home/hoangnguyen/php/booking-ticket-api/vendor/laravel/framework/src/Illuminate/Console/Command.php(134): Illuminate\\Container\\Container->call()
#53 /home/hoangnguyen/php/booking-ticket-api/vendor/symfony/console/Command/Command.php(255): Illuminate\\Console\\Command->execute()
#54 /home/hoangnguyen/php/booking-ticket-api/vendor/laravel/framework/src/Illuminate/Console/Command.php(121): Symfony\\Component\\Console\\Command\\Command->run()
#55 /home/hoangnguyen/php/booking-ticket-api/vendor/symfony/console/Application.php(1009): Illuminate\\Console\\Command->run()
#56 /home/hoangnguyen/php/booking-ticket-api/vendor/symfony/console/Application.php(273): Symfony\\Component\\Console\\Application->doRunCommand()
#57 /home/hoangnguyen/php/booking-ticket-api/vendor/symfony/console/Application.php(149): Symfony\\Component\\Console\\Application->doRun()
#58 /home/hoangnguyen/php/booking-ticket-api/vendor/laravel/framework/src/Illuminate/Console/Application.php(93): Symfony\\Component\\Console\\Application->run()
#59 /home/hoangnguyen/php/booking-ticket-api/vendor/laravel/framework/src/Illuminate/Foundation/Console/Kernel.php(131): Illuminate\\Console\\Application->run()
#60 /home/hoangnguyen/php/booking-ticket-api/artisan(37): Illuminate\\Foundation\\Console\\Kernel->handle()
#61 {main}
"} 
[2021-06-05 09:23:33] local.ERROR: SQLSTATE[42S22]: Column not found: 1054 Unknown column 'is_admin' in 'field list' (SQL: insert into `users` (`name`, `email`, `password`, `is_admin`, `updated_at`, `created_at`) values (Admin User, admin@admin.com, $2y$10$a.qm8fgsaEjBwFEY/TcUVu0r2Wt7QluXfWfetD0xf.A/mM7J2YC86, 1, 2021-06-05 09:23:33, 2021-06-05 09:23:33)) {"exception":"[object] (Illuminate\\Database\\QueryException(code: 42S22): SQLSTATE[42S22]: Column not found: 1054 Unknown column 'is_admin' in 'field list' (SQL: insert into `users` (`name`, `email`, `password`, `is_admin`, `updated_at`, `created_at`) values (Admin User, admin@admin.com, $2y$10$a.qm8fgsaEjBwFEY/TcUVu0r2Wt7QluXfWfetD0xf.A/mM7J2YC86, 1, 2021-06-05 09:23:33, 2021-06-05 09:23:33)) at /home/hoangnguyen/php/booking-ticket-api/vendor/laravel/framework/src/Illuminate/Database/Connection.php:669)
[stacktrace]
#0 /home/hoangnguyen/php/booking-ticket-api/vendor/laravel/framework/src/Illuminate/Database/Connection.php(629): Illuminate\\Database\\Connection->runQueryCallback()
#1 /home/hoangnguyen/php/booking-ticket-api/vendor/laravel/framework/src/Illuminate/Database/Connection.php(464): Illuminate\\Database\\Connection->run()
#2 /home/hoangnguyen/php/booking-ticket-api/vendor/laravel/framework/src/Illuminate/Database/Connection.php(416): Illuminate\\Database\\Connection->statement()
#3 /home/hoangnguyen/php/booking-ticket-api/vendor/laravel/framework/src/Illuminate/Database/Query/Processors/Processor.php(32): Illuminate\\Database\\Connection->insert()
#4 /home/hoangnguyen/php/booking-ticket-api/vendor/laravel/framework/src/Illuminate/Database/Query/Builder.php(2705): Illuminate\\Database\\Query\\Processors\\Processor->processInsertGetId()
#5 /home/hoangnguyen/php/booking-ticket-api/vendor/laravel/framework/src/Illuminate/Database/Eloquent/Builder.php(1385): Illuminate\\Database\\Query\\Builder->insertGetId()
#6 /home/hoangnguyen/php/booking-ticket-api/vendor/laravel/framework/src/Illuminate/Database/Eloquent/Model.php(840): Illuminate\\Database\\Eloquent\\Builder->__call()
#7 /home/hoangnguyen/php/booking-ticket-api/vendor/laravel/framework/src/Illuminate/Database/Eloquent/Model.php(805): Illuminate\\Database\\Eloquent\\Model->insertAndSetId()
#8 /home/hoangnguyen/php/booking-ticket-api/vendor/laravel/framework/src/Illuminate/Database/Eloquent/Model.php(668): Illuminate\\Database\\Eloquent\\Model->performInsert()
#9 /home/hoangnguyen/php/booking-ticket-api/vendor/laravel/framework/src/Illuminate/Database/Eloquent/Builder.php(774): Illuminate\\Database\\Eloquent\\Model->save()
#10 /home/hoangnguyen/php/booking-ticket-api/vendor/laravel/framework/src/Illuminate/Support/helpers.php(422): Illuminate\\Database\\Eloquent\\Builder->Illuminate\\Database\\Eloquent\\{closure}()
#11 /home/hoangnguyen/php/booking-ticket-api/vendor/laravel/framework/src/Illuminate/Database/Eloquent/Builder.php(775): tap()
#12 /home/hoangnguyen/php/booking-ticket-api/vendor/laravel/framework/src/Illuminate/Support/Traits/ForwardsCalls.php(23): Illuminate\\Database\\Eloquent\\Builder->create()
#13 /home/hoangnguyen/php/booking-ticket-api/vendor/laravel/framework/src/Illuminate/Database/Eloquent/Model.php(1622): Illuminate\\Database\\Eloquent\\Model->forwardCallTo()
#14 /home/hoangnguyen/php/booking-ticket-api/vendor/laravel/framework/src/Illuminate/Database/Eloquent/Model.php(1634): Illuminate\\Database\\Eloquent\\Model->__call()
#15 /home/hoangnguyen/php/booking-ticket-api/database/seeds/UsersTableSeeder.php(16): Illuminate\\Database\\Eloquent\\Model::__callStatic()
#16 /home/hoangnguyen/php/booking-ticket-api/vendor/laravel/framework/src/Illuminate/Container/BoundMethod.php(36): UsersTableSeeder->run()
#17 /home/hoangnguyen/php/booking-ticket-api/vendor/laravel/framework/src/Illuminate/Container/Util.php(37): Illuminate\\Container\\BoundMethod::Illuminate\\Container\\{closure}()
#18 /home/hoangnguyen/php/booking-ticket-api/vendor/laravel/framework/src/Illuminate/Container/BoundMethod.php(93): Illuminate\\Container\\Util::unwrapIfClosure()
#19 /home/hoangnguyen/php/booking-ticket-api/vendor/laravel/framework/src/Illuminate/Container/BoundMethod.php(37): Illuminate\\Container\\BoundMethod::callBoundMethod()
#20 /home/hoangnguyen/php/booking-ticket-api/vendor/laravel/framework/src/Illuminate/Container/Container.php(590): Illuminate\\Container\\BoundMethod::call()
#21 /home/hoangnguyen/php/booking-ticket-api/vendor/laravel/framework/src/Illuminate/Database/Seeder.php(134): Illuminate\\Container\\Container->call()
#22 /home/hoangnguyen/php/booking-ticket-api/vendor/laravel/framework/src/Illuminate/Database/Seeder.php(48): Illuminate\\Database\\Seeder->__invoke()
#23 /home/hoangnguyen/php/booking-ticket-api/database/seeds/DatabaseSeeder.php(14): Illuminate\\Database\\Seeder->call()
#24 /home/hoangnguyen/php/booking-ticket-api/vendor/laravel/framework/src/Illuminate/Container/BoundMethod.php(36): DatabaseSeeder->run()
#25 /home/hoangnguyen/php/booking-ticket-api/vendor/laravel/framework/src/Illuminate/Container/Util.php(37): Illuminate\\Container\\BoundMethod::Illuminate\\Container\\{closure}()
#26 /home/hoangnguyen/php/booking-ticket-api/vendor/laravel/framework/src/Illuminate/Container/BoundMethod.php(93): Illuminate\\Container\\Util::unwrapIfClosure()
#27 /home/hoangnguyen/php/booking-ticket-api/vendor/laravel/framework/src/Illuminate/Container/BoundMethod.php(37): Illuminate\\Container\\BoundMethod::callBoundMethod()
#28 /home/hoangnguyen/php/booking-ticket-api/vendor/laravel/framework/src/Illuminate/Container/Container.php(590): Illuminate\\Container\\BoundMethod::call()
#29 /home/hoangnguyen/php/booking-ticket-api/vendor/laravel/framework/src/Illuminate/Database/Seeder.php(134): Illuminate\\Container\\Container->call()
#30 /home/hoangnguyen/php/booking-ticket-api/vendor/laravel/framework/src/Illuminate/Database/Console/Seeds/SeedCommand.php(63): Illuminate\\Database\\Seeder->__invoke()
#31 /home/hoangnguyen/php/booking-ticket-api/vendor/laravel/framework/src/Illuminate/Database/Eloquent/Concerns/GuardsAttributes.php(129): Illuminate\\Database\\Console\\Seeds\\SeedCommand->Illuminate\\Database\\Console\\Seeds\\{closure}()
#32 /home/hoangnguyen/php/booking-ticket-api/vendor/laravel/framework/src/Illuminate/Database/Console/Seeds/SeedCommand.php(64): Illuminate\\Database\\Eloquent\\Model::unguarded()
#33 /home/hoangnguyen/php/booking-ticket-api/vendor/laravel/framework/src/Illuminate/Container/BoundMethod.php(36): Illuminate\\Database\\Console\\Seeds\\SeedCommand->handle()
#34 /home/hoangnguyen/php/booking-ticket-api/vendor/laravel/framework/src/Illuminate/Container/Util.php(37): Illuminate\\Container\\BoundMethod::Illuminate\\Container\\{closure}()
#35 /home/hoangnguyen/php/booking-ticket-api/vendor/laravel/framework/src/Illuminate/Container/BoundMethod.php(93): Illuminate\\Container\\Util::unwrapIfClosure()
#36 /home/hoangnguyen/php/booking-ticket-api/vendor/laravel/framework/src/Illuminate/Container/BoundMethod.php(37): Illuminate\\Container\\BoundMethod::callBoundMethod()
#37 /home/hoangnguyen/php/booking-ticket-api/vendor/laravel/framework/src/Illuminate/Container/Container.php(590): Illuminate\\Container\\BoundMethod::call()
#38 /home/hoangnguyen/php/booking-ticket-api/vendor/laravel/framework/src/Illuminate/Console/Command.php(134): Illuminate\\Container\\Container->call()
#39 /home/hoangnguyen/php/booking-ticket-api/vendor/symfony/console/Command/Command.php(255): Illuminate\\Console\\Command->execute()
#40 /home/hoangnguyen/php/booking-ticket-api/vendor/laravel/framework/src/Illuminate/Console/Command.php(121): Symfony\\Component\\Console\\Command\\Command->run()
#41 /home/hoangnguyen/php/booking-ticket-api/vendor/laravel/framework/src/Illuminate/Console/Concerns/CallsCommands.php(56): Illuminate\\Console\\Command->run()
#42 /home/hoangnguyen/php/booking-ticket-api/vendor/laravel/framework/src/Illuminate/Console/Concerns/CallsCommands.php(28): Illuminate\\Console\\Command->runCommand()
#43 /home/hoangnguyen/php/booking-ticket-api/vendor/laravel/framework/src/Illuminate/Database/Console/Migrations/RefreshCommand.php(126): Illuminate\\Console\\Command->call()
#44 /home/hoangnguyen/php/booking-ticket-api/vendor/laravel/framework/src/Illuminate/Database/Console/Migrations/RefreshCommand.php(67): Illuminate\\Database\\Console\\Migrations\\RefreshCommand->runSeeder()
#45 /home/hoangnguyen/php/booking-ticket-api/vendor/laravel/framework/src/Illuminate/Container/BoundMethod.php(36): Illuminate\\Database\\Console\\Migrations\\RefreshCommand->handle()
#46 /home/hoangnguyen/php/booking-ticket-api/vendor/laravel/framework/src/Illuminate/Container/Util.php(37): Illuminate\\Container\\BoundMethod::Illuminate\\Container\\{closure}()
#47 /home/hoangnguyen/php/booking-ticket-api/vendor/laravel/framework/src/Illuminate/Container/BoundMethod.php(93): Illuminate\\Container\\Util::unwrapIfClosure()
#48 /home/hoangnguyen/php/booking-ticket-api/vendor/laravel/framework/src/Illuminate/Container/BoundMethod.php(37): Illuminate\\Container\\BoundMethod::callBoundMethod()
#49 /home/hoangnguyen/php/booking-ticket-api/vendor/laravel/framework/src/Illuminate/Container/Container.php(590): Illuminate\\Container\\BoundMethod::call()
#50 /home/hoangnguyen/php/booking-ticket-api/vendor/laravel/framework/src/Illuminate/Console/Command.php(134): Illuminate\\Container\\Container->call()
#51 /home/hoangnguyen/php/booking-ticket-api/vendor/symfony/console/Command/Command.php(255): Illuminate\\Console\\Command->execute()
#52 /home/hoangnguyen/php/booking-ticket-api/vendor/laravel/framework/src/Illuminate/Console/Command.php(121): Symfony\\Component\\Console\\Command\\Command->run()
#53 /home/hoangnguyen/php/booking-ticket-api/vendor/symfony/console/Application.php(1009): Illuminate\\Console\\Command->run()
#54 /home/hoangnguyen/php/booking-ticket-api/vendor/symfony/console/Application.php(273): Symfony\\Component\\Console\\Application->doRunCommand()
#55 /home/hoangnguyen/php/booking-ticket-api/vendor/symfony/console/Application.php(149): Symfony\\Component\\Console\\Application->doRun()
#56 /home/hoangnguyen/php/booking-ticket-api/vendor/laravel/framework/src/Illuminate/Console/Application.php(93): Symfony\\Component\\Console\\Application->run()
#57 /home/hoangnguyen/php/booking-ticket-api/vendor/laravel/framework/src/Illuminate/Foundation/Console/Kernel.php(131): Illuminate\\Console\\Application->run()
#58 /home/hoangnguyen/php/booking-ticket-api/artisan(37): Illuminate\\Foundation\\Console\\Kernel->handle()
#59 {main}

[previous exception] [object] (PDOException(code: 42S22): SQLSTATE[42S22]: Column not found: 1054 Unknown column 'is_admin' in 'field list' at /home/hoangnguyen/php/booking-ticket-api/vendor/laravel/framework/src/Illuminate/Database/Connection.php:457)
[stacktrace]
#0 /home/hoangnguyen/php/booking-ticket-api/vendor/laravel/framework/src/Illuminate/Database/Connection.php(457): PDO->prepare()
#1 /home/hoangnguyen/php/booking-ticket-api/vendor/laravel/framework/src/Illuminate/Database/Connection.php(662): Illuminate\\Database\\Connection->Illuminate\\Database\\{closure}()
#2 /home/hoangnguyen/php/booking-ticket-api/vendor/laravel/framework/src/Illuminate/Database/Connection.php(629): Illuminate\\Database\\Connection->runQueryCallback()
#3 /home/hoangnguyen/php/booking-ticket-api/vendor/laravel/framework/src/Illuminate/Database/Connection.php(464): Illuminate\\Database\\Connection->run()
#4 /home/hoangnguyen/php/booking-ticket-api/vendor/laravel/framework/src/Illuminate/Database/Connection.php(416): Illuminate\\Database\\Connection->statement()
#5 /home/hoangnguyen/php/booking-ticket-api/vendor/laravel/framework/src/Illuminate/Database/Query/Processors/Processor.php(32): Illuminate\\Database\\Connection->insert()
#6 /home/hoangnguyen/php/booking-ticket-api/vendor/laravel/framework/src/Illuminate/Database/Query/Builder.php(2705): Illuminate\\Database\\Query\\Processors\\Processor->processInsertGetId()
#7 /home/hoangnguyen/php/booking-ticket-api/vendor/laravel/framework/src/Illuminate/Database/Eloquent/Builder.php(1385): Illuminate\\Database\\Query\\Builder->insertGetId()
#8 /home/hoangnguyen/php/booking-ticket-api/vendor/laravel/framework/src/Illuminate/Database/Eloquent/Model.php(840): Illuminate\\Database\\Eloquent\\Builder->__call()
#9 /home/hoangnguyen/php/booking-ticket-api/vendor/laravel/framework/src/Illuminate/Database/Eloquent/Model.php(805): Illuminate\\Database\\Eloquent\\Model->insertAndSetId()
#10 /home/hoangnguyen/php/booking-ticket-api/vendor/laravel/framework/src/Illuminate/Database/Eloquent/Model.php(668): Illuminate\\Database\\Eloquent\\Model->performInsert()
#11 /home/hoangnguyen/php/booking-ticket-api/vendor/laravel/framework/src/Illuminate/Database/Eloquent/Builder.php(774): Illuminate\\Database\\Eloquent\\Model->save()
#12 /home/hoangnguyen/php/booking-ticket-api/vendor/laravel/framework/src/Illuminate/Support/helpers.php(422): Illuminate\\Database\\Eloquent\\Builder->Illuminate\\Database\\Eloquent\\{closure}()
#13 /home/hoangnguyen/php/booking-ticket-api/vendor/laravel/framework/src/Illuminate/Database/Eloquent/Builder.php(775): tap()
#14 /home/hoangnguyen/php/booking-ticket-api/vendor/laravel/framework/src/Illuminate/Support/Traits/ForwardsCalls.php(23): Illuminate\\Database\\Eloquent\\Builder->create()
#15 /home/hoangnguyen/php/booking-ticket-api/vendor/laravel/framework/src/Illuminate/Database/Eloquent/Model.php(1622): Illuminate\\Database\\Eloquent\\Model->forwardCallTo()
#16 /home/hoangnguyen/php/booking-ticket-api/vendor/laravel/framework/src/Illuminate/Database/Eloquent/Model.php(1634): Illuminate\\Database\\Eloquent\\Model->__call()
#17 /home/hoangnguyen/php/booking-ticket-api/database/seeds/UsersTableSeeder.php(16): Illuminate\\Database\\Eloquent\\Model::__callStatic()
#18 /home/hoangnguyen/php/booking-ticket-api/vendor/laravel/framework/src/Illuminate/Container/BoundMethod.php(36): UsersTableSeeder->run()
#19 /home/hoangnguyen/php/booking-ticket-api/vendor/laravel/framework/src/Illuminate/Container/Util.php(37): Illuminate\\Container\\BoundMethod::Illuminate\\Container\\{closure}()
#20 /home/hoangnguyen/php/booking-ticket-api/vendor/laravel/framework/src/Illuminate/Container/BoundMethod.php(93): Illuminate\\Container\\Util::unwrapIfClosure()
#21 /home/hoangnguyen/php/booking-ticket-api/vendor/laravel/framework/src/Illuminate/Container/BoundMethod.php(37): Illuminate\\Container\\BoundMethod::callBoundMethod()
#22 /home/hoangnguyen/php/booking-ticket-api/vendor/laravel/framework/src/Illuminate/Container/Container.php(590): Illuminate\\Container\\BoundMethod::call()
#23 /home/hoangnguyen/php/booking-ticket-api/vendor/laravel/framework/src/Illuminate/Database/Seeder.php(134): Illuminate\\Container\\Container->call()
#24 /home/hoangnguyen/php/booking-ticket-api/vendor/laravel/framework/src/Illuminate/Database/Seeder.php(48): Illuminate\\Database\\Seeder->__invoke()
#25 /home/hoangnguyen/php/booking-ticket-api/database/seeds/DatabaseSeeder.php(14): Illuminate\\Database\\Seeder->call()
#26 /home/hoangnguyen/php/booking-ticket-api/vendor/laravel/framework/src/Illuminate/Container/BoundMethod.php(36): DatabaseSeeder->run()
#27 /home/hoangnguyen/php/booking-ticket-api/vendor/laravel/framework/src/Illuminate/Container/Util.php(37): Illuminate\\Container\\BoundMethod::Illuminate\\Container\\{closure}()
#28 /home/hoangnguyen/php/booking-ticket-api/vendor/laravel/framework/src/Illuminate/Container/BoundMethod.php(93): Illuminate\\Container\\Util::unwrapIfClosure()
#29 /home/hoangnguyen/php/booking-ticket-api/vendor/laravel/framework/src/Illuminate/Container/BoundMethod.php(37): Illuminate\\Container\\BoundMethod::callBoundMethod()
#30 /home/hoangnguyen/php/booking-ticket-api/vendor/laravel/framework/src/Illuminate/Container/Container.php(590): Illuminate\\Container\\BoundMethod::call()
#31 /home/hoangnguyen/php/booking-ticket-api/vendor/laravel/framework/src/Illuminate/Database/Seeder.php(134): Illuminate\\Container\\Container->call()
#32 /home/hoangnguyen/php/booking-ticket-api/vendor/laravel/framework/src/Illuminate/Database/Console/Seeds/SeedCommand.php(63): Illuminate\\Database\\Seeder->__invoke()
#33 /home/hoangnguyen/php/booking-ticket-api/vendor/laravel/framework/src/Illuminate/Database/Eloquent/Concerns/GuardsAttributes.php(129): Illuminate\\Database\\Console\\Seeds\\SeedCommand->Illuminate\\Database\\Console\\Seeds\\{closure}()
#34 /home/hoangnguyen/php/booking-ticket-api/vendor/laravel/framework/src/Illuminate/Database/Console/Seeds/SeedCommand.php(64): Illuminate\\Database\\Eloquent\\Model::unguarded()
#35 /home/hoangnguyen/php/booking-ticket-api/vendor/laravel/framework/src/Illuminate/Container/BoundMethod.php(36): Illuminate\\Database\\Console\\Seeds\\SeedCommand->handle()
#36 /home/hoangnguyen/php/booking-ticket-api/vendor/laravel/framework/src/Illuminate/Container/Util.php(37): Illuminate\\Container\\BoundMethod::Illuminate\\Container\\{closure}()
#37 /home/hoangnguyen/php/booking-ticket-api/vendor/laravel/framework/src/Illuminate/Container/BoundMethod.php(93): Illuminate\\Container\\Util::unwrapIfClosure()
#38 /home/hoangnguyen/php/booking-ticket-api/vendor/laravel/framework/src/Illuminate/Container/BoundMethod.php(37): Illuminate\\Container\\BoundMethod::callBoundMethod()
#39 /home/hoangnguyen/php/booking-ticket-api/vendor/laravel/framework/src/Illuminate/Container/Container.php(590): Illuminate\\Container\\BoundMethod::call()
#40 /home/hoangnguyen/php/booking-ticket-api/vendor/laravel/framework/src/Illuminate/Console/Command.php(134): Illuminate\\Container\\Container->call()
#41 /home/hoangnguyen/php/booking-ticket-api/vendor/symfony/console/Command/Command.php(255): Illuminate\\Console\\Command->execute()
#42 /home/hoangnguyen/php/booking-ticket-api/vendor/laravel/framework/src/Illuminate/Console/Command.php(121): Symfony\\Component\\Console\\Command\\Command->run()
#43 /home/hoangnguyen/php/booking-ticket-api/vendor/laravel/framework/src/Illuminate/Console/Concerns/CallsCommands.php(56): Illuminate\\Console\\Command->run()
#44 /home/hoangnguyen/php/booking-ticket-api/vendor/laravel/framework/src/Illuminate/Console/Concerns/CallsCommands.php(28): Illuminate\\Console\\Command->runCommand()
#45 /home/hoangnguyen/php/booking-ticket-api/vendor/laravel/framework/src/Illuminate/Database/Console/Migrations/RefreshCommand.php(126): Illuminate\\Console\\Command->call()
#46 /home/hoangnguyen/php/booking-ticket-api/vendor/laravel/framework/src/Illuminate/Database/Console/Migrations/RefreshCommand.php(67): Illuminate\\Database\\Console\\Migrations\\RefreshCommand->runSeeder()
#47 /home/hoangnguyen/php/booking-ticket-api/vendor/laravel/framework/src/Illuminate/Container/BoundMethod.php(36): Illuminate\\Database\\Console\\Migrations\\RefreshCommand->handle()
#48 /home/hoangnguyen/php/booking-ticket-api/vendor/laravel/framework/src/Illuminate/Container/Util.php(37): Illuminate\\Container\\BoundMethod::Illuminate\\Container\\{closure}()
#49 /home/hoangnguyen/php/booking-ticket-api/vendor/laravel/framework/src/Illuminate/Container/BoundMethod.php(93): Illuminate\\Container\\Util::unwrapIfClosure()
#50 /home/hoangnguyen/php/booking-ticket-api/vendor/laravel/framework/src/Illuminate/Container/BoundMethod.php(37): Illuminate\\Container\\BoundMethod::callBoundMethod()
#51 /home/hoangnguyen/php/booking-ticket-api/vendor/laravel/framework/src/Illuminate/Container/Container.php(590): Illuminate\\Container\\BoundMethod::call()
#52 /home/hoangnguyen/php/booking-ticket-api/vendor/laravel/framework/src/Illuminate/Console/Command.php(134): Illuminate\\Container\\Container->call()
#53 /home/hoangnguyen/php/booking-ticket-api/vendor/symfony/console/Command/Command.php(255): Illuminate\\Console\\Command->execute()
#54 /home/hoangnguyen/php/booking-ticket-api/vendor/laravel/framework/src/Illuminate/Console/Command.php(121): Symfony\\Component\\Console\\Command\\Command->run()
#55 /home/hoangnguyen/php/booking-ticket-api/vendor/symfony/console/Application.php(1009): Illuminate\\Console\\Command->run()
#56 /home/hoangnguyen/php/booking-ticket-api/vendor/symfony/console/Application.php(273): Symfony\\Component\\Console\\Application->doRunCommand()
#57 /home/hoangnguyen/php/booking-ticket-api/vendor/symfony/console/Application.php(149): Symfony\\Component\\Console\\Application->doRun()
#58 /home/hoangnguyen/php/booking-ticket-api/vendor/laravel/framework/src/Illuminate/Console/Application.php(93): Symfony\\Component\\Console\\Application->run()
#59 /home/hoangnguyen/php/booking-ticket-api/vendor/laravel/framework/src/Illuminate/Foundation/Console/Kernel.php(131): Illuminate\\Console\\Application->run()
#60 /home/hoangnguyen/php/booking-ticket-api/artisan(37): Illuminate\\Foundation\\Console\\Kernel->handle()
#61 {main}
"} 
[2021-06-05 13:22:24] local.ERROR: Undefined variable: guard {"exception":"[object] (ErrorException(code: 0): Undefined variable: guard at /home/hoangnguyen/php/booking-ticket-api/app/Http/Middleware/AssignGuard.php:18)
[stacktrace]
#0 /home/hoangnguyen/php/booking-ticket-api/app/Http/Middleware/AssignGuard.php(18): Illuminate\\Foundation\\Bootstrap\\HandleExceptions->handleError()
#1 /home/hoangnguyen/php/booking-ticket-api/vendor/laravel/framework/src/Illuminate/Pipeline/Pipeline.php(171): App\\Http\\Middleware\\AssignGuard->handle()
#2 /home/hoangnguyen/php/booking-ticket-api/vendor/laravel/framework/src/Illuminate/Routing/Middleware/SubstituteBindings.php(41): Illuminate\\Pipeline\\Pipeline->Illuminate\\Pipeline\\{closure}()
#3 /home/hoangnguyen/php/booking-ticket-api/vendor/laravel/framework/src/Illuminate/Pipeline/Pipeline.php(171): Illuminate\\Routing\\Middleware\\SubstituteBindings->handle()
#4 /home/hoangnguyen/php/booking-ticket-api/vendor/laravel/framework/src/Illuminate/Routing/Middleware/ThrottleRequests.php(59): Illuminate\\Pipeline\\Pipeline->Illuminate\\Pipeline\\{closure}()
#5 /home/hoangnguyen/php/booking-ticket-api/vendor/laravel/framework/src/Illuminate/Pipeline/Pipeline.php(171): Illuminate\\Routing\\Middleware\\ThrottleRequests->handle()
#6 /home/hoangnguyen/php/booking-ticket-api/vendor/laravel/framework/src/Illuminate/Pipeline/Pipeline.php(105): Illuminate\\Pipeline\\Pipeline->Illuminate\\Pipeline\\{closure}()
#7 /home/hoangnguyen/php/booking-ticket-api/vendor/laravel/framework/src/Illuminate/Routing/Router.php(683): Illuminate\\Pipeline\\Pipeline->then()
#8 /home/hoangnguyen/php/booking-ticket-api/vendor/laravel/framework/src/Illuminate/Routing/Router.php(658): Illuminate\\Routing\\Router->runRouteWithinStack()
#9 /home/hoangnguyen/php/booking-ticket-api/vendor/laravel/framework/src/Illuminate/Routing/Router.php(624): Illuminate\\Routing\\Router->runRoute()
#10 /home/hoangnguyen/php/booking-ticket-api/vendor/laravel/framework/src/Illuminate/Routing/Router.php(613): Illuminate\\Routing\\Router->dispatchToRoute()
#11 /home/hoangnguyen/php/booking-ticket-api/vendor/laravel/framework/src/Illuminate/Foundation/Http/Kernel.php(170): Illuminate\\Routing\\Router->dispatch()
#12 /home/hoangnguyen/php/booking-ticket-api/vendor/laravel/framework/src/Illuminate/Pipeline/Pipeline.php(130): Illuminate\\Foundation\\Http\\Kernel->Illuminate\\Foundation\\Http\\{closure}()
#13 /home/hoangnguyen/php/booking-ticket-api/vendor/barryvdh/laravel-cors/src/HandleCors.php(36): Illuminate\\Pipeline\\Pipeline->Illuminate\\Pipeline\\{closure}()
#14 /home/hoangnguyen/php/booking-ticket-api/vendor/laravel/framework/src/Illuminate/Pipeline/Pipeline.php(171): Barryvdh\\Cors\\HandleCors->handle()
#15 /home/hoangnguyen/php/booking-ticket-api/vendor/laravel/framework/src/Illuminate/Foundation/Http/Middleware/TransformsRequest.php(21): Illuminate\\Pipeline\\Pipeline->Illuminate\\Pipeline\\{closure}()
#16 /home/hoangnguyen/php/booking-ticket-api/vendor/laravel/framework/src/Illuminate/Pipeline/Pipeline.php(171): Illuminate\\Foundation\\Http\\Middleware\\TransformsRequest->handle()
#17 /home/hoangnguyen/php/booking-ticket-api/vendor/laravel/framework/src/Illuminate/Foundation/Http/Middleware/TransformsRequest.php(21): Illuminate\\Pipeline\\Pipeline->Illuminate\\Pipeline\\{closure}()
#18 /home/hoangnguyen/php/booking-ticket-api/vendor/laravel/framework/src/Illuminate/Pipeline/Pipeline.php(171): Illuminate\\Foundation\\Http\\Middleware\\TransformsRequest->handle()
#19 /home/hoangnguyen/php/booking-ticket-api/vendor/laravel/framework/src/Illuminate/Foundation/Http/Middleware/ValidatePostSize.php(27): Illuminate\\Pipeline\\Pipeline->Illuminate\\Pipeline\\{closure}()
#20 /home/hoangnguyen/php/booking-ticket-api/vendor/laravel/framework/src/Illuminate/Pipeline/Pipeline.php(171): Illuminate\\Foundation\\Http\\Middleware\\ValidatePostSize->handle()
#21 /home/hoangnguyen/php/booking-ticket-api/vendor/laravel/framework/src/Illuminate/Foundation/Http/Middleware/CheckForMaintenanceMode.php(63): Illuminate\\Pipeline\\Pipeline->Illuminate\\Pipeline\\{closure}()
#22 /home/hoangnguyen/php/booking-ticket-api/vendor/laravel/framework/src/Illuminate/Pipeline/Pipeline.php(171): Illuminate\\Foundation\\Http\\Middleware\\CheckForMaintenanceMode->handle()
#23 /home/hoangnguyen/php/booking-ticket-api/vendor/fideloper/proxy/src/TrustProxies.php(57): Illuminate\\Pipeline\\Pipeline->Illuminate\\Pipeline\\{closure}()
#24 /home/hoangnguyen/php/booking-ticket-api/vendor/laravel/framework/src/Illuminate/Pipeline/Pipeline.php(171): Fideloper\\Proxy\\TrustProxies->handle()
#25 /home/hoangnguyen/php/booking-ticket-api/vendor/laravel/framework/src/Illuminate/Pipeline/Pipeline.php(105): Illuminate\\Pipeline\\Pipeline->Illuminate\\Pipeline\\{closure}()
#26 /home/hoangnguyen/php/booking-ticket-api/vendor/laravel/framework/src/Illuminate/Foundation/Http/Kernel.php(145): Illuminate\\Pipeline\\Pipeline->then()
#27 /home/hoangnguyen/php/booking-ticket-api/vendor/laravel/framework/src/Illuminate/Foundation/Http/Kernel.php(110): Illuminate\\Foundation\\Http\\Kernel->sendRequestThroughRouter()
#28 /home/hoangnguyen/php/booking-ticket-api/public/index.php(55): Illuminate\\Foundation\\Http\\Kernel->handle()
#29 /home/hoangnguyen/php/booking-ticket-api/server.php(21): require_once('/home/hoangnguy...')
#30 {main}
"} 
[2021-06-05 13:22:46] local.ERROR: Undefined variable: guard {"exception":"[object] (ErrorException(code: 0): Undefined variable: guard at /home/hoangnguyen/php/booking-ticket-api/app/Http/Middleware/AssignGuard.php:18)
[stacktrace]
#0 /home/hoangnguyen/php/booking-ticket-api/app/Http/Middleware/AssignGuard.php(18): Illuminate\\Foundation\\Bootstrap\\HandleExceptions->handleError()
#1 /home/hoangnguyen/php/booking-ticket-api/vendor/laravel/framework/src/Illuminate/Pipeline/Pipeline.php(171): App\\Http\\Middleware\\AssignGuard->handle()
#2 /home/hoangnguyen/php/booking-ticket-api/vendor/laravel/framework/src/Illuminate/Routing/Middleware/SubstituteBindings.php(41): Illuminate\\Pipeline\\Pipeline->Illuminate\\Pipeline\\{closure}()
#3 /home/hoangnguyen/php/booking-ticket-api/vendor/laravel/framework/src/Illuminate/Pipeline/Pipeline.php(171): Illuminate\\Routing\\Middleware\\SubstituteBindings->handle()
#4 /home/hoangnguyen/php/booking-ticket-api/vendor/laravel/framework/src/Illuminate/Routing/Middleware/ThrottleRequests.php(59): Illuminate\\Pipeline\\Pipeline->Illuminate\\Pipeline\\{closure}()
#5 /home/hoangnguyen/php/booking-ticket-api/vendor/laravel/framework/src/Illuminate/Pipeline/Pipeline.php(171): Illuminate\\Routing\\Middleware\\ThrottleRequests->handle()
#6 /home/hoangnguyen/php/booking-ticket-api/vendor/laravel/framework/src/Illuminate/Pipeline/Pipeline.php(105): Illuminate\\Pipeline\\Pipeline->Illuminate\\Pipeline\\{closure}()
#7 /home/hoangnguyen/php/booking-ticket-api/vendor/laravel/framework/src/Illuminate/Routing/Router.php(683): Illuminate\\Pipeline\\Pipeline->then()
#8 /home/hoangnguyen/php/booking-ticket-api/vendor/laravel/framework/src/Illuminate/Routing/Router.php(658): Illuminate\\Routing\\Router->runRouteWithinStack()
#9 /home/hoangnguyen/php/booking-ticket-api/vendor/laravel/framework/src/Illuminate/Routing/Router.php(624): Illuminate\\Routing\\Router->runRoute()
#10 /home/hoangnguyen/php/booking-ticket-api/vendor/laravel/framework/src/Illuminate/Routing/Router.php(613): Illuminate\\Routing\\Router->dispatchToRoute()
#11 /home/hoangnguyen/php/booking-ticket-api/vendor/laravel/framework/src/Illuminate/Foundation/Http/Kernel.php(170): Illuminate\\Routing\\Router->dispatch()
#12 /home/hoangnguyen/php/booking-ticket-api/vendor/laravel/framework/src/Illuminate/Pipeline/Pipeline.php(130): Illuminate\\Foundation\\Http\\Kernel->Illuminate\\Foundation\\Http\\{closure}()
#13 /home/hoangnguyen/php/booking-ticket-api/vendor/barryvdh/laravel-cors/src/HandleCors.php(36): Illuminate\\Pipeline\\Pipeline->Illuminate\\Pipeline\\{closure}()
#14 /home/hoangnguyen/php/booking-ticket-api/vendor/laravel/framework/src/Illuminate/Pipeline/Pipeline.php(171): Barryvdh\\Cors\\HandleCors->handle()
#15 /home/hoangnguyen/php/booking-ticket-api/vendor/laravel/framework/src/Illuminate/Foundation/Http/Middleware/TransformsRequest.php(21): Illuminate\\Pipeline\\Pipeline->Illuminate\\Pipeline\\{closure}()
#16 /home/hoangnguyen/php/booking-ticket-api/vendor/laravel/framework/src/Illuminate/Pipeline/Pipeline.php(171): Illuminate\\Foundation\\Http\\Middleware\\TransformsRequest->handle()
#17 /home/hoangnguyen/php/booking-ticket-api/vendor/laravel/framework/src/Illuminate/Foundation/Http/Middleware/TransformsRequest.php(21): Illuminate\\Pipeline\\Pipeline->Illuminate\\Pipeline\\{closure}()
#18 /home/hoangnguyen/php/booking-ticket-api/vendor/laravel/framework/src/Illuminate/Pipeline/Pipeline.php(171): Illuminate\\Foundation\\Http\\Middleware\\TransformsRequest->handle()
#19 /home/hoangnguyen/php/booking-ticket-api/vendor/laravel/framework/src/Illuminate/Foundation/Http/Middleware/ValidatePostSize.php(27): Illuminate\\Pipeline\\Pipeline->Illuminate\\Pipeline\\{closure}()
#20 /home/hoangnguyen/php/booking-ticket-api/vendor/laravel/framework/src/Illuminate/Pipeline/Pipeline.php(171): Illuminate\\Foundation\\Http\\Middleware\\ValidatePostSize->handle()
#21 /home/hoangnguyen/php/booking-ticket-api/vendor/laravel/framework/src/Illuminate/Foundation/Http/Middleware/CheckForMaintenanceMode.php(63): Illuminate\\Pipeline\\Pipeline->Illuminate\\Pipeline\\{closure}()
#22 /home/hoangnguyen/php/booking-ticket-api/vendor/laravel/framework/src/Illuminate/Pipeline/Pipeline.php(171): Illuminate\\Foundation\\Http\\Middleware\\CheckForMaintenanceMode->handle()
#23 /home/hoangnguyen/php/booking-ticket-api/vendor/fideloper/proxy/src/TrustProxies.php(57): Illuminate\\Pipeline\\Pipeline->Illuminate\\Pipeline\\{closure}()
#24 /home/hoangnguyen/php/booking-ticket-api/vendor/laravel/framework/src/Illuminate/Pipeline/Pipeline.php(171): Fideloper\\Proxy\\TrustProxies->handle()
#25 /home/hoangnguyen/php/booking-ticket-api/vendor/laravel/framework/src/Illuminate/Pipeline/Pipeline.php(105): Illuminate\\Pipeline\\Pipeline->Illuminate\\Pipeline\\{closure}()
#26 /home/hoangnguyen/php/booking-ticket-api/vendor/laravel/framework/src/Illuminate/Foundation/Http/Kernel.php(145): Illuminate\\Pipeline\\Pipeline->then()
#27 /home/hoangnguyen/php/booking-ticket-api/vendor/laravel/framework/src/Illuminate/Foundation/Http/Kernel.php(110): Illuminate\\Foundation\\Http\\Kernel->sendRequestThroughRouter()
#28 /home/hoangnguyen/php/booking-ticket-api/public/index.php(55): Illuminate\\Foundation\\Http\\Kernel->handle()
#29 /home/hoangnguyen/php/booking-ticket-api/server.php(21): require_once('/home/hoangnguy...')
#30 {main}
"} 
[2021-06-05 13:22:59] local.ERROR: Undefined variable: guard {"exception":"[object] (ErrorException(code: 0): Undefined variable: guard at /home/hoangnguyen/php/booking-ticket-api/app/Http/Middleware/AssignGuard.php:18)
[stacktrace]
#0 /home/hoangnguyen/php/booking-ticket-api/app/Http/Middleware/AssignGuard.php(18): Illuminate\\Foundation\\Bootstrap\\HandleExceptions->handleError()
#1 /home/hoangnguyen/php/booking-ticket-api/vendor/laravel/framework/src/Illuminate/Pipeline/Pipeline.php(171): App\\Http\\Middleware\\AssignGuard->handle()
#2 /home/hoangnguyen/php/booking-ticket-api/vendor/laravel/framework/src/Illuminate/Routing/Middleware/SubstituteBindings.php(41): Illuminate\\Pipeline\\Pipeline->Illuminate\\Pipeline\\{closure}()
#3 /home/hoangnguyen/php/booking-ticket-api/vendor/laravel/framework/src/Illuminate/Pipeline/Pipeline.php(171): Illuminate\\Routing\\Middleware\\SubstituteBindings->handle()
#4 /home/hoangnguyen/php/booking-ticket-api/vendor/laravel/framework/src/Illuminate/Routing/Middleware/ThrottleRequests.php(59): Illuminate\\Pipeline\\Pipeline->Illuminate\\Pipeline\\{closure}()
#5 /home/hoangnguyen/php/booking-ticket-api/vendor/laravel/framework/src/Illuminate/Pipeline/Pipeline.php(171): Illuminate\\Routing\\Middleware\\ThrottleRequests->handle()
#6 /home/hoangnguyen/php/booking-ticket-api/vendor/laravel/framework/src/Illuminate/Pipeline/Pipeline.php(105): Illuminate\\Pipeline\\Pipeline->Illuminate\\Pipeline\\{closure}()
#7 /home/hoangnguyen/php/booking-ticket-api/vendor/laravel/framework/src/Illuminate/Routing/Router.php(683): Illuminate\\Pipeline\\Pipeline->then()
#8 /home/hoangnguyen/php/booking-ticket-api/vendor/laravel/framework/src/Illuminate/Routing/Router.php(658): Illuminate\\Routing\\Router->runRouteWithinStack()
#9 /home/hoangnguyen/php/booking-ticket-api/vendor/laravel/framework/src/Illuminate/Routing/Router.php(624): Illuminate\\Routing\\Router->runRoute()
#10 /home/hoangnguyen/php/booking-ticket-api/vendor/laravel/framework/src/Illuminate/Routing/Router.php(613): Illuminate\\Routing\\Router->dispatchToRoute()
#11 /home/hoangnguyen/php/booking-ticket-api/vendor/laravel/framework/src/Illuminate/Foundation/Http/Kernel.php(170): Illuminate\\Routing\\Router->dispatch()
#12 /home/hoangnguyen/php/booking-ticket-api/vendor/laravel/framework/src/Illuminate/Pipeline/Pipeline.php(130): Illuminate\\Foundation\\Http\\Kernel->Illuminate\\Foundation\\Http\\{closure}()
#13 /home/hoangnguyen/php/booking-ticket-api/vendor/barryvdh/laravel-cors/src/HandleCors.php(36): Illuminate\\Pipeline\\Pipeline->Illuminate\\Pipeline\\{closure}()
#14 /home/hoangnguyen/php/booking-ticket-api/vendor/laravel/framework/src/Illuminate/Pipeline/Pipeline.php(171): Barryvdh\\Cors\\HandleCors->handle()
#15 /home/hoangnguyen/php/booking-ticket-api/vendor/laravel/framework/src/Illuminate/Foundation/Http/Middleware/TransformsRequest.php(21): Illuminate\\Pipeline\\Pipeline->Illuminate\\Pipeline\\{closure}()
#16 /home/hoangnguyen/php/booking-ticket-api/vendor/laravel/framework/src/Illuminate/Pipeline/Pipeline.php(171): Illuminate\\Foundation\\Http\\Middleware\\TransformsRequest->handle()
#17 /home/hoangnguyen/php/booking-ticket-api/vendor/laravel/framework/src/Illuminate/Foundation/Http/Middleware/TransformsRequest.php(21): Illuminate\\Pipeline\\Pipeline->Illuminate\\Pipeline\\{closure}()
#18 /home/hoangnguyen/php/booking-ticket-api/vendor/laravel/framework/src/Illuminate/Pipeline/Pipeline.php(171): Illuminate\\Foundation\\Http\\Middleware\\TransformsRequest->handle()
#19 /home/hoangnguyen/php/booking-ticket-api/vendor/laravel/framework/src/Illuminate/Foundation/Http/Middleware/ValidatePostSize.php(27): Illuminate\\Pipeline\\Pipeline->Illuminate\\Pipeline\\{closure}()
#20 /home/hoangnguyen/php/booking-ticket-api/vendor/laravel/framework/src/Illuminate/Pipeline/Pipeline.php(171): Illuminate\\Foundation\\Http\\Middleware\\ValidatePostSize->handle()
#21 /home/hoangnguyen/php/booking-ticket-api/vendor/laravel/framework/src/Illuminate/Foundation/Http/Middleware/CheckForMaintenanceMode.php(63): Illuminate\\Pipeline\\Pipeline->Illuminate\\Pipeline\\{closure}()
#22 /home/hoangnguyen/php/booking-ticket-api/vendor/laravel/framework/src/Illuminate/Pipeline/Pipeline.php(171): Illuminate\\Foundation\\Http\\Middleware\\CheckForMaintenanceMode->handle()
#23 /home/hoangnguyen/php/booking-ticket-api/vendor/fideloper/proxy/src/TrustProxies.php(57): Illuminate\\Pipeline\\Pipeline->Illuminate\\Pipeline\\{closure}()
#24 /home/hoangnguyen/php/booking-ticket-api/vendor/laravel/framework/src/Illuminate/Pipeline/Pipeline.php(171): Fideloper\\Proxy\\TrustProxies->handle()
#25 /home/hoangnguyen/php/booking-ticket-api/vendor/laravel/framework/src/Illuminate/Pipeline/Pipeline.php(105): Illuminate\\Pipeline\\Pipeline->Illuminate\\Pipeline\\{closure}()
#26 /home/hoangnguyen/php/booking-ticket-api/vendor/laravel/framework/src/Illuminate/Foundation/Http/Kernel.php(145): Illuminate\\Pipeline\\Pipeline->then()
#27 /home/hoangnguyen/php/booking-ticket-api/vendor/laravel/framework/src/Illuminate/Foundation/Http/Kernel.php(110): Illuminate\\Foundation\\Http\\Kernel->sendRequestThroughRouter()
#28 /home/hoangnguyen/php/booking-ticket-api/public/index.php(55): Illuminate\\Foundation\\Http\\Kernel->handle()
#29 /home/hoangnguyen/php/booking-ticket-api/server.php(21): require_once('/home/hoangnguy...')
#30 {main}
"} 
[2021-06-05 13:26:08] local.ERROR: Undefined variable: guard {"exception":"[object] (ErrorException(code: 0): Undefined variable: guard at /home/hoangnguyen/php/booking-ticket-api/app/Http/Middleware/AssignGuard.php:18)
[stacktrace]
#0 /home/hoangnguyen/php/booking-ticket-api/app/Http/Middleware/AssignGuard.php(18): Illuminate\\Foundation\\Bootstrap\\HandleExceptions->handleError()
#1 /home/hoangnguyen/php/booking-ticket-api/vendor/laravel/framework/src/Illuminate/Pipeline/Pipeline.php(171): App\\Http\\Middleware\\AssignGuard->handle()
#2 /home/hoangnguyen/php/booking-ticket-api/vendor/laravel/framework/src/Illuminate/Routing/Middleware/SubstituteBindings.php(41): Illuminate\\Pipeline\\Pipeline->Illuminate\\Pipeline\\{closure}()
#3 /home/hoangnguyen/php/booking-ticket-api/vendor/laravel/framework/src/Illuminate/Pipeline/Pipeline.php(171): Illuminate\\Routing\\Middleware\\SubstituteBindings->handle()
#4 /home/hoangnguyen/php/booking-ticket-api/vendor/laravel/framework/src/Illuminate/Routing/Middleware/ThrottleRequests.php(59): Illuminate\\Pipeline\\Pipeline->Illuminate\\Pipeline\\{closure}()
#5 /home/hoangnguyen/php/booking-ticket-api/vendor/laravel/framework/src/Illuminate/Pipeline/Pipeline.php(171): Illuminate\\Routing\\Middleware\\ThrottleRequests->handle()
#6 /home/hoangnguyen/php/booking-ticket-api/vendor/laravel/framework/src/Illuminate/Pipeline/Pipeline.php(105): Illuminate\\Pipeline\\Pipeline->Illuminate\\Pipeline\\{closure}()
#7 /home/hoangnguyen/php/booking-ticket-api/vendor/laravel/framework/src/Illuminate/Routing/Router.php(683): Illuminate\\Pipeline\\Pipeline->then()
#8 /home/hoangnguyen/php/booking-ticket-api/vendor/laravel/framework/src/Illuminate/Routing/Router.php(658): Illuminate\\Routing\\Router->runRouteWithinStack()
#9 /home/hoangnguyen/php/booking-ticket-api/vendor/laravel/framework/src/Illuminate/Routing/Router.php(624): Illuminate\\Routing\\Router->runRoute()
#10 /home/hoangnguyen/php/booking-ticket-api/vendor/laravel/framework/src/Illuminate/Routing/Router.php(613): Illuminate\\Routing\\Router->dispatchToRoute()
#11 /home/hoangnguyen/php/booking-ticket-api/vendor/laravel/framework/src/Illuminate/Foundation/Http/Kernel.php(170): Illuminate\\Routing\\Router->dispatch()
#12 /home/hoangnguyen/php/booking-ticket-api/vendor/laravel/framework/src/Illuminate/Pipeline/Pipeline.php(130): Illuminate\\Foundation\\Http\\Kernel->Illuminate\\Foundation\\Http\\{closure}()
#13 /home/hoangnguyen/php/booking-ticket-api/vendor/barryvdh/laravel-cors/src/HandleCors.php(36): Illuminate\\Pipeline\\Pipeline->Illuminate\\Pipeline\\{closure}()
#14 /home/hoangnguyen/php/booking-ticket-api/vendor/laravel/framework/src/Illuminate/Pipeline/Pipeline.php(171): Barryvdh\\Cors\\HandleCors->handle()
#15 /home/hoangnguyen/php/booking-ticket-api/vendor/laravel/framework/src/Illuminate/Foundation/Http/Middleware/TransformsRequest.php(21): Illuminate\\Pipeline\\Pipeline->Illuminate\\Pipeline\\{closure}()
#16 /home/hoangnguyen/php/booking-ticket-api/vendor/laravel/framework/src/Illuminate/Pipeline/Pipeline.php(171): Illuminate\\Foundation\\Http\\Middleware\\TransformsRequest->handle()
#17 /home/hoangnguyen/php/booking-ticket-api/vendor/laravel/framework/src/Illuminate/Foundation/Http/Middleware/TransformsRequest.php(21): Illuminate\\Pipeline\\Pipeline->Illuminate\\Pipeline\\{closure}()
#18 /home/hoangnguyen/php/booking-ticket-api/vendor/laravel/framework/src/Illuminate/Pipeline/Pipeline.php(171): Illuminate\\Foundation\\Http\\Middleware\\TransformsRequest->handle()
#19 /home/hoangnguyen/php/booking-ticket-api/vendor/laravel/framework/src/Illuminate/Foundation/Http/Middleware/ValidatePostSize.php(27): Illuminate\\Pipeline\\Pipeline->Illuminate\\Pipeline\\{closure}()
#20 /home/hoangnguyen/php/booking-ticket-api/vendor/laravel/framework/src/Illuminate/Pipeline/Pipeline.php(171): Illuminate\\Foundation\\Http\\Middleware\\ValidatePostSize->handle()
#21 /home/hoangnguyen/php/booking-ticket-api/vendor/laravel/framework/src/Illuminate/Foundation/Http/Middleware/CheckForMaintenanceMode.php(63): Illuminate\\Pipeline\\Pipeline->Illuminate\\Pipeline\\{closure}()
#22 /home/hoangnguyen/php/booking-ticket-api/vendor/laravel/framework/src/Illuminate/Pipeline/Pipeline.php(171): Illuminate\\Foundation\\Http\\Middleware\\CheckForMaintenanceMode->handle()
#23 /home/hoangnguyen/php/booking-ticket-api/vendor/fideloper/proxy/src/TrustProxies.php(57): Illuminate\\Pipeline\\Pipeline->Illuminate\\Pipeline\\{closure}()
#24 /home/hoangnguyen/php/booking-ticket-api/vendor/laravel/framework/src/Illuminate/Pipeline/Pipeline.php(171): Fideloper\\Proxy\\TrustProxies->handle()
#25 /home/hoangnguyen/php/booking-ticket-api/vendor/laravel/framework/src/Illuminate/Pipeline/Pipeline.php(105): Illuminate\\Pipeline\\Pipeline->Illuminate\\Pipeline\\{closure}()
#26 /home/hoangnguyen/php/booking-ticket-api/vendor/laravel/framework/src/Illuminate/Foundation/Http/Kernel.php(145): Illuminate\\Pipeline\\Pipeline->then()
#27 /home/hoangnguyen/php/booking-ticket-api/vendor/laravel/framework/src/Illuminate/Foundation/Http/Kernel.php(110): Illuminate\\Foundation\\Http\\Kernel->sendRequestThroughRouter()
#28 /home/hoangnguyen/php/booking-ticket-api/public/index.php(55): Illuminate\\Foundation\\Http\\Kernel->handle()
#29 /home/hoangnguyen/php/booking-ticket-api/server.php(21): require_once('/home/hoangnguy...')
#30 {main}
"} 
[2021-06-05 13:31:15] local.ERROR: Undefined variable: guard {"exception":"[object] (ErrorException(code: 0): Undefined variable: guard at /home/hoangnguyen/php/booking-ticket-api/app/Http/Middleware/AssignGuard.php:18)
[stacktrace]
#0 /home/hoangnguyen/php/booking-ticket-api/app/Http/Middleware/AssignGuard.php(18): Illuminate\\Foundation\\Bootstrap\\HandleExceptions->handleError()
#1 /home/hoangnguyen/php/booking-ticket-api/vendor/laravel/framework/src/Illuminate/Pipeline/Pipeline.php(171): App\\Http\\Middleware\\AssignGuard->handle()
#2 /home/hoangnguyen/php/booking-ticket-api/vendor/laravel/framework/src/Illuminate/Routing/Middleware/SubstituteBindings.php(41): Illuminate\\Pipeline\\Pipeline->Illuminate\\Pipeline\\{closure}()
#3 /home/hoangnguyen/php/booking-ticket-api/vendor/laravel/framework/src/Illuminate/Pipeline/Pipeline.php(171): Illuminate\\Routing\\Middleware\\SubstituteBindings->handle()
#4 /home/hoangnguyen/php/booking-ticket-api/vendor/laravel/framework/src/Illuminate/Routing/Middleware/ThrottleRequests.php(59): Illuminate\\Pipeline\\Pipeline->Illuminate\\Pipeline\\{closure}()
#5 /home/hoangnguyen/php/booking-ticket-api/vendor/laravel/framework/src/Illuminate/Pipeline/Pipeline.php(171): Illuminate\\Routing\\Middleware\\ThrottleRequests->handle()
#6 /home/hoangnguyen/php/booking-ticket-api/vendor/laravel/framework/src/Illuminate/Pipeline/Pipeline.php(105): Illuminate\\Pipeline\\Pipeline->Illuminate\\Pipeline\\{closure}()
#7 /home/hoangnguyen/php/booking-ticket-api/vendor/laravel/framework/src/Illuminate/Routing/Router.php(683): Illuminate\\Pipeline\\Pipeline->then()
#8 /home/hoangnguyen/php/booking-ticket-api/vendor/laravel/framework/src/Illuminate/Routing/Router.php(658): Illuminate\\Routing\\Router->runRouteWithinStack()
#9 /home/hoangnguyen/php/booking-ticket-api/vendor/laravel/framework/src/Illuminate/Routing/Router.php(624): Illuminate\\Routing\\Router->runRoute()
#10 /home/hoangnguyen/php/booking-ticket-api/vendor/laravel/framework/src/Illuminate/Routing/Router.php(613): Illuminate\\Routing\\Router->dispatchToRoute()
#11 /home/hoangnguyen/php/booking-ticket-api/vendor/laravel/framework/src/Illuminate/Foundation/Http/Kernel.php(170): Illuminate\\Routing\\Router->dispatch()
#12 /home/hoangnguyen/php/booking-ticket-api/vendor/laravel/framework/src/Illuminate/Pipeline/Pipeline.php(130): Illuminate\\Foundation\\Http\\Kernel->Illuminate\\Foundation\\Http\\{closure}()
#13 /home/hoangnguyen/php/booking-ticket-api/vendor/barryvdh/laravel-cors/src/HandleCors.php(36): Illuminate\\Pipeline\\Pipeline->Illuminate\\Pipeline\\{closure}()
#14 /home/hoangnguyen/php/booking-ticket-api/vendor/laravel/framework/src/Illuminate/Pipeline/Pipeline.php(171): Barryvdh\\Cors\\HandleCors->handle()
#15 /home/hoangnguyen/php/booking-ticket-api/vendor/laravel/framework/src/Illuminate/Foundation/Http/Middleware/TransformsRequest.php(21): Illuminate\\Pipeline\\Pipeline->Illuminate\\Pipeline\\{closure}()
#16 /home/hoangnguyen/php/booking-ticket-api/vendor/laravel/framework/src/Illuminate/Pipeline/Pipeline.php(171): Illuminate\\Foundation\\Http\\Middleware\\TransformsRequest->handle()
#17 /home/hoangnguyen/php/booking-ticket-api/vendor/laravel/framework/src/Illuminate/Foundation/Http/Middleware/TransformsRequest.php(21): Illuminate\\Pipeline\\Pipeline->Illuminate\\Pipeline\\{closure}()
#18 /home/hoangnguyen/php/booking-ticket-api/vendor/laravel/framework/src/Illuminate/Pipeline/Pipeline.php(171): Illuminate\\Foundation\\Http\\Middleware\\TransformsRequest->handle()
#19 /home/hoangnguyen/php/booking-ticket-api/vendor/laravel/framework/src/Illuminate/Foundation/Http/Middleware/ValidatePostSize.php(27): Illuminate\\Pipeline\\Pipeline->Illuminate\\Pipeline\\{closure}()
#20 /home/hoangnguyen/php/booking-ticket-api/vendor/laravel/framework/src/Illuminate/Pipeline/Pipeline.php(171): Illuminate\\Foundation\\Http\\Middleware\\ValidatePostSize->handle()
#21 /home/hoangnguyen/php/booking-ticket-api/vendor/laravel/framework/src/Illuminate/Foundation/Http/Middleware/CheckForMaintenanceMode.php(63): Illuminate\\Pipeline\\Pipeline->Illuminate\\Pipeline\\{closure}()
#22 /home/hoangnguyen/php/booking-ticket-api/vendor/laravel/framework/src/Illuminate/Pipeline/Pipeline.php(171): Illuminate\\Foundation\\Http\\Middleware\\CheckForMaintenanceMode->handle()
#23 /home/hoangnguyen/php/booking-ticket-api/vendor/fideloper/proxy/src/TrustProxies.php(57): Illuminate\\Pipeline\\Pipeline->Illuminate\\Pipeline\\{closure}()
#24 /home/hoangnguyen/php/booking-ticket-api/vendor/laravel/framework/src/Illuminate/Pipeline/Pipeline.php(171): Fideloper\\Proxy\\TrustProxies->handle()
#25 /home/hoangnguyen/php/booking-ticket-api/vendor/laravel/framework/src/Illuminate/Pipeline/Pipeline.php(105): Illuminate\\Pipeline\\Pipeline->Illuminate\\Pipeline\\{closure}()
#26 /home/hoangnguyen/php/booking-ticket-api/vendor/laravel/framework/src/Illuminate/Foundation/Http/Kernel.php(145): Illuminate\\Pipeline\\Pipeline->then()
#27 /home/hoangnguyen/php/booking-ticket-api/vendor/laravel/framework/src/Illuminate/Foundation/Http/Kernel.php(110): Illuminate\\Foundation\\Http\\Kernel->sendRequestThroughRouter()
#28 /home/hoangnguyen/php/booking-ticket-api/public/index.php(55): Illuminate\\Foundation\\Http\\Kernel->handle()
#29 /home/hoangnguyen/php/booking-ticket-api/server.php(21): require_once('/home/hoangnguy...')
#30 {main}
"} 
